{"numTotalTestSuites":2,"numPassedTestSuites":0,"numFailedTestSuites":2,"numPendingTestSuites":0,"numTotalTests":116,"numPassedTests":107,"numFailedTests":9,"numPendingTests":0,"numTodoTests":0,"snapshot":{"added":0,"failure":false,"filesAdded":0,"filesRemoved":0,"filesRemovedList":[],"filesUnmatched":0,"filesUpdated":0,"matched":0,"total":0,"unchecked":0,"uncheckedKeysByFile":[],"unmatched":0,"updated":0,"didUpdate":false},"startTime":1778016570745,"success":false,"testResults":[{"assertionResults":[{"ancestorTitles":["App"],"fullName":"App loads the authoritative timeline from monitoring handoff and opens persisted observation review by timeline ids only","status":"passed","title":"loads the authoritative timeline from monitoring handoff and opens persisted observation review by timeline ids only","duration":540.1573000000001,"failureMessages":[],"meta":{}},{"ancestorTitles":["App"],"fullName":"App fails closed when persisted observation open payload mismatches the selected timeline row","status":"passed","title":"fails closed when persisted observation open payload mismatches the selected timeline row","duration":170.5679,"failureMessages":[],"meta":{}},{"ancestorTitles":["App"],"fullName":"App loads the authoritative timeline from monitoring handoff and opens persisted history review by timeline ids only","status":"passed","title":"loads the authoritative timeline from monitoring handoff and opens persisted history review by timeline ids only","duration":168.5879,"failureMessages":[],"meta":{}},{"ancestorTitles":["App"],"fullName":"App fails closed when persisted history open payload mismatches the selected timeline row","status":"passed","title":"fails closed when persisted history open payload mismatches the selected timeline row","duration":165.94579999999996,"failureMessages":[],"meta":{}},{"ancestorTitles":["App"],"fullName":"App loads the shipped alert review timeline payload directly and reopens both review surfaces by authoritative ids only","status":"passed","title":"loads the shipped alert review timeline payload directly and reopens both review surfaces by authoritative ids only","duration":1.640100000000075,"failureMessages":[],"meta":{}},{"ancestorTitles":["App"],"fullName":"App fails closed on unsupported alert episode contract state in timeline payloads","status":"passed","title":"fails closed on unsupported alert episode contract state in timeline payloads","duration":1.7092000000002372,"failureMessages":[],"meta":{}},{"ancestorTitles":["App"],"fullName":"App loads the shipped recovered queue payload directly and reopens the authoritative timeline by persisted ids only","status":"passed","title":"loads the shipped recovered queue payload directly and reopens the authoritative timeline by persisted ids only","duration":0.9347000000002481,"failureMessages":[],"meta":{}},{"ancestorTitles":["App"],"fullName":"App fails closed on unsupported alert episode contract state in recovered queue payloads","status":"passed","title":"fails closed on unsupported alert episode contract state in recovered queue payloads","duration":0.512000000000171,"failureMessages":[],"meta":{}},{"ancestorTitles":["App"],"fullName":"App accepts the shipped alert episode history payload directly for definition-scoped drill-in discovery","status":"passed","title":"accepts the shipped alert episode history payload directly for definition-scoped drill-in discovery","duration":0.556800000000294,"failureMessages":[],"meta":{}},{"ancestorTitles":["App"],"fullName":"App accepts the shipped active alert episode inbox payload directly for discovery-only open episode rows","status":"passed","title":"accepts the shipped active alert episode inbox payload directly for discovery-only open episode rows","duration":0.48469999999997526,"failureMessages":[],"meta":{}},{"ancestorTitles":["App"],"fullName":"App fails closed on unsupported active alert episode inbox contract state","status":"passed","title":"fails closed on unsupported active alert episode inbox contract state","duration":0.26350000000002183,"failureMessages":[],"meta":{}},{"ancestorTitles":["App"],"fullName":"App fails closed on unsupported alert episode history contract state","status":"passed","title":"fails closed on unsupported alert episode history contract state","duration":0.21129999999993743,"failureMessages":[],"meta":{}},{"ancestorTitles":["App"],"fullName":"App renders the recovered queue from backend payloads and reopens the definition-scoped timeline by authoritative ids","status":"passed","title":"renders the recovered queue from backend payloads and reopens the definition-scoped timeline by authoritative ids","duration":76.85799999999972,"failureMessages":[],"meta":{}},{"ancestorTitles":["App"],"fullName":"App restores cached definition-scoped review state from the authoritative timeline payload","status":"passed","title":"restores cached definition-scoped review state from the authoritative timeline payload","duration":36.06529999999975,"failureMessages":[],"meta":{}},{"ancestorTitles":["App"],"fullName":"App fails closed when definition-scoped alert review restore cannot build the exposure factor model","status":"passed","title":"fails closed when definition-scoped alert review restore cannot build the exposure factor model","duration":14.400699999999688,"failureMessages":[],"meta":{}},{"ancestorTitles":["App"],"fullName":"App fails closed when definition-scoped alert review restore receives invalid imported diagnostics inputs","status":"passed","title":"fails closed when definition-scoped alert review restore receives invalid imported diagnostics inputs","duration":13.128999999999905,"failureMessages":[],"meta":{}},{"ancestorTitles":["App"],"fullName":"App fails closed when definition-scoped alert review restore receives invalid imported dashboard history inputs","status":"passed","title":"fails closed when definition-scoped alert review restore receives invalid imported dashboard history inputs","duration":14.562799999999697,"failureMessages":[],"meta":{}},{"ancestorTitles":["App"],"fullName":"App preserves generic analytics fallback behavior outside definition-scoped alert review restore","status":"passed","title":"preserves generic analytics fallback behavior outside definition-scoped alert review restore","duration":28.134500000000116,"failureMessages":[],"meta":{}},{"ancestorTitles":["App"],"fullName":"App fails closed when the monitoring handoff reaches workspace without a monitor definition id","status":"passed","title":"fails closed when the monitoring handoff reaches workspace without a monitor definition id","duration":60.41789999999992,"failureMessages":[],"meta":{}},{"ancestorTitles":["App"],"fullName":"App adds a new imported snapshot node from Dashboard Add Statement","status":"passed","title":"adds a new imported snapshot node from Dashboard Add Statement","duration":34.52059999999983,"failureMessages":[],"meta":{}},{"ancestorTitles":["App"],"fullName":"App restores appended snapshot from persisted state","status":"passed","title":"restores appended snapshot from persisted state","duration":79.22260000000006,"failureMessages":[],"meta":{}},{"ancestorTitles":["App"],"fullName":"App uses the Tauri picker path and preserves PDF multipart metadata","status":"passed","title":"uses the Tauri picker path and preserves PDF multipart metadata","duration":31.145100000000184,"failureMessages":[],"meta":{}},{"ancestorTitles":["App"],"fullName":"App fails closed when the Tauri file bridge reads an empty PDF","status":"passed","title":"fails closed when the Tauri file bridge reads an empty PDF","duration":29.829600000000028,"failureMessages":[],"meta":{}},{"ancestorTitles":["App"],"fullName":"App maps Tauri analyze-upload network failures to a Tauri import error","status":"passed","title":"maps Tauri analyze-upload network failures to a Tauri import error","duration":29.970100000000002,"failureMessages":[],"meta":{}},{"ancestorTitles":["App"],"fullName":"App times out Tauri analyze-upload requests with a Tauri import error","status":"passed","title":"times out Tauri analyze-upload requests with a Tauri import error","duration":30.49890000000005,"failureMessages":[],"meta":{}},{"ancestorTitles":["App"],"fullName":"App routes the ETF Ranking compatibility tab into the workspace-owned session and keeps Workspace active","status":"passed","title":"routes the ETF Ranking compatibility tab into the workspace-owned session and keeps Workspace active","duration":42.01860000000033,"failureMessages":[],"meta":{}},{"ancestorTitles":["App"],"fullName":"App shows a no-workspace message for compatibility research entrypoints without firing tool requests","status":"passed","title":"shows a no-workspace message for compatibility research entrypoints without firing tool requests","duration":24.27520000000004,"failureMessages":[],"meta":{}},{"ancestorTitles":["App"],"fullName":"App keeps Strategy Lab reachable from the Workspace research tools","status":"passed","title":"keeps Strategy Lab reachable from the Workspace research tools","duration":43.441499999999905,"failureMessages":[],"meta":{}},{"ancestorTitles":["App"],"fullName":"App shows trend and risk overlays above diagnostics on the diagnostics tab","status":"passed","title":"shows trend and risk overlays above diagnostics on the diagnostics tab","duration":45.8438000000001,"failureMessages":[],"meta":{}},{"ancestorTitles":["App"],"fullName":"App refreshes dashboard allocation and cards after adding a statement snapshot","status":"passed","title":"refreshes dashboard allocation and cards after adding a statement snapshot","duration":37.73149999999987,"failureMessages":[],"meta":{}},{"ancestorTitles":["App"],"fullName":"App restores imported startup draft to Dashboard first and preserves Workspace navigation","status":"passed","title":"restores imported startup draft to Dashboard first and preserves Workspace navigation","duration":28.85490000000027,"failureMessages":[],"meta":{}},{"ancestorTitles":["App"],"fullName":"App opens persisted construction artifact review from query param on startup","status":"passed","title":"opens persisted construction artifact review from query param on startup","duration":28.134500000000116,"failureMessages":[],"meta":{}},{"ancestorTitles":["App"],"fullName":"App stops persisted construction artifact open when preview handoff kind is unsupported","status":"passed","title":"stops persisted construction artifact open when preview handoff kind is unsupported","duration":9.593600000000151,"failureMessages":[],"meta":{}},{"ancestorTitles":["App"],"fullName":"App stops persisted construction artifact open when preview handoff artifact mismatches query artifact","status":"passed","title":"stops persisted construction artifact open when preview handoff artifact mismatches query artifact","duration":22.245899999999892,"failureMessages":[],"meta":{}},{"ancestorTitles":["App"],"fullName":"App stops persisted construction artifact open when preflight validation fails","status":"passed","title":"stops persisted construction artifact open when preflight validation fails","duration":15.284099999999853,"failureMessages":[],"meta":{}},{"ancestorTitles":["App"],"fullName":"App stops persisted construction artifact open when preview fails after preflight succeeds","status":"passed","title":"stops persisted construction artifact open when preview fails after preflight succeeds","duration":15.260299999999916,"failureMessages":[],"meta":{}},{"ancestorTitles":["App"],"fullName":"App stops persisted construction artifact open when preview handoff is missing","status":"passed","title":"stops persisted construction artifact open when preview handoff is missing","duration":15.413100000000213,"failureMessages":[],"meta":{}},{"ancestorTitles":["App"],"fullName":"App restores persisted construction artifact review state on startup","status":"passed","title":"restores persisted construction artifact review state on startup","duration":21.77469999999994,"failureMessages":[],"meta":{}},{"ancestorTitles":["App"],"fullName":"App opens persisted optimizer handoff review from query param on startup","status":"passed","title":"opens persisted optimizer handoff review from query param on startup","duration":30.041799999999967,"failureMessages":[],"meta":{}},{"ancestorTitles":["App"],"fullName":"App stops persisted optimizer handoff open when validation replay handoff is missing","status":"passed","title":"stops persisted optimizer handoff open when validation replay handoff is missing","duration":11.544100000000071,"failureMessages":[],"meta":{}},{"ancestorTitles":["App"],"fullName":"App stops persisted optimizer handoff open when validation replay handoff reference mismatches query reference","status":"passed","title":"stops persisted optimizer handoff open when validation replay handoff reference mismatches query reference","duration":10.69990000000007,"failureMessages":[],"meta":{}},{"ancestorTitles":["App"],"fullName":"App stops persisted optimizer handoff open when validation is blocked","status":"passed","title":"stops persisted optimizer handoff open when validation is blocked","duration":18.66870000000017,"failureMessages":[],"meta":{}},{"ancestorTitles":["App"],"fullName":"App stops persisted optimizer handoff open when validation handoff mismatches query reference","status":"passed","title":"stops persisted optimizer handoff open when validation handoff mismatches query reference","duration":11.238800000000083,"failureMessages":[],"meta":{}},{"ancestorTitles":["App"],"fullName":"App stops persisted optimizer handoff open when validation artifact mismatches query reference","status":"passed","title":"stops persisted optimizer handoff open when validation artifact mismatches query reference","duration":20.002799999999752,"failureMessages":[],"meta":{}},{"ancestorTitles":["App"],"fullName":"App allows persisted optimizer handoff open when validation omits artifact id","status":"passed","title":"allows persisted optimizer handoff open when validation omits artifact id","duration":15.529700000000048,"failureMessages":[],"meta":{}},{"ancestorTitles":["App"],"fullName":"App stops persisted optimizer handoff open when replay artifact mismatches query reference","status":"passed","title":"stops persisted optimizer handoff open when replay artifact mismatches query reference","duration":11.054900000000089,"failureMessages":[],"meta":{}},{"ancestorTitles":["App"],"fullName":"App stops persisted optimizer handoff open when replay omits the canonical objective block","status":"passed","title":"stops persisted optimizer handoff open when replay omits the canonical objective block","duration":19.526099999999587,"failureMessages":[],"meta":{}},{"ancestorTitles":["App"],"fullName":"App restores persisted optimizer handoff review state on startup","status":"passed","title":"restores persisted optimizer handoff review state on startup","duration":20.868599999999788,"failureMessages":[],"meta":{}},{"ancestorTitles":["App"],"fullName":"App fails closed when restored persisted optimizer workspace is missing its authoritative persisted review row","status":"passed","title":"fails closed when restored persisted optimizer workspace is missing its authoritative persisted review row","duration":26.370899999999892,"failureMessages":[],"meta":{}},{"ancestorTitles":["App"],"fullName":"App fails closed when restored persisted optimizer workspace source conflicts with handoffReference identity","status":"passed","title":"fails closed when restored persisted optimizer workspace source conflicts with handoffReference identity","duration":16.12810000000036,"failureMessages":[],"meta":{}},{"ancestorTitles":["App"],"fullName":"App fails closed when restored persisted optimizer workspace has a malformed cached reviewBasis envelope","status":"passed","title":"fails closed when restored persisted optimizer workspace has a malformed cached reviewBasis envelope","duration":14.920500000000175,"failureMessages":[],"meta":{}},{"ancestorTitles":["App"],"fullName":"App restores persisted optimizer handoff review state when cached reviewBasis is missing as a documented legacy case","status":"passed","title":"restores persisted optimizer handoff review state when cached reviewBasis is missing as a documented legacy case","duration":21.364399999999932,"failureMessages":[],"meta":{}},{"ancestorTitles":["App"],"fullName":"App normalizes legacy cached artifact review workspaces during restore","status":"passed","title":"normalizes legacy cached artifact review workspaces during restore","duration":12.911800000000312,"failureMessages":[],"meta":{}},{"ancestorTitles":["App"],"fullName":"App restores IB2026 dashboard values consistently from persisted imported state","status":"passed","title":"restores IB2026 dashboard values consistently from persisted imported state","duration":75.35809999999992,"failureMessages":[],"meta":{}},{"ancestorTitles":["App"],"fullName":"App restores FF2026 dashboard values consistently from persisted imported state","status":"passed","title":"restores FF2026 dashboard values consistently from persisted imported state","duration":62.061199999999644,"failureMessages":[],"meta":{}},{"ancestorTitles":["App"],"fullName":"App clears restored import state and persisted session","status":"passed","title":"clears restored import state and persisted session","duration":62.070900000000165,"failureMessages":[],"meta":{}},{"ancestorTitles":["App"],"fullName":"App passes imported bootstrap data into the backtest workspace","status":"passed","title":"passes imported bootstrap data into the backtest workspace","duration":42.197099999999864,"failureMessages":[],"meta":{}},{"ancestorTitles":["App"],"fullName":"App opens Workspace from Monitoring with a dismissible handoff banner","status":"passed","title":"opens Workspace from Monitoring with a dismissible handoff banner","duration":84.46250000000009,"failureMessages":[],"meta":{}},{"ancestorTitles":["App"],"fullName":"App keeps generic strategy backtests reachable from the Workspace research tools","status":"passed","title":"keeps generic strategy backtests reachable from the Workspace research tools","duration":44.016099999999824,"failureMessages":[],"meta":{}},{"ancestorTitles":["App"],"fullName":"App preserves workspace-owned backtest state when re-entering through the compatibility tab","status":"passed","title":"preserves workspace-owned backtest state when re-entering through the compatibility tab","duration":99.79759999999987,"failureMessages":[],"meta":{}},{"ancestorTitles":["App"],"fullName":"App preserves workspace-owned ETF ranking state when re-entering through the compatibility tab","status":"passed","title":"preserves workspace-owned ETF ranking state when re-entering through the compatibility tab","duration":75.65629999999965,"failureMessages":[],"meta":{}},{"ancestorTitles":["App"],"fullName":"App seeds an ETF ranking candidate into draft review without mutating the portfolio snapshot","status":"passed","title":"seeds an ETF ranking candidate into draft review without mutating the portfolio snapshot","duration":131.15120000000024,"failureMessages":[],"meta":{}},{"ancestorTitles":["App"],"fullName":"App restores a persisted ETF ranking candidate annotation for the active draft","status":"passed","title":"restores a persisted ETF ranking candidate annotation for the active draft","duration":36.71649999999954,"failureMessages":[],"meta":{}},{"ancestorTitles":["App"],"fullName":"App fails closed when restored seeded ranking cache is missing canonical open handoff","status":"passed","title":"fails closed when restored seeded ranking cache is missing canonical open handoff","duration":18.301299999999173,"failureMessages":[],"meta":{}},{"ancestorTitles":["App"],"fullName":"App fails closed when startup restore targets appended imported node draft but persisted draft is missing","status":"passed","title":"fails closed when startup restore targets appended imported node draft but persisted draft is missing","duration":15.430699999999888,"failureMessages":[],"meta":{}},{"ancestorTitles":["App"],"fullName":"App fails closed when authoritative nodes omit the restored active node even if a startup draft points back to it","status":"passed","title":"fails closed when authoritative nodes omit the restored active node even if a startup draft points back to it","duration":11.397699999999531,"failureMessages":[],"meta":{}},{"ancestorTitles":["App"],"fullName":"App fails closed when startup restore selected snapshot targets appended imported node omitted from authoritative workspace nodes","status":"passed","title":"fails closed when startup restore selected snapshot targets appended imported node omitted from authoritative workspace nodes","duration":10.922300000000178,"failureMessages":[],"meta":{}},{"ancestorTitles":["App"],"fullName":"App fails closed when startup restore cannot read authoritative appended imported workspace nodes","status":"passed","title":"fails closed when startup restore cannot read authoritative appended imported workspace nodes","duration":12.524100000000544,"failureMessages":[],"meta":{}},{"ancestorTitles":["App"],"fullName":"App restores appended imported startup draft when persisted draft matches restored appended node","status":"passed","title":"restores appended imported startup draft when persisted draft matches restored appended node","duration":76.15970000000016,"failureMessages":[],"meta":{}},{"ancestorTitles":["App"],"fullName":"App fails closed when startup restore targets appended imported node draft but persisted draft id mismatches active draft id","status":"passed","title":"fails closed when startup restore targets appended imported node draft but persisted draft id mismatches active draft id","duration":13.989800000000287,"failureMessages":[],"meta":{}},{"ancestorTitles":["App"],"fullName":"App fails closed when startup restore targets appended imported node draft but persisted draft base node does not resolve to restored appended node","status":"passed","title":"fails closed when startup restore targets appended imported node draft but persisted draft base node does not resolve to restored appended node","duration":14.701300000000629,"failureMessages":[],"meta":{}},{"ancestorTitles":["App"],"fullName":"App fails closed when startup restore targets appended imported node draft and authoritative nodes omit the mismatched draft base node","status":"passed","title":"fails closed when startup restore targets appended imported node draft and authoritative nodes omit the mismatched draft base node","duration":11.144400000000132,"failureMessages":[],"meta":{}},{"ancestorTitles":["App"],"fullName":"App fails closed when proposal artifact restore throws during workspace reopen","status":"passed","title":"fails closed when proposal artifact restore throws during workspace reopen","duration":21.209799999999632,"failureMessages":[],"meta":{}},{"ancestorTitles":["App"],"fullName":"App fails closed when restored proposal artifacts deserialize but violate contract during workspace reopen","status":"passed","title":"fails closed when restored proposal artifacts deserialize but violate contract during workspace reopen","duration":15.036000000000058,"failureMessages":[],"meta":{}},{"ancestorTitles":["App"],"fullName":"App keeps replacement contract fixtures aligned for supported, unsupported, and fail-closed states","status":"passed","title":"keeps replacement contract fixtures aligned for supported, unsupported, and fail-closed states","duration":1.1392000000005282,"failureMessages":[],"meta":{}},{"ancestorTitles":["App"],"fullName":"App promotes a seed into a persisted replacement intent and restores it for the same draft","status":"passed","title":"promotes a seed into a persisted replacement intent and restores it for the same draft","duration":105.96460000000025,"failureMessages":[],"meta":{}},{"ancestorTitles":["App"],"fullName":"App opens the workspace from the replacement intent hypothetical replay action","status":"passed","title":"opens the workspace from the replacement intent hypothetical replay action","duration":58.22829999999976,"failureMessages":[],"meta":{}},{"ancestorTitles":["App"],"fullName":"App falls back to current seed and replay behavior when ranking artifact persistence is unavailable","status":"passed","title":"falls back to current seed and replay behavior when ranking artifact persistence is unavailable","duration":110.33989999999994,"failureMessages":[],"meta":{}},{"ancestorTitles":["App"],"fullName":"App persists and restores a hypothetical replay for the same draft intent","status":"passed","title":"persists and restores a hypothetical replay for the same draft intent","duration":216.1252000000004,"failureMessages":[],"meta":{}},{"ancestorTitles":["App"],"fullName":"App saves a reviewed hypothetical replay as a versioned proposal artifact","status":"passed","title":"saves a reviewed hypothetical replay as a versioned proposal artifact","duration":208.7551000000003,"failureMessages":[],"meta":{}},{"ancestorTitles":["App"],"fullName":"App fails before persisting a contradictory saved proposal artifact","status":"passed","title":"fails before persisting a contradictory saved proposal artifact","duration":156.39369999999963,"failureMessages":[],"meta":{}},{"ancestorTitles":["App"],"fullName":"App fails reopen when saved proposal proposalCapture handoff contradicts the open response","status":"passed","title":"fails reopen when saved proposal proposalCapture handoff contradicts the open response","duration":89.58259999999973,"failureMessages":[],"meta":{}},{"ancestorTitles":["App"],"fullName":"App fails reopen when saved proposal is missing authoritative proposalCapture","status":"passed","title":"fails reopen when saved proposal is missing authoritative proposalCapture","duration":35.8141999999998,"failureMessages":[],"meta":{}},{"ancestorTitles":["App"],"fullName":"App restores formed candidate state for the active draft before replay review","status":"passed","title":"restores formed candidate state for the active draft before replay review","duration":62.25659999999971,"failureMessages":[],"meta":{}},{"ancestorTitles":["App"],"fullName":"App restores the selected construction rule for the active draft and marks mismatched construction stale","status":"passed","title":"restores the selected construction rule for the active draft and marks mismatched construction stale","duration":57.14249999999993,"failureMessages":[],"meta":{}},{"ancestorTitles":["App"],"fullName":"App restores construction constraint validation for the active draft and blocks replay when validation is blocked","status":"passed","title":"restores construction constraint validation for the active draft and blocks replay when validation is blocked","duration":54.906599999999344,"failureMessages":[],"meta":{}},{"ancestorTitles":["App"],"fullName":"App restores saved proposal review UI without needing live draft replay state","status":"passed","title":"restores saved proposal review UI without needing live draft replay state","duration":50.767000000000735,"failureMessages":[],"meta":{}},{"ancestorTitles":["App"],"fullName":"App restores saved proposal proposalSource display from legacy dual-omission hydration without using draft or replay cache state","status":"passed","title":"restores saved proposal proposalSource display from legacy dual-omission hydration without using draft or replay cache state","duration":70.95679999999993,"failureMessages":[],"meta":{}},{"ancestorTitles":["App"],"fullName":"App reopens an older saved proposal inside the shell in review-only mode","status":"passed","title":"reopens an older saved proposal inside the shell in review-only mode","duration":92.47890000000007,"failureMessages":[],"meta":{}},{"ancestorTitles":["App"],"fullName":"App renders the PM-first saved proposal family inbox from persisted artifacts only","status":"passed","title":"renders the PM-first saved proposal family inbox from persisted artifacts only","duration":59.863100000000486,"failureMessages":[],"meta":{}},{"ancestorTitles":["App"],"fullName":"App uses persisted pm_summary as the saved proposal reopen authority even when the local mirror differs","status":"passed","title":"uses persisted pm_summary as the saved proposal reopen authority even when the local mirror differs","duration":76.3737000000001,"failureMessages":[],"meta":{}},{"ancestorTitles":["App"],"fullName":"App fails reopen clearly when local cached summary conflicts with persisted pm_summary","status":"passed","title":"fails reopen clearly when local cached summary conflicts with persisted pm_summary","duration":60.45899999999983,"failureMessages":[],"meta":{}},{"ancestorTitles":["App"],"fullName":"App fails closed when reopen response handoff kind is unsupported","status":"passed","title":"fails closed when reopen response handoff kind is unsupported","duration":92.80799999999999,"failureMessages":[],"meta":{}},{"ancestorTitles":["App"],"fullName":"App fails closed when stored reopen handoff builder returns unsupported kind","status":"passed","title":"fails closed when stored reopen handoff builder returns unsupported kind","duration":77.98279999999977,"failureMessages":[],"meta":{}},{"ancestorTitles":["App"],"fullName":"App fails closed when reopen response contradicts persisted artifact identity","status":"passed","title":"fails closed when reopen response contradicts persisted artifact identity","duration":85.77610000000004,"failureMessages":[],"meta":{}},{"ancestorTitles":["App"],"fullName":"App promotes a saved proposal into a restored active thesis and clears it","status":"passed","title":"promotes a saved proposal into a restored active thesis and clears it","duration":85.73039999999946,"failureMessages":[],"meta":{}},{"ancestorTitles":["App"],"fullName":"App does not restore an active thesis when the embedded saved proposal artifact is contradictory","status":"passed","title":"does not restore an active thesis when the embedded saved proposal artifact is contradictory","duration":33.028299999999945,"failureMessages":[],"meta":{}},{"ancestorTitles":["App"],"fullName":"App clears stale candidate annotation state when the restored draft has no saved annotation","status":"passed","title":"clears stale candidate annotation state when the restored draft has no saved annotation","duration":23.30999999999949,"failureMessages":[],"meta":{}},{"ancestorTitles":["App"],"fullName":"App does not propagate candidate annotation when a saved variant is the restored active node","status":"passed","title":"does not propagate candidate annotation when a saved variant is the restored active node","duration":20.361399999999776,"failureMessages":[],"meta":{}},{"ancestorTitles":["App"],"fullName":"App does not propagate candidate annotation when reopening a clean variant workspace","status":"passed","title":"does not propagate candidate annotation when reopening a clean variant workspace","duration":13.034999999999854,"failureMessages":[],"meta":{}},{"ancestorTitles":["App"],"fullName":"App treats detailed review handoff as workspace-only navigation for clean imported drafts","status":"passed","title":"treats detailed review handoff as workspace-only navigation for clean imported drafts","duration":58.70049999999992,"failureMessages":[],"meta":{}},{"ancestorTitles":["App"],"fullName":"App resets the local workspace database from the dashboard","status":"passed","title":"resets the local workspace database from the dashboard","duration":22.388100000000122,"failureMessages":[],"meta":{}},{"ancestorTitles":["App"],"fullName":"App keeps the dashboard tab landing-only after importing a portfolio","status":"passed","title":"keeps the dashboard tab landing-only after importing a portfolio","duration":90.70719999999983,"failureMessages":[],"meta":{}},{"ancestorTitles":["App"],"fullName":"App keeps the dashboard handoff shell unchanged across import replacement and reset paths","status":"passed","title":"keeps the dashboard handoff shell unchanged across import replacement and reset paths","duration":110.60229999999956,"failureMessages":[],"meta":{}},{"ancestorTitles":["App"],"fullName":"App routes import to dashboard then workspace through the detailed-review handoff","status":"passed","title":"routes import to dashboard then workspace through the detailed-review handoff","duration":45.63550000000032,"failureMessages":[],"meta":{}},{"ancestorTitles":["App"],"fullName":"App saves a draft as a child variant and shows it in the variant list","status":"failed","title":"saves a draft as a child variant and shows it in the variant list","duration":44.2502999999997,"failureMessages":["TestingLibraryElementError: Unable to find an element with the placeholder text of: Variant name\n\nIgnored nodes: comments, script, style\n\u001b[36m<body>\u001b[39m\n  \u001b[36m<span\u001b[39m\n    \u001b[33maria-hidden\u001b[39m=\u001b[32m\"true\"\u001b[39m\n    \u001b[33mid\u001b[39m=\u001b[32m\"recharts_measurement_span\"\u001b[39m\n    \u001b[33mstyle\u001b[39m=\u001b[32m\"position: absolute; top: -20000px; left: 0px; padding: 0px; margin: 0px; white-space: pre; letter-spacing: undefined;\"\u001b[39m\n  \u001b[36m>\u001b[39m\n    \u001b[0m \u001b[0m\n  \u001b[36m</span>\u001b[39m\n  \u001b[36m<div>\u001b[39m\n    \u001b[36m<main\u001b[39m\n      \u001b[33mclass\u001b[39m=\u001b[32m\"shell\"\u001b[39m\n    \u001b[36m>\u001b[39m\n      \u001b[36m<header\u001b[39m\n        \u001b[33mclass\u001b[39m=\u001b[32m\"topbar\"\u001b[39m\n      \u001b[36m>\u001b[39m\n        \u001b[36m<div>\u001b[39m\n          \u001b[36m<p\u001b[39m\n            \u001b[33mclass\u001b[39m=\u001b[32m\"eyebrow\"\u001b[39m\n          \u001b[36m>\u001b[39m\n            \u001b[0mPortfolio Workstation\u001b[0m\n          \u001b[36m</p>\u001b[39m\n          \u001b[36m<p\u001b[39m\n            \u001b[33mclass\u001b[39m=\u001b[32m\"helper workflow-status-text\"\u001b[39m\n          \u001b[36m>\u001b[39m\n            \u001b[0mPortfolio Loaded\u001b[0m\n          \u001b[36m</p>\u001b[39m\n        \u001b[36m</div>\u001b[39m\n        \u001b[36m<div\u001b[39m\n          \u001b[33mclass\u001b[39m=\u001b[32m\"topbar-meta\"\u001b[39m\n        \u001b[36m>\u001b[39m\n          \u001b[36m<span\u001b[39m\n            \u001b[33mclass\u001b[39m=\u001b[32m\"status-dot\"\u001b[39m\n          \u001b[36m/>\u001b[39m\n          \u001b[36m<span>\u001b[39m\n            \u001b[0mLocal Quant Engine\u001b[0m\n          \u001b[36m</span>\u001b[39m\n        \u001b[36m</div>\u001b[39m\n      \u001b[36m</header>\u001b[39m\n      \u001b[36m<input\u001b[39m\n        \u001b[33maccept\u001b[39m=\u001b[32m\"application/pdf,.pdf\"\u001b[39m\n        \u001b[33mhidden\u001b[39m=\u001b[32m\"\"\u001b[39m\n        \u001b[33mmultiple\u001b[39m=\u001b[32m\"\"\u001b[39m\n        \u001b[33mtype\u001b[39m=\u001b[32m\"file\"\u001b[39m\n      \u001b[36m/>\u001b[39m\n      \u001b[36m<nav\u001b[39m\n        \u001b[33maria-label\u001b[39m=\u001b[32m\"Main workspace tabs\"\u001b[39m\n        \u001b[33mclass\u001b[39m=\u001b[32m\"tab-bar main-menu\"\u001b[39m\n      \u001b[36m>\u001b[39m\n        \u001b[36m<button\u001b[39m\n          \u001b[33mclass\u001b[39m=\u001b[32m\"tab-button\"\u001b[39m\n        \u001b[36m>\u001b[39m\n          \u001b[0mDashboard\u001b[0m\n        \u001b[36m</button>\u001b[39m\n        \u001b[36m<button\u001b[39m\n          \u001b[33mclass\u001b[39m=\u001b[32m\"tab-button\"\u001b[39m\n        \u001b[36m>\u001b[39m\n          \u001b[0mExposure\u001b[0m\n        \u001b[36m</button>\u001b[39m\n        \u001b[36m<button\u001b[39m\n          \u001b[33mclass\u001b[39m=\u001b[32m\"tab-button\"\u001b[39m\n        \u001b[36m>\u001b[39m\n          \u001b[0mDiagnostics\u001b[0m\n        \u001b[36m</button>\u001b[39m\n        \u001b[36m<button\u001b[39m\n          \u001b[33maria-current\u001b[39m=\u001b[32m\"page\"\u001b[39m\n          \u001b[33mclass\u001b[39m=\u001b[32m\"tab-button active\"\u001b[39m\n        \u001b[36m>\u001b[39m\n          \u001b[0mWorkspace\u001b[0m\n        \u001b[36m</button>\u001b[39m\n        \u001b[36m<button\u001b[39m\n          \u001b[33mclass\u001b[39m=\u001b[32m\"tab-button\"\u001b[39m\n        \u001b[36m>\u001b[39m\n          \u001b[0mBacktest\u001b[0m\n        \u001b[36m</button>\u001b[39m\n        \u001b[36m<button\u001b[39m\n          \u001b[33mclass\u001b[39m=\u001b[32m\"tab-button\"\u001b[39m\n        \u001b[36m>\u001b[39m\n          \u001b[0mStrategy Lab\u001b[0m\n        \u001b[36m</button>\u001b[39m\n        \u001b[36m<button\u001b[39m\n          \u001b[33mclass\u001b[39m=\u001b[32m\"tab-button\"\u001b[39m\n        \u001b[36m>\u001b[39m\n          \u001b[0mETF Ranking\u001b[0m\n        \u001b[36m</button>\u001b[39m\n      \u001b[36m</nav>\u001b[39m\n      \u001b[36m<section\u001b[39m\n        \u001b[33mclass\u001b[39m=\u001b[32m\"grid grid-single\"\u001b[39m\n      \u001b[36m>\u001b[39m\n        \u001b[36m<article\u001b[39m\n          \u001b[33mclass\u001b[39m=\u001b[32m\"panel\"\u001b[39m\n        \u001b[36m>\u001b[39m\n          \u001b[36m<section\u001b[39m\n            \u001b[33mclass\u001b[39m=\u001b[32m\"workspace-section panel\"\u001b[39m\n          \u001b[36m>\u001b[39m\n            \u001b[36m<h2>\u001b[39m\n              \u001b[0mPortfolio Research Workspace\u001b[0m\n            \u001b[36m</h2>\u001b[39m\n            \u001b[36m<section\u001b[39m\n              \u001b[33mclass\u001b[39m=\u001b[32m\"dashboard-bottom-grid\"\u001b[39m\n              \u001b[33mdata-testid\u001b[39m=\u001b[32m\"workspace-section-overview\"\u001b[39m\n            \u001b[36m>\u001b[39m\n              \u001b[36m<div\u001b[39m\n                \u001b[33mclass\u001b[39m=\u001b[32m\"section-header-inline sector-list-header\"\u001b[39m\n              \u001b[36m>\u001b[39m\n                \u001b[36m<div>\u001b[39m\n                  \u001b[36m<p\u001b[39m\n                    \u001b[33mclass\u001b[39m=\u001b[32m\"panel-label\"\u001b[39m\n                  \u001b[36m>\u001b[39m\n                    \u001b[0mOverview\u001b[0m\n                  \u001b[36m</p>\u001b[39m\n                \u001b[36m</div>\u001b[39m\n              \u001b[36m</div>\u001b[39m\n              \u001b[36m<div\u001b[39m\n                \u001b[33mclass\u001b[39m=\u001b[32m\"dashboard-summary compact-summary-grid\"\u001b[39m\n              \u001b[36m>\u001b[39m\n                \u001b[36m<div\u001b[39m\n                  \u001b[33mclass\u001b[39m=\u001b[32m\"summary-card\"\u001b[39m\n                \u001b[36m>\u001b[39m\n                  \u001b[36m<p\u001b[39m\n                    \u001b[33mclass\u001b[39m=\u001b[32m\"stat-label\"\u001b[39m\n                  \u001b[36m>\u001b[39m\n                    \u001b[0mPortfolio Value\u001b[0m\n                  \u001b[36m</p>\u001b[39m\n                  \u001b[36m<p\u001b[39m\n                    \u001b[33mclass\u001b[39m=\u001b[32m\"summary-value\"\u001b[39m\n                  \u001b[36m>\u001b[39m\n                    \u001b[0m$50000.00\u001b[0m\n                  \u001b[36m</p>\u001b[39m\n                \u001b[36m</div>\u001b[39m\n                \u001b[36m<div\u001b[39m\n                  \u001b[33mclass\u001b[39m=\u001b[32m\"summary-card\"\u001b[39m\n                \u001b[36m>\u001b[39m\n                  \u001b[36m<p\u001b[39m\n                    \u001b[33mclass\u001b[39m=\u001b[32m\"stat-label\"\u001b[39m\n                  \u001b[36m>\u001b[39m\n                    \u001b[0mPositions\u001b[0m\n                  \u001b[36m</p>\u001b[39m\n                  \u001b[36m<p\u001b[39m\n                    \u001b[33mclass\u001b[39m=\u001b[32m\"summary-value\"\u001b[39m\n                  \u001b[36m>\u001b[39m\n                    \u001b[0m1\u001b[0m\n                  \u001b[36m</p>\u001b[39m\n                \u001b[36m</div>\u001b[39m\n                \u001b[36m<div\u001b[39m\n                  \u001b[33mclass\u001b[39m=\u001b[32m\"summary-card\"\u001b[39m\n                \u001b[36m>\u001b[39m\n                  \u001b[36m<p\u001b[39m\n                    \u001b[33mclass\u001b[39m=\u001b[32m\"stat-label\"\u001b[39m\n                  \u001b[36m>\u001b[39m\n                    \u001b[0mBenchmark\u001b[0m\n                  \u001b[36m</p>\u001b[39m\n                  \u001b[36m<p\u001b[39m\n                    \u001b[33mclass\u001b[39m=\u001b[32m\"summary-value\"\u001b[39m\n                  \u001b[36m>\u001b[39m\n                    \u001b[0mSPY\u001b[0m\n                  \u001b[36m</p>\u001b[39m\n                \u001b[36m</div>\u001b[39m\n                \u001b[36m<div\u001b[39m\n                  \u001b[33mclass\u001b[39m=\u001b[32m\"summary-card\"\u001b[39m\n                \u001b[36m>\u001b[39m\n                  \u001b[36m<p\u001b[39m\n                    \u001b[33mclass\u001b[39m=\u001b[32m\"stat-label\"\u001b[39m\n                  \u001b[36m>\u001b[39m\n                    \u001b[0mReview Basis\u001b[0m\n                  \u001b[36m</p>\u001b[39m\n                  \u001b[36m<p\u001b[39m\n                    \u001b[33mclass\u001b[39m=\u001b[32m\"summary-value\"\u001b[39m\n                  \u001b[36m>\u001b[39m\n                    \u001b[0minteractive_brokers\u001b[0m\n                  \u001b[36m</p>\u001b[39m\n                  \u001b[36m<p\u001b[39m\n                    \u001b[33mclass\u001b[39m=\u001b[32m\"helper\"\u001b[39m\n                  \u001b[36m>\u001b[39m\n                    \u001b[0m2025-01-01 - 2025-12-31\u001b[0m\n                  \u001b[36m</p>\u001b[39m\n                \u001b[36m</div>\u001b[39m\n              \u001b[36m</div>\u001b[39m\n              \u001b[36m<section\u001b[39m\n                \u001b[33mclass\u001b[39m=\u001b[32m\"dashboard-bottom-grid\"\u001b[39m\n              \u001b[36m>\u001b[39m\n                \u001b[36m<div\u001b[39m\n                  \u001b[33mclass\u001b[39m=\u001b[32m\"section-header-inline sector-list-header\"\u001b[39m\n                \u001b[36m>\u001b[39m\n                  \u001b[36m<div>\u001b[39m\n                    \u001b[36m<p\u001b[39m\n                      \u001b[33mclass\u001b[39m=\u001b[32m\"panel-label\"\u001b[39m\n                    \u001b[36m>\u001b[39m\n                      \u001b[0mMonitoring\u001b[0m\n                    \u001b[36m</p>\u001b[39m\n                  \u001b[36m</div>\u001b[39m\n                \u001b[36m</div>\u001b[39m\n                \u001b[36m<div\u001b[39m\n                  \u001b[33mclass\u001b[39m=\u001b[32m\"empty-state-panel compact-empty-state\"\u001b[39m\n               ...\n    at Object.getElementError (C:\\projects\\investments\\portfolio\\apps\\desktop\\node_modules\\@testing-library\\dom\\dist\\config.js:37:19)\n    at C:\\projects\\investments\\portfolio\\apps\\desktop\\node_modules\\@testing-library\\dom\\dist\\query-helpers.js:76:38\n    at C:\\projects\\investments\\portfolio\\apps\\desktop\\node_modules\\@testing-library\\dom\\dist\\query-helpers.js:52:17\n    at C:\\projects\\investments\\portfolio\\apps\\desktop\\node_modules\\@testing-library\\dom\\dist\\query-helpers.js:95:19\n    at C:\\projects\\investments\\portfolio\\apps\\desktop\\src\\app\\App.test.tsx:6750:37\n    at file:///C:/projects/investments/portfolio/apps/desktop/node_modules/@vitest/runner/dist/index.js:533:5\n    at runTest (file:///C:/projects/investments/portfolio/apps/desktop/node_modules/@vitest/runner/dist/index.js:1056:11)\n    at runSuite (file:///C:/projects/investments/portfolio/apps/desktop/node_modules/@vitest/runner/dist/index.js:1205:15)\n    at runSuite (file:///C:/projects/investments/portfolio/apps/desktop/node_modules/@vitest/runner/dist/index.js:1205:15)\n    at runFiles (file:///C:/projects/investments/portfolio/apps/desktop/node_modules/@vitest/runner/dist/index.js:1262:5)"],"meta":{}},{"ancestorTitles":["App"],"fullName":"App opens a saved variant by creating a clean working draft from that node","status":"failed","title":"opens a saved variant by creating a clean working draft from that node","duration":274.1822999999995,"failureMessages":["TestingLibraryElementError: Unable to find an accessible element with the role \"button\" and name \"Open\"\n\nHere are the accessible roles:\n\n  main:\n\n  Name \"\":\n  \u001b[36m<main\u001b[39m\n    \u001b[33mclass\u001b[39m=\u001b[32m\"shell\"\u001b[39m\n  \u001b[36m/>\u001b[39m\n\n  --------------------------------------------------\n  banner:\n\n  Name \"\":\n  \u001b[36m<header\u001b[39m\n    \u001b[33mclass\u001b[39m=\u001b[32m\"topbar\"\u001b[39m\n  \u001b[36m/>\u001b[39m\n\n  --------------------------------------------------\n  paragraph:\n\n  Name \"\":\n  \u001b[36m<p\u001b[39m\n    \u001b[33mclass\u001b[39m=\u001b[32m\"eyebrow\"\u001b[39m\n  \u001b[36m/>\u001b[39m\n\n  Name \"\":\n  \u001b[36m<p\u001b[39m\n    \u001b[33mclass\u001b[39m=\u001b[32m\"helper workflow-status-text\"\u001b[39m\n  \u001b[36m/>\u001b[39m\n\n  Name \"\":\n  \u001b[36m<p\u001b[39m\n    \u001b[33mclass\u001b[39m=\u001b[32m\"panel-label\"\u001b[39m\n  \u001b[36m/>\u001b[39m\n\n  Name \"\":\n  \u001b[36m<p\u001b[39m\n    \u001b[33mclass\u001b[39m=\u001b[32m\"stat-label\"\u001b[39m\n  \u001b[36m/>\u001b[39m\n\n  Name \"\":\n  \u001b[36m<p\u001b[39m\n    \u001b[33mclass\u001b[39m=\u001b[32m\"summary-value\"\u001b[39m\n  \u001b[36m/>\u001b[39m\n\n  Name \"\":\n  \u001b[36m<p\u001b[39m\n    \u001b[33mclass\u001b[39m=\u001b[32m\"stat-label\"\u001b[39m\n  \u001b[36m/>\u001b[39m\n\n  Name \"\":\n  \u001b[36m<p\u001b[39m\n    \u001b[33mclass\u001b[39m=\u001b[32m\"summary-value\"\u001b[39m\n  \u001b[36m/>\u001b[39m\n\n  Name \"\":\n  \u001b[36m<p\u001b[39m\n    \u001b[33mclass\u001b[39m=\u001b[32m\"stat-label\"\u001b[39m\n  \u001b[36m/>\u001b[39m\n\n  Name \"\":\n  \u001b[36m<p\u001b[39m\n    \u001b[33mclass\u001b[39m=\u001b[32m\"summary-value\"\u001b[39m\n  \u001b[36m/>\u001b[39m\n\n  Name \"\":\n  \u001b[36m<p\u001b[39m\n    \u001b[33mclass\u001b[39m=\u001b[32m\"stat-label\"\u001b[39m\n  \u001b[36m/>\u001b[39m\n\n  Name \"\":\n  \u001b[36m<p\u001b[39m\n    \u001b[33mclass\u001b[39m=\u001b[32m\"summary-value\"\u001b[39m\n  \u001b[36m/>\u001b[39m\n\n  Name \"\":\n  \u001b[36m<p\u001b[39m\n    \u001b[33mclass\u001b[39m=\u001b[32m\"helper\"\u001b[39m\n  \u001b[36m/>\u001b[39m\n\n  Name \"\":\n  \u001b[36m<p\u001b[39m\n    \u001b[33mclass\u001b[39m=\u001b[32m\"panel-label\"\u001b[39m\n  \u001b[36m/>\u001b[39m\n\n  Name \"\":\n  \u001b[36m<p\u001b[39m\n    \u001b[33mclass\u001b[39m=\u001b[32m\"empty-state-title\"\u001b[39m\n  \u001b[36m/>\u001b[39m\n\n  Name \"\":\n  \u001b[36m<p\u001b[39m\n    \u001b[33mclass\u001b[39m=\u001b[32m\"helper\"\u001b[39m\n  \u001b[36m/>\u001b[39m\n\n  Name \"\":\n  \u001b[36m<p\u001b[39m\n    \u001b[33mclass\u001b[39m=\u001b[32m\"panel-label\"\u001b[39m\n  \u001b[36m/>\u001b[39m\n\n  Name \"\":\n  \u001b[36m<p\u001b[39m\n    \u001b[33mclass\u001b[39m=\u001b[32m\"helper\"\u001b[39m\n  \u001b[36m/>\u001b[39m\n\n  Name \"\":\n  \u001b[36m<p\u001b[39m\n    \u001b[33mclass\u001b[39m=\u001b[32m\"stat-label\"\u001b[39m\n  \u001b[36m/>\u001b[39m\n\n  Name \"\":\n  \u001b[36m<p\u001b[39m\n    \u001b[33mclass\u001b[39m=\u001b[32m\"summary-value\"\u001b[39m\n  \u001b[36m/>\u001b[39m\n\n  Name \"\":\n  \u001b[36m<p\u001b[39m\n    \u001b[33mclass\u001b[39m=\u001b[32m\"helper\"\u001b[39m\n  \u001b[36m/>\u001b[39m\n\n  Name \"\":\n  \u001b[36m<p\u001b[39m\n    \u001b[33mclass\u001b[39m=\u001b[32m\"stat-label\"\u001b[39m\n  \u001b[36m/>\u001b[39m\n\n  Name \"\":\n  \u001b[36m<p\u001b[39m\n    \u001b[33mclass\u001b[39m=\u001b[32m\"summary-value\"\u001b[39m\n  \u001b[36m/>\u001b[39m\n\n  Name \"\":\n  \u001b[36m<p\u001b[39m\n    \u001b[33mclass\u001b[39m=\u001b[32m\"helper\"\u001b[39m\n  \u001b[36m/>\u001b[39m\n\n  Name \"\":\n  \u001b[36m<p\u001b[39m\n    \u001b[33mclass\u001b[39m=\u001b[32m\"stat-label\"\u001b[39m\n  \u001b[36m/>\u001b[39m\n\n  Name \"\":\n  \u001b[36m<p\u001b[39m\n    \u001b[33mclass\u001b[39m=\u001b[32m\"summary-value\"\u001b[39m\n  \u001b[36m/>\u001b[39m\n\n  Name \"\":\n  \u001b[36m<p\u001b[39m\n    \u001b[33mclass\u001b[39m=\u001b[32m\"helper\"\u001b[39m\n  \u001b[36m/>\u001b[39m\n\n  Name \"\":\n  \u001b[36m<p\u001b[39m\n    \u001b[33mclass\u001b[39m=\u001b[32m\"stat-label\"\u001b[39m\n  \u001b[36m/>\u001b[39m\n\n  Name \"\":\n  \u001b[36m<p\u001b[39m\n    \u001b[33mclass\u001b[39m=\u001b[32m\"summary-value\"\u001b[39m\n  \u001b[36m/>\u001b[39m\n\n  Name \"\":\n  \u001b[36m<p\u001b[39m\n    \u001b[33mclass\u001b[39m=\u001b[32m\"helper\"\u001b[39m\n  \u001b[36m/>\u001b[39m\n\n  Name \"\":\n  \u001b[36m<p\u001b[39m\n    \u001b[33mclass\u001b[39m=\u001b[32m\"stat-label\"\u001b[39m\n  \u001b[36m/>\u001b[39m\n\n  Name \"\":\n  \u001b[36m<p\u001b[39m\n    \u001b[33mclass\u001b[39m=\u001b[32m\"summary-value\"\u001b[39m\n  \u001b[36m/>\u001b[39m\n\n  Name \"\":\n  \u001b[36m<p\u001b[39m\n    \u001b[33mclass\u001b[39m=\u001b[32m\"helper\"\u001b[39m\n  \u001b[36m/>\u001b[39m\n\n  Name \"\":\n  \u001b[36m<p\u001b[39m\n    \u001b[33mclass\u001b[39m=\u001b[32m\"stat-label\"\u001b[39m\n  \u001b[36m/>\u001b[39m\n\n  Name \"\":\n  \u001b[36m<p\u001b[39m\n    \u001b[33mclass\u001b[39m=\u001b[32m\"summary-value\"\u001b[39m\n  \u001b[36m/>\u001b[39m\n\n  Name \"\":\n  \u001b[36m<p\u001b[39m\n    \u001b[33mclass\u001b[39m=\u001b[32m\"helper\"\u001b[39m\n  \u001b[36m/>\u001b[39m\n\n  Name \"\":\n  \u001b[36m<p\u001b[39m\n    \u001b[33mclass\u001b[39m=\u001b[32m\"stat-label\"\u001b[39m\n  \u001b[36m/>\u001b[39m\n\n  Name \"\":\n  \u001b[36m<p\u001b[39m\n    \u001b[33mclass\u001b[39m=\u001b[32m\"summary-value\"\u001b[39m\n  \u001b[36m/>\u001b[39m\n\n  Name \"\":\n  \u001b[36m<p\u001b[39m\n    \u001b[33mclass\u001b[39m=\u001b[32m\"helper\"\u001b[39m\n  \u001b[36m/>\u001b[39m\n\n  Name \"\":\n  \u001b[36m<p\u001b[39m\n    \u001b[33mclass\u001b[39m=\u001b[32m\"stat-label\"\u001b[39m\n  \u001b[36m/>\u001b[39m\n\n  Name \"\":\n  \u001b[36m<p\u001b[39m\n    \u001b[33mclass\u001b[39m=\u001b[32m\"summary-value\"\u001b[39m\n  \u001b[36m/>\u001b[39m\n\n  Name \"\":\n  \u001b[36m<p\u001b[39m\n    \u001b[33mclass\u001b[39m=\u001b[32m\"helper\"\u001b[39m\n  \u001b[36m/>\u001b[39m\n\n  Name \"\":\n  \u001b[36m<p\u001b[39m\n    \u001b[33mclass\u001b[39m=\u001b[32m\"stat-label\"\u001b[39m\n  \u001b[36m/>\u001b[39m\n\n  Name \"\":\n  \u001b[36m<p\u001b[39m\n    \u001b[33mclass\u001b[39m=\u001b[32m\"summary-value\"\u001b[39m\n  \u001b[36m/>\u001b[39m\n\n  Name \"\":\n  \u001b[36m<p\u001b[39m\n    \u001b[33mclass\u001b[39m=\u001b[32m\"helper\"\u001b[39m\n  \u001b[36m/>\u001b[39m\n\n  Name \"\":\n  \u001b[36m<p\u001b[39m\n    \u001b[33mclass\u001b[39m=\u001b[32m\"stat-label\"\u001b[39m\n  \u001b[36m/>\u001b[39m\n\n  Name \"\":\n  \u001b[36m<p\u001b[39m\n    \u001b[33mclass\u001b[39m=\u001b[32m\"summary-value\"\u001b[39m\n  \u001b[36m/>\u001b[39m\n\n  Name \"\":\n  \u001b[36m<p\u001b[39m\n    \u001b[33mclass\u001b[39m=\u001b[32m\"helper\"\u001b[39m\n  \u001b[36m/>\u001b[39m\n\n  Name \"\":\n  \u001b[36m<p\u001b[39m\n    \u001b[33mclass\u001b[39m=\u001b[32m\"stat-label\"\u001b[39m\n  \u001b[36m/>\u001b[39m\n\n  Name \"\":\n  \u001b[36m<p\u001b[39m\n    \u001b[33mclass\u001b[39m=\u001b[32m\"summary-value\"\u001b[39m\n  \u001b[36m/>\u001b[39m\n\n  Name \"\":\n  \u001b[36m<p\u001b[39m\n    \u001b[33mclass\u001b[39m=\u001b[32m\"helper\"\u001b[39m\n  \u001b[36m/>\u001b[39m\n\n  Name \"\":\n  \u001b[36m<p\u001b[39m\n    \u001b[33mclass\u001b[39m=\u001b[32m\"stat-label\"\u001b[39m\n  \u001b[36m/>\u001b[39m\n\n  Name \"\":\n  \u001b[36m<p\u001b[39m\n    \u001b[33mclass\u001b[39m=\u001b[32m\"summary-value\"\u001b[39m\n  \u001b[36m/>\u001b[39m\n\n  Name \"\":\n  \u001b[36m<p\u001b[39m\n    \u001b[33mclass\u001b[39m=\u001b[32m\"helper\"\u001b[39m\n  \u001b[36m/>\u001b[39m\n\n  Name \"\":\n  \u001b[36m<p\u001b[39m\n    \u001b[33mclass\u001b[39m=\u001b[32m\"stat-label\"\u001b[39m\n  \u001b[36m/>\u001b[39m\n\n  Name \"\":\n  \u001b[36m<p\u001b[39m\n    \u001b[33mclass\u001b[39m=\u001b[32m\"summary-value\"\u001b[39m\n  \u001b[36m/>\u001b[39m\n\n  Name \"\":\n  \u001b[36m<p\u001b[39m\n    \u001b[33mclass\u001b[39m=\u001b[32m\"helper\"\u001b[39m\n  \u001b[36m/>\u001b[39m\n\n  Name \"\":\n  \u001b[36m<p\u001b[39m\n    \u001b[33mclass\u001b[39m=\u001b[32m\"stat-label\"\u001b[39m\n  \u001b[36m/>\u001b[39m\n\n  Name \"\":\n  \u001b[36m<p\u001b[39m\n    \u001b[33mclass\u001b[39m=\u001b[32m\"summary-value\"\u001b[39m\n  \u001b[36m/>\u001b[39m\n\n  Name \"\":\n  \u001b[36m<p\u001b[39m\n    \u001b[33mclass\u001b[39m=\u001b[32m\"helper\"\u001b[39m\n  \u001b[36m/>\u001b[39m\n\n  Name \"\":\n  \u001b[36m<p\u001b[39m\n    \u001b[33mclass\u001b[39m=\u001b[32m\"stat-label\"\u001b[39m\n  \u001b[36m/>\u001b[39m\n\n  Name \"\":\n  \u001b[36m<p\u001b[39m\n    \u001b[33mclass\u001b[39m=\u001b[32m\"summary-value\"\u001b[39m\n  \u001b[36m/>\u001b[39m\n\n  Name \"\":\n  \u001b[36m<p\u001b[39m\n    \u001b[33mclass\u001b[39m=\u001b[32m\"helper\"\u001b[39m\n  \u001b[36m/>\u001b[39m\n\n  Name \"\":\n  \u001b[36m<p\u001b[39m\n    \u001b[33mclass\u001b[39m=\u001b[32m\"stat-label\"\u001b[39m\n  \u001b[36m/>\u001b[39m\n\n  Name \"\":\n  \u001b[36m<p\u001b[39m\n    \u001b[33mclass\u001b[39m=\u001b[32m\"summary-value\"\u001b[39m\n  \u001b[36m/>\u001b[39m\n\n  Name \"\":\n  \u001b[36m<p\u001b[39m\n    \u001b[33mclass\u001b[39m=\u001b[32m\"helper\"\u001b[39m\n  \u001b[36m/>\u001b[39m\n\n  Name \"\":\n  \u001b[36m<p\u001b[39m\n    \u001b[33mclass\u001b[39m=\u001b[32m\"stat-label\"\u001b[39m\n  \u001b[36m/>\u001b[39m\n\n  Name \"\":\n  \u001b[36m<p\u001b[39m\n    \u001b[33mclass\u001b[39m=\u001b[32m\"summary-value\"\u001b[39m\n  \u001b[36m/>\u001b[39m\n\n  Name \"\":\n  \u001b[36m<p\u001b[39m\n    \u001b[33mclass\u001b[39m=\u001b[32m\"helper\"\u001b[39m\n  \u001b[36m/>\u001b[39m\n\n  Name \"\":\n  \u001b[36m<p\u001b[39m\n    \u001b[33mclass\u001b[39m=\u001b[32m\"panel-label\"\u001b[39m\n  \u001b[36m/>\u001b[39m\n\n  Name \"\":\n  \u001b[36m<p\u001b[39m\n    \u001b[33mclass\u001b[39m=\u001b[32m\"helper\"\u001b[39m\n  \u001b[36m/>\u001b[39m\n\n  Name \"\":\n  \u001b[36m<p\u001b[39m\n    \u001b[33mclass\u001b[39m=\u001b[32m\"stat-label\"\u001b[39m\n  \u001b[36m/>\u001b[39m\n\n  Name \"\":\n  \u001b[36m<p\u001b[39m\n    \u001b[33mclass\u001b[39m=\u001b[32m\"summary-value\"\u001b[39m\n  \u001b[36m/>\u001b[39m\n\n  Name \"\":\n  \u001b[36m<p\u001b[39m\n    \u001b[33mclass\u001b[39m=\u001b[32m\"stat-label\"\u001b[39m\n  \u001b[36m/>\u001b[39m\n\n  Name \"\":\n  \u001b[36m<p\u001b[39m\n    \u001b[33mclass\u001b[39m=\u001b[32m\"summary-value\"\u001b[39m\n  \u001b[36m/>\u001b[39m\n\n  Name \"\":\n  \u001b[36m<p\u001b[39m\n    \u001b[33mclass\u001b[39m=\u001b[32m\"stat-label\"\u001b[39m\n  \u001b[36m/>\u001b[39m\n\n  Name \"\":\n  \u001b[36m<p\u001b[39m\n    \u001b[33mclass\u001b[39m=\u001b[32m\"summary-value\"\u001b[39m\n  \u001b[36m/>\u001b[39m\n\n  Name \"\":\n  \u001b[36m<p\u001b[39m\n    \u001b[33mclass\u001b[39m=\u001b[32m\"stat-label\"\u001b[39m\n  \u001b[36m/>\u001b[39m\n\n  Name \"\":\n  \u001b[36m<p\u001b[39m\n    \u001b[33mclass\u001b[39m=\u001b[32m\"summary-value\"\u001b[39m\n  \u001b[36m/>\u001b[39m\n\n  Name \"\":\n  \u001b[36m<p\u001b[39m\n    \u001b[33mclass\u001b[39m=\u001b[32m\"panel-label\"\u001b[39m\n  \u001b[36m/>\u001b[39m\n\n  Name \"\":\n  \u001b[36m<p\u001b[39m\n    \u001b[33mclass\u001b[39m=\u001b[32m\"panel-label\"\u001b[39m\n  \u001b[36m/>\u001b[39m\n\n  Name \"\":\n  \u001b[36m<p\u001b[39m\n    \u001b[33mclass\u001b[39m=\u001b[32m\"helper\"\u001b[39m\n  \u001b[36m/>\u001b[39m\n\n  Name \"\":\n  \u001b[36m<p\u001b[39m\n    \u001b[33mclass\u001b[39m=\u001b[32m\"empty-state-title\"\u001b[39m\n  \u001b[36m/>\u001b[39m\n\n  Name \"\":\n  \u001b[36m<p\u001b[39m\n    \u001b[33mclass\u001b[39m=\u001b[32m\"helper\"\u001b[39m\n  \u001b[36m/>\u001b[39m\n\n  Name \"\":\n  \u001b[36m<p\u001b[39m\n    \u001b[33mclass\u001b[39m=\u001b[32m\"panel-label\"\u001b[39m\n  \u001b[36m/>\u001b[39m\n\n  Name \"\":\n  \u001b[36m<p\u001b[39m\n    \u001b[33mclass\u001b[39m=\u001b[32m\"helper\"\u001b[39m\n  \u001b[36m/>\u001b[39m\n\n  Name \"\":\n  \u001b[36m<p\u001b[39m\n    \u001b[33mclass\u001b[39m=\u001b[32m\"empty-state-title\"\u001b[39m\n  \u001b[36m/>\u001b[39m\n\n  Name \"\":\n  \u001b[36m<p\u001b[39m\n    \u001b[33mclass\u001b[39m=\u001b[32m\"helper\"\u001b[39m\n  \u001b[36m/>\u001b[39m\n\n  Name \"\":\n  \u001b[36m<p\u001b[39m\n    \u001b[33mclass\u001b[39m=\u001b[32m\"panel-label\"\u001b[39m\n  \u001b[36m/>\u001b[39m\n\n  Name \"\":\n  \u001b[36m<p\u001b[39m\n    \u001b[33mclass\u001b[39m=\u001b[32m\"helper\"\u001b[39m\n  \u001b[36m/>\u001b[39m\n\n  Name \"\":\n  \u001b[36m<p\u001b[39m\n    \u001b[33mclass\u001b[39m=\u001b[32m\"empty-state-title\"\u001b[39m\n  \u001b[36m/>\u001b[39m\n\n  Name \"\":\n  \u001b[36m<p\u001b[39m\n    \u001b[33mclass\u001b[39m=\u001b[32m\"helper\"\u001b[39m\n  \u001b[36m/>\u001b[39m\n\n  Name \"\":\n  \u001b[36m<p\u001b[39m\n    \u001b[33mclass\u001b[39m=\u001b[32m\"panel-label\"\u001b[39m\n  \u001b[36m/>\u001b[39m\n\n  Name \"\":\n  \u001b[36m<p\u001b[39m\n    \u001b[33mclass\u001b[39m=\u001b[32m\"helper\"\u001b[39m\n  \u001b[36m/>\u001b[39m\n\n  Name \"\":\n  \u001b[36m<p\u001b[39m\n    \u001b[33mclass\u001b[39m=\u001b[32m\"stat-label\"\u001b[39m\n  \u001b[36m/>\u001b[39m\n\n  Name \"\":\n  \u001b[36m<p\u001b[39m\n    \u001b[33mclass\u001b[39m=\u001b[32m\"summary-value\"\u001b[39m\n  \u001b[36m/>\u001b[39m\n\n  Name \"\":\n  \u001b[36m<p\u001b[39m\n    \u001b[33mclass\u001b[39m=\u001b[32m\"helper\"\u001b[39m\n  \u001b[36m/>\u001b[39m\n\n  Name \"\":\n  \u001b[36m<p\u001b[39m\n    \u001b[33mclass\u001b[39m=\u001b[32m\"stat-label\"\u001b[39m\n  \u001b[36m/>\u001b[39m\n\n  Name \"\":\n  \u001b[36m<p\u001b[39m\n    \u001b[33mclass\u001b[39m=\u001b[32m\"summary-value\"\u001b[39m\n  \u001b[36m/>\u001b[39m\n\n  Name \"\":\n  \u001b[36m<p\u001b[39m\n    \u001b[33mclass\u001b[39m=\u001b[32m\"helper\"\u001b[39m\n  \u001b[36m/>\u001b[39m\n\n  Name \"\":\n  \u001b[36m<p\u001b[39m\n    \u001b[33mclass\u001b[39m=\u001b[32m\"stat-label\"\u001b[39m\n  \u001b[36m/>\u001b[39m\n\n  Name \"\":\n  \u001b[36m<p\u001b[39m\n    \u001b[33mclass\u001b[39m=\u001b[32m\"summary-value\"\u001b[39m\n  \u001b[36m/>\u001b[39m\n\n  Name \"\":\n  \u001b[36m<p\u001b[39m\n    \u001b[33mclass\u001b[39m=\u001b[32m\"helper\"\u001b[39m\n  \u001b[36m/>\u001b[39m\n\n  Name \"\":\n  \u001b[36m<p\u001b[39m\n    \u001b[33mclass\u001b[39m=\u001b[32m\"panel-label\"\u001b[39m\n  \u001b[36m/>\u001b[39m\n\n  Name \"\":\n  \u001b[36m<p\u001b[39m\n    \u001b[33mclass\u001b[39m=\u001b[32m\"panel-label\"\u001b[39m\n  \u001b[36m/>\u001b[39m\n\n  Name \"\":\n  \u001b[36m<p\u001b[39m\n    \u001b[33mclass\u001b[39m=\u001b[32m\"helper\"\u001b[39m\n  \u001b[36m/>\u001b[39m\n\n  Name \"\":\n  \u001b[36m<p\u001b[39m\n    \u001b[33mclass\u001b[39m=\u001b[32m\"helper\"\u001b[39m\n  \u001b[36m/>\u001b[39m\n\n  Name \"\":\n  \u001b[36m<p\u001b[39m\n    \u001b[33mclass\u001b[39m=\u001b[32m\"panel-label\"\u001b[39m\n  \u001b[36m/>\u001b[39m\n\n  Name \"\":\n  \u001b[36m<p\u001b[39m\n    \u001b[33mclass\u001b[39m=\u001b[32m\"helper\"\u001b[39m\n  \u001b[36m/>\u001b[39m\n\n  Name \"\":\n  \u001b[36m<p\u001b[39m\n    \u001b[33mclass\u001b[39m=\u001b[32m\"panel-label\"\u001b[39m\n  \u001b[36m/>\u001b[39m\n\n  Name \"\":\n  \u001b[36m<p\u001b[39m\n    \u001b[33mclass\u001b[39m=\u001b[32m\"helper\"\u001b[39m\n  \u001b[36m/>\u001b[39m\n\n  Name \"\":\n  \u001b[36m<p\u001b[39m\n    \u001b[33mclass\u001b[39m=\u001b[32m\"panel-label\"\u001b[39m\n  \u001b[36m/>\u001b[39m\n\n  Name \"\":\n  \u001b[36m<p\u001b[39m\n    \u001b[33mclass\u001b[39m=\u001b[32m\"panel-label\"\u001b[39m\n  \u001b[36m/>\u001b[39m\n\n  Name \"\":\n  \u001b[36m<p\u001b[39m\n    \u001b[33mclass\u001b[39m=\u001b[32m\"helper\"\u001b[39m\n  \u001b[36m/>\u001b[39m\n\n  Name \"\":\n  \u001b[36m<p\u001b[39m\n    \u001b[33mclass\u001b[39m=\u001b[32m\"panel-label\"\u001b[39m\n  \u001b[36m/>\u001b[39m\n\n  Name \"\":\n  \u001b[36m<p\u001b[39m\n    \u001b[33mclass\u001b[39m=\u001b[32m\"helper\"\u001b[39m\n  \u001b[36m/>\u001b[39m\n\n  Name \"\":\n  \u001b[36m<p\u001b[39m\n    \u001b[33mclass\u001b[39m=\u001b[32m\"panel-label\"\u001b[39m\n  \u001b[36m/>\u001b[39m\n\n  Name \"\":\n  \u001b[36m<p\u001b[39m\n    \u001b[33mclass\u001b[39m=\u001b[32m\"panel-label\"\u001b[39m\n  \u001b[36m/>\u001b[39m\n\n  Name \"\":\n  \u001b[36m<p\u001b[39m\n    \u001b[33mclass\u001b[39m=\u001b[32m\"helper\"\u001b[39m\n  \u001b[36m/>\u001b[39m\n\n  Name \"\":\n  \u001b[36m<p\u001b[39m\n    \u001b[33mclass\u001b[39m=\u001b[32m\"panel-label\"\u001b[39m\n  \u001b[36m/>\u001b[39m\n\n  Name \"\":\n  \u001b[36m<p\u001b[39m\n    \u001b[33mclass\u001b[39m=\u001b[32m\"helper\"\u001b[39m\n  \u001b[36m/>\u001b[39m\n\n  Name \"\":\n  \u001b[36m<p\u001b[39m\n    \u001b[33mclass\u001b[39m=\u001b[32m\"panel-label\"\u001b[39m\n  \u001b[36m/>\u001b[39m\n\n  Name \"\":\n  \u001b[36m<p\u001b[39m\n    \u001b[33mclass\u001b[39m=\u001b[32m\"helper\"\u001b[39m\n  \u001b[36m/>\u001b[39m\n\n  Name \"\":\n  \u001b[36m<p\u001b[39m\n    \u001b[33mclass\u001b[39m=\u001b[32m\"helper\"\u001b[39m\n  \u001b[36m/>\u001b[39m\n\n  Name \"\":\n  \u001b[36m<p\u001b[39m\n    \u001b[33mclass\u001b[39m=\u001b[32m\"helper\"\u001b[39m\n  \u001b[36m/>\u001b[39m\n\n  Name \"\":\n  \u001b[36m<p\u001b[39m\n    \u001b[33mclass\u001b[39m=\u001b[32m\"panel-label\"\u001b[39m\n  \u001b[36m/>\u001b[39m\n\n  Name \"\":\n  \u001b[36m<p\u001b[39m\n    \u001b[33mclass\u001b[39m=\u001b[32m\"helper\"\u001b[39m\n  \u001b[36m/>\u001b[39m\n\n  Name \"\":\n  \u001b[36m<p\u001b[39m\n    \u001b[33mclass\u001b[39m=\u001b[32m\"stat-label\"\u001b[39m\n  \u001b[36m/>\u001b[39m\n\n  Name \"\":\n  \u001b[36m<p\u001b[39m\n    \u001b[33mclass\u001b[39m=\u001b[32m\"summary-value\"\u001b[39m\n  \u001b[36m/>\u001b[39m\n\n  Name \"\":\n  \u001b[36m<p\u001b[39m\n    \u001b[33mclass\u001b[39m=\u001b[32m\"helper\"\u001b[39m\n  \u001b[36m/>\u001b[39m\n\n  Name \"\":\n  \u001b[36m<p\u001b[39m\n    \u001b[33mclass\u001b[39m=\u001b[32m\"stat-label\"\u001b[39m\n  \u001b[36m/>\u001b[39m\n\n  Name \"\":\n  \u001b[36m<p\u001b[39m\n    \u001b[33mclass\u001b[39m=\u001b[32m\"summary-value positive-text\"\u001b[39m\n  \u001b[36m/>\u001b[39m\n\n  Name \"\":\n  \u001b[36m<p\u001b[39m\n    \u001b[33mclass\u001b[39m=\u001b[32m\"helper\"\u001b[39m\n  \u001b[36m/>\u001b[39m\n\n  Name \"\":\n  \u001b[36m<p\u001b[39m\n    \u001b[33mclass\u001b[39m=\u001b[32m\"stat-label\"\u001b[39m\n  \u001b[36m/>\u001b[39m\n\n  Name \"\":\n  \u001b[36m<p\u001b[39m\n    \u001b[33mclass\u001b[39m=\u001b[32m\"summary-value positive-text\"\u001b[39m\n  \u001b[36m/>\u001b[39m\n\n  Name \"\":\n  \u001b[36m<p\u001b[39m\n    \u001b[33mclass\u001b[39m=\u001b[32m\"helper\"\u001b[39m\n  \u001b[36m/>\u001b[39m\n\n  Name \"\":\n  \u001b[36m<p\u001b[39m\n    \u001b[33mclass\u001b[39m=\u001b[32m\"stat-label\"\u001b[39m\n  \u001b[36m/>\u001b[39m\n\n  Name \"\":\n  \u001b[36m<p\u001b[39m\n    \u001b[33mclass\u001b[39m=\u001b[32m\"summary-value\"\u001b[39m\n  \u001b[36m/>\u001b[39m\n\n  Name \"\":\n  \u001b[36m<p\u001b[39m\n    \u001b[33mclass\u001b[39m=\u001b[32m\"helper\"\u001b[39m\n  \u001b[36m/>\u001b[39m\n\n  Name \"\":\n  \u001b[36m<p\u001b[39m\n    \u001b[33mclass\u001b[39m=\u001b[32m\"panel-label\"\u001b[39m\n  \u001b[36m/>\u001b[39m\n\n  Name \"\":\n  \u001b[36m<p\u001b[39m\n    \u001b[33mclass\u001b[39m=\u001b[32m\"helper positive-text\"\u001b[39m\n  \u001b[36m/>\u001b[39m\n\n  Name \"\":\n  \u001b[36m<p\u001b[39m\n    \u001b[33mclass\u001b[39m=\u001b[32m\"helper backtest-section-helper\"\u001b[39m\n  \u001b[36m/>\u001b[39m\n\n  Name \"\":\n  \u001b[36m<p\u001b[39m\n    \u001b[33mclass\u001b[39m=\u001b[32m\"panel-label\"\u001b[39m\n  \u001b[36m/>\u001b[39m\n\n  Name \"\":\n  \u001b[36m<p\u001b[39m\n    \u001b[33mclass\u001b[39m=\u001b[32m\"helper positive-text\"\u001b[39m\n  \u001b[36m/>\u001b[39m\n\n  Name \"\":\n  \u001b[36m<p\u001b[39m\n    \u001b[33mclass\u001b[39m=\u001b[32m\"helper backtest-section-helper\"\u001b[39m\n  \u001b[36m/>\u001b[39m\n\n  Name \"\":\n  \u001b[36m<p\u001b[39m\n    \u001b[33mclass\u001b[39m=\u001b[32m\"helper\"\u001b[39m\n  \u001b[36m/>\u001b[39m\n\n  Name \"\":\n  \u001b[36m<p\u001b[39m\n    \u001b[33mclass\u001b[39m=\u001b[32m\"panel-label\"\u001b[39m\n  \u001b[36m/>\u001b[39m\n\n  Name \"\":\n  \u001b[36m<p\u001b[39m\n    \u001b[33mclass\u001b[39m=\u001b[32m\"helper\"\u001b[39m\n  \u001b[36m/>\u001b[39m\n\n  Name \"\":\n  \u001b[36m<p\u001b[39m\n    \u001b[33mclass\u001b[39m=\u001b[32m\"panel-label\"\u001b[39m\n  \u001b[36m/>\u001b[39m\n\n  Name \"\":\n  \u001b[36m<p\u001b[39m\n    \u001b[33mclass\u001b[39m=\u001b[32m\"helper\"\u001b[39m\n  \u001b[36m/>\u001b[39m\n\n  Name \"\":\n  \u001b[36m<p\u001b[39m\n    \u001b[33mclass\u001b[39m=\u001b[32m\"empty-state-title\"\u001b[39m\n  \u001b[36m/>\u001b[39m\n\n  Name \"\":\n  \u001b[36m<p\u001b[39m\n    \u001b[33mclass\u001b[39m=\u001b[32m\"helper\"\u001b[39m\n  \u001b[36m/>\u001b[39m\n\n  --------------------------------------------------\n  navigation:\n\n  Name \"Main workspace tabs\":\n  \u001b[36m<nav\u001b[39m\n    \u001b[33maria-label\u001b[39m=\u001b[32m\"Main workspace tabs\"\u001b[39m\n    \u001b[33mclass\u001b[39m=\u001b[32m\"tab-bar main-menu\"\u001b[39m\n  \u001b[36m/>\u001b[39m\n\n  --------------------------------------------------\n  button:\n\n  Name \"Dashboard\":\n  \u001b[36m<button\u001b[39m\n    \u001b[33mclass\u001b[39m=\u001b[32m\"tab-button\"\u001b[39m\n  \u001b[36m/>\u001b[39m\n\n  Name \"Exposure\":\n  \u001b[36m<button\u001b[39m\n    \u001b[33mclass\u001b[39m=\u001b[32m\"tab-button\"\u001b[39m\n  \u001b[36m/>\u001b[39m\n\n  Name \"Diagnostics\":\n  \u001b[36m<button\u001b[39m\n    \u001b[33mclass\u001b[39m=\u001b[32m\"tab-button\"\u001b[39m\n  \u001b[36m/>\u001b[39m\n\n  Name \"Workspace\":\n  \u001b[36m<button\u001b[39m\n    \u001b[33maria-current\u001b[39m=\u001b[32m\"page\"\u001b[39m\n    \u001b[33mclass\u001b[39m=\u001b[32m\"tab-button active\"\u001b[39m\n  \u001b[36m/>\u001b[39m\n\n  Name \"Backtest\":\n  \u001b[36m<button\u001b[39m\n    \u001b[33mclass\u001b[39m=\u001b[32m\"tab-button\"\u001b[39m\n  \u001b[36m/>\u001b[39m\n\n  Name \"Strategy Lab\":\n  \u001b[36m<button\u001b[39m\n    \u001b[33mclass\u001b[39m=\u001b[32m\"tab-button\"\u001b[39m\n  \u001b[36m/>\u001b[39m\n\n  Name \"ETF Ranking\":\n  \u001b[36m<button\u001b[39m\n    \u001b[33mclass\u001b[39m=\u001b[32m\"tab-button\"\u001b[39m\n  \u001b[36m/>\u001b[39m\n\n  Name \"Open Backtest\":\n  \u001b[36m<button\u001b[39m\n    \u001b[33mclass\u001b[39m=\u001b[32m\"secondary-button\"\u001b[39m\n    \u001b[33mtype\u001b[39m=\u001b[32m\"button\"\u001b[39m\n  \u001b[36m/>\u001b[39m\n\n  Name \"Open Strategy Lab\":\n  \u001b[36m<button\u001b[39m\n    \u001b[33mclass\u001b[39m=\u001b[32m\"secondary-button\"\u001b[39m\n    \u001b[33mtype\u001b[39m=\u001b[32m\"button\"\u001b[39m\n  \u001b[36m/>\u001b[39m\n\n  Name \"Open ETF Ranking\":\n  \u001b[36m<button\u001b[39m\n    \u001b[33mclass\u001b[39m=\u001b[32m\"secondary-button\"\u001b[39m\n    \u001b[33mtype\u001b[39m=\u001b[32m\"button\"\u001b[39m\n  \u001b[36m/>\u001b[39m\n\n  Name \"Compare\":\n  \u001b[36m<button\u001b[39m\n    \u001b[33mclass\u001b[39m=\u001b[32m\"toggle-chip active\"\u001b[39m\n    \u001b[33mtype\u001b[39m=\u001b[32m\"button\"\u001b[39m\n  \u001b[36m/>\u001b[39m\n\n  Name \"Use Current Portfolio\":\n  \u001b[36m<button\u001b[39m\n    \u001b[33mclass\u001b[39m=\u001b[32m\"toggle-chip\"\u001b[39m\n    \u001b[33mtype\u001b[39m=\u001b[32m\"button\"\u001b[39m\n  \u001b[36m/>\u001b[39m\n\n  Name \"Add Row\":\n  \u001b[36m<button\u001b[39m\n    \u001b[33mclass\u001b[39m=\u001b[32m\"toggle-chip\"\u001b[39m\n    \u001b[33mtype\u001b[39m=\u001b[32m\"button\"\u001b[39m\n  \u001b[36m/>\u001b[39m\n\n  Name \"Remove\":\n  \u001b[36m<button\u001b[39m\n    \u001b[33mclass\u001b[39m=\u001b[32m\"toggle-chip\"\u001b[39m\n    \u001b[33mtype\u001b[39m=\u001b[32m\"button\"\u001b[39m\n  \u001b[36m/>\u001b[39m\n\n  Name \"Remove\":\n  \u001b[36m<button\u001b[39m\n    \u001b[33mclass\u001b[39m=\u001b[32m\"toggle-chip\"\u001b[39m\n    \u001b[33mtype\u001b[39m=\u001b[32m\"button\"\u001b[39m\n  \u001b[36m/>\u001b[39m\n\n  Name \"Copy Baseline to Candidate\":\n  \u001b[36m<button\u001b[39m\n    \u001b[33mclass\u001b[39m=\u001b[32m\"toggle-chip\"\u001b[39m\n    \u001b[33mtype\u001b[39m=\u001b[32m\"button\"\u001b[39m\n  \u001b[36m/>\u001b[39m\n\n  Name \"Normalize\":\n  \u001b[36m<button\u001b[39m\n    \u001b[33mclass\u001b[39m=\u001b[32m\"toggle-chip\"\u001b[39m\n    \u001b[33mtype\u001b[39m=\u001b[32m\"button\"\u001b[39m\n  \u001b[36m/>\u001b[39m\n\n  Name \"Clear\":\n  \u001b[36m<button\u001b[39m\n    \u001b[33mclass\u001b[39m=\u001b[32m\"toggle-chip\"\u001b[39m\n    \u001b[33mtype\u001b[39m=\u001b[32m\"button\"\u001b[39m\n  \u001b[36m/>\u001b[39m\n\n  Name \"Add Row\":\n  \u001b[36m<button\u001b[39m\n    \u001b[33mclass\u001b[39m=\u001b[32m\"toggle-chip\"\u001b[39m\n    \u001b[33mtype\u001b[39m=\u001b[32m\"button\"\u001b[39m\n  \u001b[36m/>\u001b[39m\n\n  Name \"Remove\":\n  \u001b[36m<button\u001b[39m\n    \u001b[33mclass\u001b[39m=\u001b[32m\"toggle-chip\"\u001b[39m\n    \u001b[33mtype\u001b[39m=\u001b[32m\"button\"\u001b[39m\n  \u001b[36m/>\u001b[39m\n\n  Name \"Remove\":\n  \u001b[36m<button\u001b[39m\n    \u001b[33mclass\u001b[39m=\u001b[32m\"toggle-chip\"\u001b[39m\n    \u001b[33mtype\u001b[39m=\u001b[32m\"button\"\u001b[39m\n  \u001b[36m/>\u001b[39m\n\n  Name \"Run Portfolio Improvement Replay\":\n  \u001b[36m<button\u001b[39m\n    \u001b[33mclass\u001b[39m=\u001b[32m\"primary-button\"\u001b[39m\n    \u001b[33mtype\u001b[39m=\u001b[32m\"submit\"\u001b[39m\n  \u001b[36m/>\u001b[39m\n\n  --------------------------------------------------\n  article:\n\n  Name \"\":\n  \u001b[36m<article\u001b[39m\n    \u001b[33mclass\u001b[39m=\u001b[32m\"panel\"\u001b[39m\n  \u001b[36m/>\u001b[39m\n\n  --------------------------------------------------\n  heading:\n\n  Name \"Portfolio Research Workspace\":\n  \u001b[36m<h2 />\u001b[39m\n\n  --------------------------------------------------\n  textbox:\n\n  Name \"Portfolio Name\":\n  \u001b[36m<input\u001b[39m\n    \u001b[33mclass\u001b[39m=\u001b[32m\"path-input\"\u001b[39m\n    \u001b[33mvalue\u001b[39m=\u001b[32m\"Candidate\"\u001b[39m\n  \u001b[36m/>\u001b[39m\n\n  Name \"Benchmark Symbol\":\n  \u001b[36m<input\u001b[39m\n    \u001b[33mclass\u001b[39m=\u001b[32m\"path-input\"\u001b[39m\n    \u001b[33mvalue\u001b[39m=\u001b[32m\"SPY\"\u001b[39m\n  \u001b[36m/>\u001b[39m\n\n  Name \"Initial Capital\":\n  \u001b[36m<input\u001b[39m\n    \u001b[33mclass\u001b[39m=\u001b[32m\"path-input\"\u001b[39m\n    \u001b[33minputmode\u001b[39m=\u001b[32m\"decimal\"\u001b[39m\n    \u001b[33mvalue\u001b[39m=\u001b[32m\"100000\"\u001b[39m\n  \u001b[36m/>\u001b[39m\n\n  Name \"Commission Bps\":\n  \u001b[36m<input\u001b[39m\n    \u001b[33mclass\u001b[39m=\u001b[32m\"path-input\"\u001b[39m\n    \u001b[33minputmode\u001b[39m=\u001b[32m\"decimal\"\u001b[39m\n    \u001b[33mvalue\u001b[39m=\u001b[32m\"0\"\u001b[39m\n  \u001b[36m/>\u001b[39m\n\n  Name \"Slippage Bps\":\n  \u001b[36m<input\u001b[39m\n    \u001b[33mclass\u001b[39m=\u001b[32m\"path-input\"\u001b[39m\n    \u001b[33minputmode\u001b[39m=\u001b[32m\"decimal\"\u001b[39m\n    \u001b[33mvalue\u001b[39m=\u001b[32m\"0\"\u001b[39m\n  \u001b[36m/>\u001b[39m\n\n  Name \"Drift Tolerance Pct\":\n  \u001b[36m<input\u001b[39m\n    \u001b[33mclass\u001b[39m=\u001b[32m\"path-input\"\u001b[39m\n    \u001b[33minputmode\u001b[39m=\u001b[32m\"decimal\"\u001b[39m\n    \u001b[33mplaceholder\u001b[39m=\u001b[32m\"Optional\"\u001b[39m\n    \u001b[33mvalue\u001b[39m=\u001b[32m\"\"\u001b[39m\n  \u001b[36m/>\u001b[39m\n\n  Name \"reference-symbol-0\":\n  \u001b[36m<input\u001b[39m\n    \u001b[33maria-label\u001b[39m=\u001b[32m\"reference-symbol-0\"\u001b[39m\n    \u001b[33mclass\u001b[39m=\u001b[32m\"path-input\"\u001b[39m\n    \u001b[33mplaceholder\u001b[39m=\u001b[32m\"Symbol\"\u001b[39m\n    \u001b[33mvalue\u001b[39m=\u001b[32m\"AAPL\"\u001b[39m\n  \u001b[36m/>\u001b[39m\n\n  Name \"reference-weight-0\":\n  \u001b[36m<input\u001b[39m\n    \u001b[33maria-label\u001b[39m=\u001b[32m\"reference-weight-0\"\u001b[39m\n    \u001b[33mclass\u001b[39m=\u001b[32m\"path-input\"\u001b[39m\n    \u001b[33mplaceholder\u001b[39m=\u001b[32m\"1.00\"\u001b[39m\n    \u001b[33mvalue\u001b[39m=\u001b[32m\"0.5556\"\u001b[39m\n  \u001b[36m/>\u001b[39m\n\n  Name \"reference-symbol-1\":\n  \u001b[36m<input\u001b[39m\n    \u001b[33maria-label\u001b[39m=\u001b[32m\"reference-symbol-1\"\u001b[39m\n    \u001b[33mclass\u001b[39m=\u001b[32m\"path-input\"\u001b[39m\n    \u001b[33mplaceholder\u001b[39m=\u001b[32m\"Symbol\"\u001b[39m\n    \u001b[33mvalue\u001b[39m=\u001b[32m\"MSFT\"\u001b[39m\n  \u001b[36m/>\u001b[39m\n\n  Name \"reference-weight-1\":\n  \u001b[36m<input\u001b[39m\n    \u001b[33maria-label\u001b[39m=\u001b[32m\"reference-weight-1\"\u001b[39m\n    \u001b[33mclass\u001b[39m=\u001b[32m\"path-input\"\u001b[39m\n    \u001b[33mplaceholder\u001b[39m=\u001b[32m\"1.00\"\u001b[39m\n    \u001b[33mvalue\u001b[39m=\u001b[32m\"0.4444\"\u001b[39m\n  \u001b[36m/>\u001b[39m\n\n  Name \"candidate-symbol-0\":\n  \u001b[36m<input\u001b[39m\n    \u001b[33maria-label\u001b[39m=\u001b[32m\"candidate-symbol-0\"\u001b[39m\n    \u001b[33mclass\u001b[39m=\u001b[32m\"path-input\"\u001b[39m\n    \u001b[33mplaceholder\u001b[39m=\u001b[32m\"Symbol\"\u001b[39m\n    \u001b[33mvalue\u001b[39m=\u001b[32m\"SPY\"\u001b[39m\n  \u001b[36m/>\u001b[39m\n\n  Name \"candidate-weight-0\":\n  \u001b[36m<input\u001b[39m\n    \u001b[33maria-label\u001b[39m=\u001b[32m\"candidate-weight-0\"\u001b[39m\n    \u001b[33mclass\u001b[39m=\u001b[32m\"path-input\"\u001b[39m\n    \u001b[33mplaceholder\u001b[39m=\u001b[32m\"0.50\"\u001b[39m\n    \u001b[33mvalue\u001b[39m=\u001b[32m\"0.60\"\u001b[39m\n  \u001b[36m/>\u001b[39m\n\n  Name \"candidate-symbol-1\":\n  \u001b[36m<input\u001b[39m\n    \u001b[33maria-label\u001b[39m=\u001b[32m\"candidate-symbol-1\"\u001b[39m\n    \u001b[33mclass\u001b[39m=\u001b[32m\"path-input\"\u001b[39m\n    \u001b[33mplaceholder\u001b[39m=\u001b[32m\"Symbol\"\u001b[39m\n    \u001b[33mvalue\u001b[39m=\u001b[32m\"TLT\"\u001b[39m\n  \u001b[36m/>\u001b[39m\n\n  Name \"candidate-weight-1\":\n  \u001b[36m<input\u001b[39m\n    \u001b[33maria-label\u001b[39m=\u001b[32m\"candidate-weight-1\"\u001b[39m\n    \u001b[33mclass\u001b[39m=\u001b[32m\"path-input\"\u001b[39m\n    \u001b[33mplaceholder\u001b[39m=\u001b[32m\"0.50\"\u001b[39m\n    \u001b[33mvalue\u001b[39m=\u001b[32m\"0.40\"\u001b[39m\n  \u001b[36m/>\u001b[39m\n\n  --------------------------------------------------\n  combobox:\n\n  Name \"Rebalance Frequency\":\n  \u001b[36m<select\u001b[39m\n    \u001b[33mclass\u001b[39m=\u001b[32m\"path-input\"\u001b[39m\n  \u001b[36m/>\u001b[39m\n\n  --------------------------------------------------\n  option:\n\n  Name \"None\":\n  \u001b[36m<option\u001b[39m\n    \u001b[33mvalue\u001b[39m=\u001b[32m\"none\"\u001b[39m\n  \u001b[36m/>\u001b[39m\n\n  Name \"Monthly\":\n  \u001b[36m<option\u001b[39m\n    \u001b[33mvalue\u001b[39m=\u001b[32m\"monthly\"\u001b[39m\n  \u001b[36m/>\u001b[39m\n\n  Name \"Quarterly\":\n  \u001b[36m<option\u001b[39m\n    \u001b[33mvalue\u001b[39m=\u001b[32m\"quarterly\"\u001b[39m\n  \u001b[36m/>\u001b[39m\n\n  --------------------------------------------------\n\nIgnored nodes: comments, script, style\n\u001b[36m<body>\u001b[39m\n  \u001b[36m<span\u001b[39m\n    \u001b[33maria-hidden\u001b[39m=\u001b[32m\"true\"\u001b[39m\n    \u001b[33mid\u001b[39m=\u001b[32m\"recharts_measurement_span\"\u001b[39m\n    \u001b[33mstyle\u001b[39m=\u001b[32m\"position: absolute; top: -20000px; left: 0px; padding: 0px; margin: 0px; white-space: pre; letter-spacing: undefined;\"\u001b[39m\n  \u001b[36m>\u001b[39m\n    \u001b[0m \u001b[0m\n  \u001b[36m</span>\u001b[39m\n  \u001b[36m<div>\u001b[39m\n    \u001b[36m<main\u001b[39m\n      \u001b[33mclass\u001b[39m=\u001b[32m\"shell\"\u001b[39m\n    \u001b[36m>\u001b[39m\n      \u001b[36m<header\u001b[39m\n        \u001b[33mclass\u001b[39m=\u001b[32m\"topbar\"\u001b[39m\n      \u001b[36m>\u001b[39m\n        \u001b[36m<div>\u001b[39m\n          \u001b[36m<p\u001b[39m\n            \u001b[33mclass\u001b[39m=\u001b[32m\"eyebrow\"\u001b[39m\n          \u001b[36m>\u001b[39m\n            \u001b[0mPortfolio Workstation\u001b[0m\n          \u001b[36m</p>\u001b[39m\n          \u001b[36m<p\u001b[39m\n            \u001b[33mclass\u001b[39m=\u001b[32m\"helper workflow-status-text\"\u001b[39m\n          \u001b[36m>\u001b[39m\n            \u001b[0mPortfolio Loaded\u001b[0m\n          \u001b[36m</p>\u001b[39m\n        \u001b[36m</div>\u001b[39m\n        \u001b[36m<div\u001b[39m\n          \u001b[33mclass\u001b[39m=\u001b[32m\"topbar-meta\"\u001b[39m\n        \u001b[36m>\u001b[39m\n          \u001b[36m<span\u001b[39m\n            \u001b[33mclass\u001b[39m=\u001b[32m\"status-dot\"\u001b[39m\n          \u001b[36m/>\u001b[39m\n          \u001b[36m<span>\u001b[39m\n            \u001b[0mLocal Quant Engine\u001b[0m\n          \u001b[36m</span>\u001b[39m\n        \u001b[36m</div>\u001b[39m\n      \u001b[36m</header>\u001b[39m\n      \u001b[36m<input\u001b[39m\n        \u001b[33maccept\u001b[39m=\u001b[32m\"application/pdf,.pdf\"\u001b[39m\n        \u001b[33mhidden\u001b[39m=\u001b[32m\"\"\u001b[39m\n        \u001b[33mmultiple\u001b[39m=\u001b[32m\"\"\u001b[39m\n        \u001b[33mtype\u001b[39m=\u001b[32m\"file\"\u001b[39m\n      \u001b[36m/>\u001b[39m\n      \u001b[36m<nav\u001b[39m\n        \u001b[33maria-label\u001b[39m=\u001b[32m\"Main workspace tabs\"\u001b[39m\n        \u001b[33mclass\u001b[39m=\u001b[32m\"tab-bar main-menu\"\u001b[39m\n      \u001b[36m>\u001b[39m\n        \u001b[36m<button\u001b[39m\n          \u001b[33mclass\u001b[39m=\u001b[32m\"tab-button\"\u001b[39m\n        \u001b[36m>\u001b[39m\n          \u001b[0mDashboard\u001b[0m\n        \u001b[36m</button>\u001b[39m\n        \u001b[36m<button\u001b[39m\n          \u001b[33mclass\u001b[39m=\u001b[32m\"tab-button\"\u001b[39m\n        \u001b[36m>\u001b[39m\n          \u001b[0mExposure\u001b[0m\n        \u001b[36m</button>\u001b[39m\n        \u001b[36m<button\u001b[39m\n          \u001b[33mclass\u001b[39m=\u001b[32m\"tab-button\"\u001b[39m\n        \u001b[36m>\u001b[39m\n          \u001b[0mDiagnostics\u001b[0m\n        \u001b[36m</button>\u001b[39m\n        \u001b[36m<button\u001b[39m\n          \u001b[33maria-current\u001b[39m=\u001b[32m\"page\"\u001b[39m\n          \u001b[33mclass\u001b[39m=\u001b[32m\"tab-button active\"\u001b[39m\n        \u001b[36m>\u001b[39m\n          \u001b[0mWorkspace\u001b[0m\n        \u001b[36m</button>\u001b[39m\n        \u001b[36m<button\u001b[39m\n          \u001b[33mclass\u001b[39m=\u001b[32m\"tab-button\"\u001b[39m\n        \u001b[36m>\u001b[39m\n          \u001b[0mBacktest\u001b[0m\n        \u001b[36m</button>\u001b[39m\n        \u001b[36m<button\u001b[39m\n          \u001b[33mclass\u001b[39m=\u001b[32m\"tab-button\"\u001b[39m\n        \u001b[36m>\u001b[39m\n          \u001b[0mStrategy Lab\u001b[0m\n        \u001b[36m</button>\u001b[39m\n        \u001b[36m<button\u001b[39m\n          \u001b[33mclass\u001b[39m=\u001b[32m\"tab-button\"\u001b[39m\n        \u001b[36m>\u001b[39m\n          \u001b[0mETF Ranking\u001b[0m\n        \u001b[36m</button>\u001b[39m\n      \u001b[36m</nav>\u001b[39m\n      \u001b[36m<section\u001b[39m\n        \u001b[33mclass\u001b[39m=\u001b[32m\"grid grid-single\"\u001b[39m\n      \u001b[36m>\u001b[39m\n        \u001b[36m<article\u001b[39m\n          \u001b[33mclass\u001b[39m=\u001b[32m\"panel\"\u001b[39m\n        \u001b[36m>\u001b[39m\n          \u001b[36m<section\u001b[39m\n            \u001b[33mclass\u001b[39m=\u001b[32m\"workspace-section panel\"\u001b[39m\n          \u001b[36m>\u001b[39m\n            \u001b[36m<h2>\u001b[39m\n              \u001b[0mPortfolio Research Workspace\u001b[0m\n            \u001b[36m</h2>\u001b[39m\n            \u001b[36m<section\u001b[39m\n              \u001b[33mclass\u001b[39m=\u001b[32m\"dashboard-bottom-grid\"\u001b[39m\n             
[...]
9m=\u001b[32m\"0.0151\"\u001b[39m\n  \u001b[36m/>\u001b[39m\n\n  Name \"reference-symbol-12\":\n  \u001b[36m<input\u001b[39m\n    \u001b[33maria-label\u001b[39m=\u001b[32m\"reference-symbol-12\"\u001b[39m\n    \u001b[33mclass\u001b[39m=\u001b[32m\"path-input\"\u001b[39m\n    \u001b[33mplaceholder\u001b[39m=\u001b[32m\"Symbol\"\u001b[39m\n    \u001b[33mvalue\u001b[39m=\u001b[32m\"SEMI\"\u001b[39m\n  \u001b[36m/>\u001b[39m\n\n  Name \"reference-weight-12\":\n  \u001b[36m<input\u001b[39m\n    \u001b[33maria-label\u001b[39m=\u001b[32m\"reference-weight-12\"\u001b[39m\n    \u001b[33mclass\u001b[39m=\u001b[32m\"path-input\"\u001b[39m\n    \u001b[33mplaceholder\u001b[39m=\u001b[32m\"1.00\"\u001b[39m\n    \u001b[33mvalue\u001b[39m=\u001b[32m\"0.0146\"\u001b[39m\n  \u001b[36m/>\u001b[39m\n\n  Name \"reference-symbol-13\":\n  \u001b[36m<input\u001b[39m\n    \u001b[33maria-label\u001b[39m=\u001b[32m\"reference-symbol-13\"\u001b[39m\n    \u001b[33mclass\u001b[39m=\u001b[32m\"path-input\"\u001b[39m\n    \u001b[33mplaceholder\u001b[39m=\u001b[32m\"Symbol\"\u001b[39m\n    \u001b[33mvalue\u001b[39m=\u001b[32m\"IAUP\"\u001b[39m\n  \u001b[36m/>\u001b[39m\n\n  Name \"reference-weight-13\":\n  \u001b[36m<input\u001b[39m\n    \u001b[33maria-label\u001b[39m=\u001b[32m\"reference-weight-13\"\u001b[39m\n    \u001b[33mclass\u001b[39m=\u001b[32m\"path-input\"\u001b[39m\n    \u001b[33mplaceholder\u001b[39m=\u001b[32m\"1.00\"\u001b[39m\n    \u001b[33mvalue\u001b[39m=\u001b[32m\"0.0145\"\u001b[39m\n  \u001b[36m/>\u001b[39m\n\n  Name \"reference-symbol-14\":\n  \u001b[36m<input\u001b[39m\n    \u001b[33maria-label\u001b[39m=\u001b[32m\"reference-symbol-14\"\u001b[39m\n    \u001b[33mclass\u001b[39m=\u001b[32m\"path-input\"\u001b[39m\n    \u001b[33mplaceholder\u001b[39m=\u001b[32m\"Symbol\"\u001b[39m\n    \u001b[33mvalue\u001b[39m=\u001b[32m\"DUOL\"\u001b[39m\n  \u001b[36m/>\u001b[39m\n\n  Name \"reference-weight-14\":\n  \u001b[36m<input\u001b[39m\n    \u001b[33maria-label\u001b[39m=\u001b[32m\"reference-weight-14\"\u001b[39m\n    \u001b[33mclass\u001b[39m=\u001b[32m\"path-input\"\u001b[39m\n    \u001b[33mplaceholder\u001b[39m=\u001b[32m\"1.00\"\u001b[39m\n    \u001b[33mvalue\u001b[39m=\u001b[32m\"0.0122\"\u001b[39m\n  \u001b[36m/>\u001b[39m\n\n  Name \"reference-symbol-15\":\n  \u001b[36m<input\u001b[39m\n    \u001b[33maria-label\u001b[39m=\u001b[32m\"reference-symbol-15\"\u001b[39m\n    \u001b[33mclass\u001b[39m=\u001b[32m\"path-input\"\u001b[39m\n    \u001b[33mplaceholder\u001b[39m=\u001b[32m\"Symbol\"\u001b[39m\n    \u001b[33mvalue\u001b[39m=\u001b[32m\"PYPL\"\u001b[39m\n  \u001b[36m/>\u001b[39m\n\n  Name \"reference-weight-15\":\n  \u001b[36m<input\u001b[39m\n    \u001b[33maria-label\u001b[39m=\u001b[32m\"reference-weight-15\"\u001b[39m\n    \u001b[33mclass\u001b[39m=\u001b[32m\"path-input\"\u001b[39m\n    \u001b[33mplaceholder\u001b[39m=\u001b[32m\"1.00\"\u001b[39m\n    \u001b[33mvalue\u001b[39m=\u001b[32m\"0.0110\"\u001b[39m\n  \u001b[36m/>\u001b[39m\n\n  Name \"reference-symbol-16\":\n  \u001b[36m<input\u001b[39m\n    \u001b[33maria-label\u001b[39m=\u001b[32m\"reference-symbol-16\"\u001b[39m\n    \u001b[33mclass\u001b[39m=\u001b[32m\"path-input\"\u001b[39m\n    \u001b[33mplaceholder\u001b[39m=\u001b[32m\"Symbol\"\u001b[39m\n    \u001b[33mvalue\u001b[39m=\u001b[32m\"LYFT\"\u001b[39m\n  \u001b[36m/>\u001b[39m\n\n  Name \"reference-weight-16\":\n  \u001b[36m<input\u001b[39m\n    \u001b[33maria-label\u001b[39m=\u001b[32m\"reference-weight-16\"\u001b[39m\n    \u001b[33mclass\u001b[39m=\u001b[32m\"path-input\"\u001b[39m\n    \u001b[33mplaceholder\u001b[39m=\u001b[32m\"1.00\"\u001b[39m\n    \u001b[33mvalue\u001b[39m=\u001b[32m\"0.0096\"\u001b[39m\n  \u001b[36m/>\u001b[39m\n\n  Name \"reference-symbol-17\":\n  \u001b[36m<input\u001b[39m\n    \u001b[33maria-label\u001b[39m=\u001b[32m\"reference-symbol-17\"\u001b[39m\n    \u001b[33mclass\u001b[39m=\u001b[32m\"path-input\"\u001b[39m\n    \u001b[33mplaceholder\u001b[39m=\u001b[32m\"Symbol\"\u001b[39m\n    \u001b[33mvalue\u001b[39m=\u001b[32m\"ADBE\"\u001b[39m\n  \u001b[36m/>\u001b[39m\n\n  Name \"reference-weight-17\":\n  \u001b[36m<input\u001b[39m\n    \u001b[33maria-label\u001b[39m=\u001b[32m\"reference-weight-17\"\u001b[39m\n    \u001b[33mclass\u001b[39m=\u001b[32m\"path-input\"\u001b[39m\n    \u001b[33mplaceholder\u001b[39m=\u001b[32m\"1.00\"\u001b[39m\n    \u001b[33mvalue\u001b[39m=\u001b[32m\"0.0082\"\u001b[39m\n  \u001b[36m/>\u001b[39m\n\n  Name \"reference-symbol-18\":\n  \u001b[36m<input\u001b[39m\n    \u001b[33maria-label\u001b[39m=\u001b[32m\"reference-symbol-18\"\u001b[39m\n    \u001b[33mclass\u001b[39m=\u001b[32m\"path-input\"\u001b[39m\n    \u001b[33mplaceholder\u001b[39m=\u001b[32m\"Symbol\"\u001b[39m\n    \u001b[33mvalue\u001b[39m=\u001b[32m\"CRSP\"\u001b[39m\n  \u001b[36m/>\u001b[39m\n\n  Name \"reference-weight-18\":\n  \u001b[36m<input\u001b[39m\n    \u001b[33maria-label\u001b[39m=\u001b[32m\"reference-weight-18\"\u001b[39m\n    \u001b[33mclass\u001b[39m=\u001b[32m\"path-input\"\u001b[39m\n    \u001b[33mplaceholder\u001b[39m=\u001b[32m\"1.00\"\u001b[39m\n    \u001b[33mvalue\u001b[39m=\u001b[32m\"0.0066\"\u001b[39m\n  \u001b[36m/>\u001b[39m\n\n  Name \"reference-symbol-19\":\n  \u001b[36m<input\u001b[39m\n    \u001b[33maria-label\u001b[39m=\u001b[32m\"reference-symbol-19\"\u001b[39m\n    \u001b[33mclass\u001b[39m=\u001b[32m\"path-input\"\u001b[39m\n    \u001b[33mplaceholder\u001b[39m=\u001b[32m\"Symbol\"\u001b[39m\n    \u001b[33mvalue\u001b[39m=\u001b[32m\"EDIT\"\u001b[39m\n  \u001b[36m/>\u001b[39m\n\n  Name \"reference-weight-19\":\n  \u001b[36m<input\u001b[39m\n    \u001b[33maria-label\u001b[39m=\u001b[32m\"reference-weight-19\"\u001b[39m\n    \u001b[33mclass\u001b[39m=\u001b[32m\"path-input\"\u001b[39m\n    \u001b[33mplaceholder\u001b[39m=\u001b[32m\"1.00\"\u001b[39m\n    \u001b[33mvalue\u001b[39m=\u001b[32m\"0.0021\"\u001b[39m\n  \u001b[36m/>\u001b[39m\n\n  Name \"reference-symbol-20\":\n  \u001b[36m<input\u001b[39m\n    \u001b[33maria-label\u001b[39m=\u001b[32m\"reference-symbol-20\"\u001b[39m\n    \u001b[33mclass\u001b[39m=\u001b[32m\"path-input\"\u001b[39m\n    \u001b[33mplaceholder\u001b[39m=\u001b[32m\"Symbol\"\u001b[39m\n    \u001b[33mvalue\u001b[39m=\u001b[32m\"ALLO\"\u001b[39m\n  \u001b[36m/>\u001b[39m\n\n  Name \"reference-weight-20\":\n  \u001b[36m<input\u001b[39m\n    \u001b[33maria-label\u001b[39m=\u001b[32m\"reference-weight-20\"\u001b[39m\n    \u001b[33mclass\u001b[39m=\u001b[32m\"path-input\"\u001b[39m\n    \u001b[33mplaceholder\u001b[39m=\u001b[32m\"1.00\"\u001b[39m\n    \u001b[33mvalue\u001b[39m=\u001b[32m\"0.0017\"\u001b[39m\n  \u001b[36m/>\u001b[39m\n\n  Name \"candidate-symbol-0\":\n  \u001b[36m<input\u001b[39m\n    \u001b[33maria-label\u001b[39m=\u001b[32m\"candidate-symbol-0\"\u001b[39m\n    \u001b[33mclass\u001b[39m=\u001b[32m\"path-input\"\u001b[39m\n    \u001b[33mplaceholder\u001b[39m=\u001b[32m\"Symbol\"\u001b[39m\n    \u001b[33mvalue\u001b[39m=\u001b[32m\"SPY\"\u001b[39m\n  \u001b[36m/>\u001b[39m\n\n  Name \"candidate-weight-0\":\n  \u001b[36m<input\u001b[39m\n    \u001b[33maria-label\u001b[39m=\u001b[32m\"candidate-weight-0\"\u001b[39m\n    \u001b[33mclass\u001b[39m=\u001b[32m\"path-input\"\u001b[39m\n    \u001b[33mplaceholder\u001b[39m=\u001b[32m\"0.50\"\u001b[39m\n    \u001b[33mvalue\u001b[39m=\u001b[32m\"0.60\"\u001b[39m\n  \u001b[36m/>\u001b[39m\n\n  Name \"candidate-symbol-1\":\n  \u001b[36m<input\u001b[39m\n    \u001b[33maria-label\u001b[39m=\u001b[32m\"candidate-symbol-1\"\u001b[39m\n    \u001b[33mclass\u001b[39m=\u001b[32m\"path-input\"\u001b[39m\n    \u001b[33mplaceholder\u001b[39m=\u001b[32m\"Symbol\"\u001b[39m\n    \u001b[33mvalue\u001b[39m=\u001b[32m\"TLT\"\u001b[39m\n  \u001b[36m/>\u001b[39m\n\n  Name \"candidate-weight-1\":\n  \u001b[36m<input\u001b[39m\n    \u001b[33maria-label\u001b[39m=\u001b[32m\"candidate-weight-1\"\u001b[39m\n    \u001b[33mclass\u001b[39m=\u001b[32m\"path-input\"\u001b[39m\n    \u001b[33mplaceholder\u001b[39m=\u001b[32m\"0.50\"\u001b[39m\n    \u001b[33mvalue\u001b[39m=\u001b[32m\"0.40\"\u001b[39m\n  \u001b[36m/>\u001b[39m\n\n  --------------------------------------------------\n  combobox:\n\n  Name \"Rebalance Frequency\":\n  \u001b[36m<select\u001b[39m\n    \u001b[33mclass\u001b[39m=\u001b[32m\"path-input\"\u001b[39m\n  \u001b[36m/>\u001b[39m\n\n  --------------------------------------------------\n  option:\n\n  Name \"None\":\n  \u001b[36m<option\u001b[39m\n    \u001b[33mvalue\u001b[39m=\u001b[32m\"none\"\u001b[39m\n  \u001b[36m/>\u001b[39m\n\n  Name \"Monthly\":\n  \u001b[36m<option\u001b[39m\n    \u001b[33mvalue\u001b[39m=\u001b[32m\"monthly\"\u001b[39m\n  \u001b[36m/>\u001b[39m\n\n  Name \"Quarterly\":\n  \u001b[36m<option\u001b[39m\n    \u001b[33mvalue\u001b[39m=\u001b[32m\"quarterly\"\u001b[39m\n  \u001b[36m/>\u001b[39m\n\n  --------------------------------------------------\n\nIgnored nodes: comments, script, style\n\u001b[36m<body>\u001b[39m\n  \u001b[36m<span\u001b[39m\n    \u001b[33maria-hidden\u001b[39m=\u001b[32m\"true\"\u001b[39m\n    \u001b[33mid\u001b[39m=\u001b[32m\"recharts_measurement_span\"\u001b[39m\n    \u001b[33mstyle\u001b[39m=\u001b[32m\"position: absolute; top: -20000px; left: 0px; padding: 0px; margin: 0px; white-space: pre; letter-spacing: undefined;\"\u001b[39m\n  \u001b[36m>\u001b[39m\n    \u001b[0m \u001b[0m\n  \u001b[36m</span>\u001b[39m\n  \u001b[36m<div>\u001b[39m\n    \u001b[36m<main\u001b[39m\n      \u001b[33mclass\u001b[39m=\u001b[32m\"shell\"\u001b[39m\n    \u001b[36m>\u001b[39m\n      \u001b[36m<header\u001b[39m\n        \u001b[33mclass\u001b[39m=\u001b[32m\"topbar\"\u001b[39m\n      \u001b[36m>\u001b[39m\n        \u001b[36m<div>\u001b[39m\n          \u001b[36m<p\u001b[39m\n            \u001b[33mclass\u001b[39m=\u001b[32m\"eyebrow\"\u001b[39m\n          \u001b[36m>\u001b[39m\n            \u001b[0mPortfolio Workstation\u001b[0m\n          \u001b[36m</p>\u001b[39m\n          \u001b[36m<p\u001b[39m\n            \u001b[33mclass\u001b[39m=\u001b[32m\"helper workflow-status-text\"\u001b[39m\n          \u001b[36m>\u001b[39m\n            \u001b[0mPortfolio Loaded\u001b[0m\n          \u001b[36m</p>\u001b[39m\n        \u001b[36m</div>\u001b[39m\n        \u001b[36m<div\u001b[39m\n          \u001b[33mclass\u001b[39m=\u001b[32m\"topbar-meta\"\u001b[39m\n        \u001b[36m>\u001b[39m\n          \u001b[36m<span\u001b[39m\n            \u001b[33mclass\u001b[39m=\u001b[32m\"status-dot\"\u001b[39m\n          \u001b[36m/>\u001b[39m\n          \u001b[36m<span>\u001b[39m\n            \u001b[0mLocal Quant Engine\u001b[0m\n          \u001b[36m</span>\u001b[39m\n        \u001b[36m</div>\u001b[39m\n      \u001b[36m</header>\u001b[39m\n      \u001b[36m<input\u001b[39m\n        \u001b[33maccept\u001b[39m=\u001b[32m\"application/pdf,.pdf\"\u001b[39m\n        \u001b[33mhidden\u001b[39m=\u001b[32m\"\"\u001b[39m\n        \u001b[33mmultiple\u001b[39m=\u001b[32m\"\"\u001b[39m\n        \u001b[33mtype\u001b[39m=\u001b[32m\"file\"\u001b[39m\n      \u001b[36m/>\u001b[39m\n      \u001b[36m<nav\u001b[39m\n        \u001b[33maria-label\u001b[39m=\u001b[32m\"Main workspace tabs\"\u001b[39m\n        \u001b[33mclass\u001b[39m=\u001b[32m\"tab-bar main-menu\"\u001b[39m\n      \u001b[36m>\u001b[39m\n        \u001b[36m<button\u001b[39m\n          \u001b[33mclass\u001b[39m=\u001b[32m\"tab-button\"\u001b[39m\n        \u001b[36m>\u001b[39m\n          \u001b[0mDashboard\u001b[0m\n        \u001b[36m</button>\u001b[39m\n        \u001b[36m<button\u001b[39m\n          \u001b[33mclass\u001b[39m=\u001b[32m\"tab-button\"\u001b[39m\n        \u001b[36m>\u001b[39m\n          \u001b[0mExposure\u001b[0m\n        \u001b[36m</button>\u001b[39m\n        \u001b[36m<button\u001b[39m\n          \u001b[33mclass\u001b[39m=\u001b[32m\"tab-button\"\u001b[39m\n        \u001b[36m>\u001b[39m\n          \u001b[0mDiagnostics\u001b[0m\n        \u001b[36m</button>\u001b[39m\n        \u001b[36m<button\u001b[39m\n          \u001b[33maria-current\u001b[39m=\u001b[32m\"page\"\u001b[39m\n          \u001b[33mclass\u001b[39m=\u001b[32m\"tab-button active\"\u001b[39m\n        \u001b[36m>\u001b[39m\n          \u001b[0mWorkspace\u001b[0m\n        \u001b[36m</button>\u001b[39m\n        \u001b[36m<button\u001b[39m\n          \u001b[33mclass\u001b[39m=\u001b[32m\"tab-button\"\u001b[39m\n        \u001b[36m>\u001b[39m\n          \u001b[0mBacktest\u001b[0m\n        \u001b[36m</button>\u001b[39m\n        \u001b[36m<button\u001b[39m\n          \u001b[33mclass\u001b[39m=\u001b[32m\"tab-button\"\u001b[39m\n        \u001b[36m>\u001b[39m\n          \u001b[0mStrategy Lab\u001b[0m\n        \u001b[36m</button>\u001b[39m\n        \u001b[36m<button\u001b[39m\n          \u001b[33mclass\u001b[39m=\u001b[32m\"tab-button\"\u001b[39m\n        \u001b[36m>\u001b[39m\n          \u001b[0mETF Ranking\u001b[0m\n        \u001b[36m</button>\u001b[39m\n      \u001b[36m</nav>\u001b[39m\n      \u001b[36m<section\u001b[39m\n        \u001b[33mclass\u001b[39m=\u001b[32m\"grid grid-single\"\u001b[39m\n      \u001b[36m>\u001b[39m\n        \u001b[36m<article\u001b[39m\n          \u001b[33mclass\u001b[39m=\u001b[32m\"panel\"\u001b[39m\n        \u001b[36m>\u001b[39m\n          \u001b[36m<section\u001b[39m\n            \u001b[33mclass\u001b[39m=\u001b[32m\"workspace-section panel\"\u001b[39m\n          \u001b[36m>\u001b[39m\n            \u001b[36m<h2>\u001b[39m\n              \u001b[0mPortfolio Research Workspace\u001b[0m\n            \u001b[36m</h2>\u001b[39m\n            \u001b[36m<section\u001b[39m\n              \u001b[33mclass\u001b[39m=\u001b[32m\"dashboard-bottom-grid\"\u001b[39m\n              \u001b[33mdata-testid\u001b[39m=\u001b[32m\"workspace-section-overview\"\u001b[39m\n            \u001b[36m>\u001b[39m\n              \u001b[36m<div\u001b[39m\n                \u001b[33mclass\u001b[39m=\u001b[32m\"section-header-inline sector-list-header\"\u001b[39m\n              \u001b[36m>\u001b[39m\n                \u001b[36m<div>\u001b[39m\n                  \u001b[36m<p\u001b[39m\n                    \u001b[33mclass\u001b[39m=\u001b[32m\"panel-label\"\u001b[39m\n                  \u001b[36m>\u001b[39m\n                    \u001b[0mOverview\u001b[0m\n                  \u001b[36m</p>\u001b[39m\n                \u001b[36m</div>\u001b[39m\n              \u001b[36m</div>\u001b[39m\n              \u001b[36m<div\u001b[39m\n                \u001b[33mclass\u001b[39m=\u001b[32m\"dashboard-summary compact-summary-grid\"\u001b[39m\n              \u001b[36m>\u001b[39m\n                \u001b[36m<div\u001b[39m\n                  \u001b[33mclass\u001b[39m=\u001b[32m\"summary-card\"\u001b[39m\n                \u001b[36m>\u001b[39m\n                  \u001b[36m<p\u001b[39m\n                    \u001b[33mclass\u001b[39m=\u001b[32m\"stat-label\"\u001b[39m\n                  \u001b[36m>\u001b[39m\n                    \u001b[0mPortfolio Value\u001b[0m\n                  \u001b[36m</p>\u001b[39m\n                  \u001b[36m<p\u001b[39m\n                    \u001b[33mclass\u001b[39m=\u001b[32m\"summary-value\"\u001b[39m\n                  \u001b[36m>\u001b[39m\n                    \u001b[0m$59545.82\u001b[0m\n                  \u001b[36m</p>\u001b[39m\n                \u001b[36m</div>\u001b[39m\n                \u001b[36m<div\u001b[39m\n                  \u001b[33mclass\u001b[39m=\u001b[32m\"summary-card\"\u001b[39m\n                \u001b[36m>\u001b[39m\n                  \u001b[36m<p\u001b[39m\n                    \u001b[33mclass\u001b[39m=\u001b[32m\"stat-label\"\u001b[39m\n                  \u001b[36m>\u001b[39m\n                    \u001b[0mPositions\u001b[0m\n                  \u001b[36m</p>\u001b[39m\n                  \u001b[36m<p\u001b[39m\n                    \u001b[33mclass\u001b[39m=\u001b[32m\"summary-value\"\u001b[39m\n                  \u001b[36m>\u001b[39m\n                    \u001b[0m21\u001b[0m\n                  \u001b[36m</p>\u001b[39m\n                \u001b[36m</div>\u001b[39m\n                \u001b[36m<div\u001b[39m\n                  \u001b[33mclass\u001b[39m=\u001b[32m\"summary-card\"\u001b[39m\n                \u001b[36m>\u001b[39m\n                  \u001b[36m<p\u001b[39m\n                    \u001b[33mclass\u001b[39m=\u001b[32m\"stat-label\"\u001b[39m\n                  \u001b[36m>\u001b[39m\n                    \u001b[0mBenchmark\u001b[0m\n                  \u001b[36m</p>\u001b[39m\n                  \u001b[36m<p\u001b[39m\n                    \u001b[33mclass\u001b[39m=\u001b[32m\"summary-value\"\u001b[39m\n                  \u001b[36m>\u001b[39m\n                    \u001b[0mSPY\u001b[0m\n                  \u001b[36m</p>\u001b[39m\n                \u001b[36m</div>\u001b[39m\n                \u001b[36m<div\u001b[39m\n                  \u001b[33mclass\u001b[39m=\u001b[32m\"summary-card\"\u001b[39m\n                \u001b[36m>\u001b[39m\n                  \u001b[36m<p\u001b[39m\n                    \u001b[33mclass\u001b[39m=\u001b[32m\"stat-label\"\u001b[39m\n                  \u001b[36m>\u001b[39m\n                    \u001b[0mReview Basis\u001b[0m\n                  \u001b[36m</p>\u001b[39m\n                  \u001b[36m<p\u001b[39m\n                    \u001b[33mclass\u001b[39m=\u001b[32m\"summary-value\"\u001b[39m\n                  \u001b[36m>\u001b[39m\n                    \u001b[0minteractive_brokers\u001b[0m\n                  \u001b[36m</p>\u001b[39m\n                  \u001b[36m<p\u001b[39m\n                    \u001b[33mclass\u001b[39m=\u001b[32m\"helper\"\u001b[39m\n                  \u001b[36m>\u001b[39m\n                    \u001b[0mJanuary 1, 2026 - April 24, 2026\u001b[0m\n                  \u001b[36m</p>\u001b[39m\n                \u001b[36m</div>\u001b[39m\n              \u001b[36m</div>\u001b[39m\n              \u001b[36m<section\u001b[39m\n                \u001b[33mclass\u001b[39m=\u001b[32m\"dashboard-bottom-grid\"\u001b[39m\n              \u001b[36m>\u001b[39m\n                \u001b[36m<div\u001b[39m\n                  \u001b[33mclass\u001b[39m=\u001b[32m\"section-header-inline sector-list-header\"\u001b[39m\n                \u001b[36m>\u001b[39m\n                  \u001b[36m<div>\u001b[39m\n                    \u001b[36m<p\u001b[39m\n                      \u001b[33mclass\u001b[39m=\u001b[32m\"panel-label\"\u001b[39m\n                    \u001b[36m>\u001b[39m\n                      \u001b[0mMonitoring\u001b[0m\n                    \u001b[36m</p>\u001b[39m\n                  \u001b[36m</div>\u001b[39m\n                \u001b[36m</div>\u001b[39m\n                \u001b[36m<div\u001b[39m\n                  \u001b[33mclass\u001b[39m=\u001b[32m\"empty-state-panel compact-empty-state\"\u001b[39m\n     ...\n    at Object.getElementError (C:\\projects\\investments\\portfolio\\apps\\desktop\\node_modules\\@testing-library\\dom\\dist\\config.js:37:19)\n    at C:\\projects\\investments\\portfolio\\apps\\desktop\\node_modules\\@testing-library\\dom\\dist\\query-helpers.js:76:38\n    at C:\\projects\\investments\\portfolio\\apps\\desktop\\node_modules\\@testing-library\\dom\\dist\\query-helpers.js:109:15\n    at C:\\projects\\investments\\portfolio\\apps\\desktop\\src\\app\\App.test.tsx:7511:28\n    at file:///C:/projects/investments/portfolio/apps/desktop/node_modules/@vitest/runner/dist/index.js:533:5\n    at runTest (file:///C:/projects/investments/portfolio/apps/desktop/node_modules/@vitest/runner/dist/index.js:1056:11)\n    at runSuite (file:///C:/projects/investments/portfolio/apps/desktop/node_modules/@vitest/runner/dist/index.js:1205:15)\n    at runSuite (file:///C:/projects/investments/portfolio/apps/desktop/node_modules/@vitest/runner/dist/index.js:1205:15)\n    at runFiles (file:///C:/projects/investments/portfolio/apps/desktop/node_modules/@vitest/runner/dist/index.js:1262:5)\n    at startTests (file:///C:/projects/investments/portfolio/apps/desktop/node_modules/@vitest/runner/dist/index.js:1271:3)"],"meta":{}}],"startTime":1778016572298,"endTime":1778016582216.8687,"status":"failed","message":"","name":"C:/projects/investments/portfolio/apps/desktop/src/app/App.test.tsx"}]}