{"numTotalTestSuites":11,"numPassedTestSuites":11,"numFailedTestSuites":0,"numPendingTestSuites":0,"numTotalTests":150,"numPassedTests":150,"numFailedTests":0,"numPendingTests":0,"numTodoTests":0,"snapshot":{"added":0,"failure":false,"filesAdded":0,"filesRemoved":0,"filesRemovedList":[],"filesUnmatched":0,"filesUpdated":0,"matched":0,"total":0,"unchecked":0,"uncheckedKeysByFile":[],"unmatched":0,"updated":0,"didUpdate":false},"startTime":1777562151010,"success":true,"testResults":[{"assertionResults":[{"ancestorTitles":["App"],"fullName":"App loads the authoritative timeline from monitoring handoff and opens persisted observation review by timeline ids only","status":"passed","title":"loads the authoritative timeline from monitoring handoff and opens persisted observation review by timeline ids only","duration":442.0604999999998,"failureMessages":[],"meta":{}},{"ancestorTitles":["App"],"fullName":"App fails closed when persisted observation open payload mismatches the selected timeline row","status":"passed","title":"fails closed when persisted observation open payload mismatches the selected timeline row","duration":234.19130000000018,"failureMessages":[],"meta":{}},{"ancestorTitles":["App"],"fullName":"App loads the authoritative timeline from monitoring handoff and opens persisted history review by timeline ids only","status":"passed","title":"loads the authoritative timeline from monitoring handoff and opens persisted history review by timeline ids only","duration":234.2823000000003,"failureMessages":[],"meta":{}},{"ancestorTitles":["App"],"fullName":"App fails closed when persisted history open payload mismatches the selected timeline row","status":"passed","title":"fails closed when persisted history open payload mismatches the selected timeline row","duration":219.73309999999992,"failureMessages":[],"meta":{}},{"ancestorTitles":["App"],"fullName":"App loads the shipped alert review timeline payload directly and reopens both review surfaces by authoritative ids only","status":"passed","title":"loads the shipped alert review timeline payload directly and reopens both review surfaces by authoritative ids only","duration":1.8081999999999425,"failureMessages":[],"meta":{}},{"ancestorTitles":["App"],"fullName":"App fails closed on unsupported alert episode contract state in timeline payloads","status":"passed","title":"fails closed on unsupported alert episode contract state in timeline payloads","duration":1.3278000000000247,"failureMessages":[],"meta":{}},{"ancestorTitles":["App"],"fullName":"App loads the shipped recovered queue payload directly and reopens the authoritative timeline by persisted ids only","status":"passed","title":"loads the shipped recovered queue payload directly and reopens the authoritative timeline by persisted ids only","duration":0.9266999999999825,"failureMessages":[],"meta":{}},{"ancestorTitles":["App"],"fullName":"App fails closed on unsupported alert episode contract state in recovered queue payloads","status":"passed","title":"fails closed on unsupported alert episode contract state in recovered queue payloads","duration":0.4906999999998334,"failureMessages":[],"meta":{}},{"ancestorTitles":["App"],"fullName":"App accepts the shipped alert episode history payload directly for definition-scoped drill-in discovery","status":"passed","title":"accepts the shipped alert episode history payload directly for definition-scoped drill-in discovery","duration":0.4818000000000211,"failureMessages":[],"meta":{}},{"ancestorTitles":["App"],"fullName":"App fails closed on unsupported alert episode history contract state","status":"passed","title":"fails closed on unsupported alert episode history contract state","duration":0.24870000000009895,"failureMessages":[],"meta":{}},{"ancestorTitles":["App"],"fullName":"App renders the recovered queue from backend payloads and reopens the definition-scoped timeline by authoritative ids","status":"passed","title":"renders the recovered queue from backend payloads and reopens the definition-scoped timeline by authoritative ids","duration":59.42000000000007,"failureMessages":[],"meta":{}},{"ancestorTitles":["App"],"fullName":"App restores cached definition-scoped review state from the authoritative timeline payload","status":"passed","title":"restores cached definition-scoped review state from the authoritative timeline payload","duration":30.474099999999908,"failureMessages":[],"meta":{}},{"ancestorTitles":["App"],"fullName":"App fails closed when definition-scoped alert review restore cannot build the exposure factor model","status":"passed","title":"fails closed when definition-scoped alert review restore cannot build the exposure factor model","duration":33.59860000000026,"failureMessages":[],"meta":{}},{"ancestorTitles":["App"],"fullName":"App fails closed when definition-scoped alert review restore receives invalid imported diagnostics inputs","status":"passed","title":"fails closed when definition-scoped alert review restore receives invalid imported diagnostics inputs","duration":32.754799999999705,"failureMessages":[],"meta":{}},{"ancestorTitles":["App"],"fullName":"App fails closed when definition-scoped alert review restore receives invalid imported dashboard history inputs","status":"passed","title":"fails closed when definition-scoped alert review restore receives invalid imported dashboard history inputs","duration":37.97420000000011,"failureMessages":[],"meta":{}},{"ancestorTitles":["App"],"fullName":"App preserves generic analytics fallback behavior outside definition-scoped alert review restore","status":"passed","title":"preserves generic analytics fallback behavior outside definition-scoped alert review restore","duration":20.525700000000143,"failureMessages":[],"meta":{}},{"ancestorTitles":["App"],"fullName":"App fails closed when the monitoring handoff reaches workspace without a monitor definition id","status":"passed","title":"fails closed when the monitoring handoff reaches workspace without a monitor definition id","duration":119.58489999999983,"failureMessages":[],"meta":{}},{"ancestorTitles":["App"],"fullName":"App adds a new imported snapshot node from Dashboard Add Statement","status":"passed","title":"adds a new imported snapshot node from Dashboard Add Statement","duration":123.58939999999984,"failureMessages":[],"meta":{}},{"ancestorTitles":["App"],"fullName":"App shows the separate ETF Ranking tab","status":"passed","title":"shows the separate ETF Ranking tab","duration":55.824499999999716,"failureMessages":[],"meta":{}},{"ancestorTitles":["App"],"fullName":"App shows the strategy lab research artifact consumer workspace","status":"passed","title":"shows the strategy lab research artifact consumer workspace","duration":98.05349999999999,"failureMessages":[],"meta":{}},{"ancestorTitles":["App"],"fullName":"App shows trend and risk overlays above diagnostics on the diagnostics tab","status":"passed","title":"shows trend and risk overlays above diagnostics on the diagnostics tab","duration":46.011499999999614,"failureMessages":[],"meta":{}},{"ancestorTitles":["App"],"fullName":"App refreshes dashboard allocation and cards after adding a statement snapshot","status":"passed","title":"refreshes dashboard allocation and cards after adding a statement snapshot","duration":226.00959999999986,"failureMessages":[],"meta":{}},{"ancestorTitles":["App"],"fullName":"App restores persisted import state on startup","status":"passed","title":"restores persisted import state on startup","duration":24.789000000000215,"failureMessages":[],"meta":{}},{"ancestorTitles":["App"],"fullName":"App opens persisted construction artifact review from query param on startup","status":"passed","title":"opens persisted construction artifact review from query param on startup","duration":106.75599999999986,"failureMessages":[],"meta":{}},{"ancestorTitles":["App"],"fullName":"App stops persisted construction artifact open when preview handoff kind is unsupported","status":"passed","title":"stops persisted construction artifact open when preview handoff kind is unsupported","duration":17.17450000000008,"failureMessages":[],"meta":{}},{"ancestorTitles":["App"],"fullName":"App stops persisted construction artifact open when preview handoff artifact mismatches query artifact","status":"passed","title":"stops persisted construction artifact open when preview handoff artifact mismatches query artifact","duration":20.546800000000076,"failureMessages":[],"meta":{}},{"ancestorTitles":["App"],"fullName":"App stops persisted construction artifact open when preflight validation fails","status":"passed","title":"stops persisted construction artifact open when preflight validation fails","duration":24.659799999999905,"failureMessages":[],"meta":{}},{"ancestorTitles":["App"],"fullName":"App stops persisted construction artifact open when preview fails after preflight succeeds","status":"passed","title":"stops persisted construction artifact open when preview fails after preflight succeeds","duration":93.61450000000013,"failureMessages":[],"meta":{}},{"ancestorTitles":["App"],"fullName":"App stops persisted construction artifact open when preview handoff is missing","status":"passed","title":"stops persisted construction artifact open when preview handoff is missing","duration":21.0942,"failureMessages":[],"meta":{}},{"ancestorTitles":["App"],"fullName":"App restores persisted construction artifact review state on startup","status":"passed","title":"restores persisted construction artifact review state on startup","duration":33.99350000000004,"failureMessages":[],"meta":{}},{"ancestorTitles":["App"],"fullName":"App opens persisted optimizer handoff review from query param on startup","status":"passed","title":"opens persisted optimizer handoff review from query param on startup","duration":44.027300000000196,"failureMessages":[],"meta":{}},{"ancestorTitles":["App"],"fullName":"App stops persisted optimizer handoff open when validation replay handoff is missing","status":"passed","title":"stops persisted optimizer handoff open when validation replay handoff is missing","duration":14.025000000000091,"failureMessages":[],"meta":{}},{"ancestorTitles":["App"],"fullName":"App stops persisted optimizer handoff open when validation replay handoff reference mismatches query reference","status":"passed","title":"stops persisted optimizer handoff open when validation replay handoff reference mismatches query reference","duration":14.741899999999987,"failureMessages":[],"meta":{}},{"ancestorTitles":["App"],"fullName":"App stops persisted optimizer handoff open when validation is blocked","status":"passed","title":"stops persisted optimizer handoff open when validation is blocked","duration":26.848500000000058,"failureMessages":[],"meta":{}},{"ancestorTitles":["App"],"fullName":"App stops persisted optimizer handoff open when validation handoff mismatches query reference","status":"passed","title":"stops persisted optimizer handoff open when validation handoff mismatches query reference","duration":31.032200000000103,"failureMessages":[],"meta":{}},{"ancestorTitles":["App"],"fullName":"App stops persisted optimizer handoff open when validation artifact mismatches query reference","status":"passed","title":"stops persisted optimizer handoff open when validation artifact mismatches query reference","duration":13.451900000000023,"failureMessages":[],"meta":{}},{"ancestorTitles":["App"],"fullName":"App allows persisted optimizer handoff open when validation omits artifact id","status":"passed","title":"allows persisted optimizer handoff open when validation omits artifact id","duration":30.002700000000004,"failureMessages":[],"meta":{}},{"ancestorTitles":["App"],"fullName":"App stops persisted optimizer handoff open when replay artifact mismatches query reference","status":"passed","title":"stops persisted optimizer handoff open when replay artifact mismatches query reference","duration":34.147799999999734,"failureMessages":[],"meta":{}},{"ancestorTitles":["App"],"fullName":"App stops persisted optimizer handoff open when replay omits the canonical objective block","status":"passed","title":"stops persisted optimizer handoff open when replay omits the canonical objective block","duration":19.861699999999928,"failureMessages":[],"meta":{}},{"ancestorTitles":["App"],"fullName":"App restores persisted optimizer handoff review state on startup","status":"passed","title":"restores persisted optimizer handoff review state on startup","duration":44.76240000000007,"failureMessages":[],"meta":{}},{"ancestorTitles":["App"],"fullName":"App fails closed when restored persisted optimizer workspace is missing its authoritative persisted review row","status":"passed","title":"fails closed when restored persisted optimizer workspace is missing its authoritative persisted review row","duration":27.847199999999702,"failureMessages":[],"meta":{}},{"ancestorTitles":["App"],"fullName":"App fails closed when restored persisted optimizer workspace source conflicts with handoffReference identity","status":"passed","title":"fails closed when restored persisted optimizer workspace source conflicts with handoffReference identity","duration":14.929399999999987,"failureMessages":[],"meta":{}},{"ancestorTitles":["App"],"fullName":"App fails closed when restored persisted optimizer workspace has a malformed cached reviewBasis envelope","status":"passed","title":"fails closed when restored persisted optimizer workspace has a malformed cached reviewBasis envelope","duration":30.96929999999975,"failureMessages":[],"meta":{}},{"ancestorTitles":["App"],"fullName":"App restores persisted optimizer handoff review state when cached reviewBasis is missing as a documented legacy case","status":"passed","title":"restores persisted optimizer handoff review state when cached reviewBasis is missing as a documented legacy case","duration":40.793900000000576,"failureMessages":[],"meta":{}},{"ancestorTitles":["App"],"fullName":"App normalizes legacy cached artifact review workspaces during restore","status":"passed","title":"normalizes legacy cached artifact review workspaces during restore","duration":25.072400000000016,"failureMessages":[],"meta":{}},{"ancestorTitles":["App"],"fullName":"App restores IB2026 dashboard values consistently from persisted imported state","status":"passed","title":"restores IB2026 dashboard values consistently from persisted imported state","duration":157.57830000000013,"failureMessages":[],"meta":{}},{"ancestorTitles":["App"],"fullName":"App restores FF2026 dashboard values consistently from persisted imported state","status":"passed","title":"restores FF2026 dashboard values consistently from persisted imported state","duration":188.70530000000053,"failureMessages":[],"meta":{}},{"ancestorTitles":["App"],"fullName":"App clears restored import state and persisted session","status":"passed","title":"clears restored import state and persisted session","duration":93.78619999999955,"failureMessages":[],"meta":{}},{"ancestorTitles":["App"],"fullName":"App passes imported bootstrap data into the backtest workspace","status":"passed","title":"passes imported bootstrap data into the backtest workspace","duration":156.1188000000002,"failureMessages":[],"meta":{}},{"ancestorTitles":["App"],"fullName":"App opens Workspace from Monitoring with a dismissible handoff banner","status":"passed","title":"opens Workspace from Monitoring with a dismissible handoff banner","duration":189.20060000000012,"failureMessages":[],"meta":{}},{"ancestorTitles":["App"],"fullName":"App keeps generic strategy backtests in the dedicated Backtest tab","status":"passed","title":"keeps generic strategy backtests in the dedicated Backtest tab","duration":33.97479999999996,"failureMessages":[],"meta":{}},{"ancestorTitles":["App"],"fullName":"App seeds an ETF ranking candidate into draft review without mutating the portfolio snapshot","status":"passed","title":"seeds an ETF ranking candidate into draft review without mutating the portfolio snapshot","duration":83.99499999999989,"failureMessages":[],"meta":{}},{"ancestorTitles":["App"],"fullName":"App restores a persisted ETF ranking candidate annotation for the active draft","status":"passed","title":"restores a persisted ETF ranking candidate annotation for the active draft","duration":42.8738000000003,"failureMessages":[],"meta":{}},{"ancestorTitles":["App"],"fullName":"App fails closed when restored seeded ranking cache is missing canonical open handoff","status":"passed","title":"fails closed when restored seeded ranking cache is missing canonical open handoff","duration":12.96770000000015,"failureMessages":[],"meta":{}},{"ancestorTitles":["App"],"fullName":"App fails closed when proposal artifact restore throws during workspace reopen","status":"passed","title":"fails closed when proposal artifact restore throws during workspace reopen","duration":14.313600000000406,"failureMessages":[],"meta":{}},{"ancestorTitles":["App"],"fullName":"App fails closed when restored proposal artifacts deserialize but violate contract during workspace reopen","status":"passed","title":"fails closed when restored proposal artifacts deserialize but violate contract during workspace reopen","duration":15.60570000000007,"failureMessages":[],"meta":{}},{"ancestorTitles":["App"],"fullName":"App keeps replacement contract fixtures aligned for supported, unsupported, and fail-closed states","status":"passed","title":"keeps replacement contract fixtures aligned for supported, unsupported, and fail-closed states","duration":1.0603000000000975,"failureMessages":[],"meta":{}},{"ancestorTitles":["App"],"fullName":"App promotes a seed into a persisted replacement intent and restores it for the same draft","status":"passed","title":"promotes a seed into a persisted replacement intent and restores it for the same draft","duration":114.82040000000052,"failureMessages":[],"meta":{}},{"ancestorTitles":["App"],"fullName":"App opens the workspace from the replacement intent hypothetical replay action","status":"passed","title":"opens the workspace from the replacement intent hypothetical replay action","duration":64.39530000000013,"failureMessages":[],"meta":{}},{"ancestorTitles":["App"],"fullName":"App falls back to current seed and replay behavior when ranking artifact persistence is unavailable","status":"passed","title":"falls back to current seed and replay behavior when ranking artifact persistence is unavailable","duration":81.74039999999968,"failureMessages":[],"meta":{}},{"ancestorTitles":["App"],"fullName":"App persists and restores a hypothetical replay for the same draft intent","status":"passed","title":"persists and restores a hypothetical replay for the same draft intent","duration":190.7430000000004,"failureMessages":[],"meta":{}},{"ancestorTitles":["App"],"fullName":"App saves a reviewed hypothetical replay as a versioned proposal artifact","status":"passed","title":"saves a reviewed hypothetical replay as a versioned proposal artifact","duration":258.5604000000003,"failureMessages":[],"meta":{}},{"ancestorTitles":["App"],"fullName":"App fails before persisting a contradictory saved proposal artifact","status":"passed","title":"fails before persisting a contradictory saved proposal artifact","duration":159.66129999999976,"failureMessages":[],"meta":{}},{"ancestorTitles":["App"],"fullName":"App fails reopen when saved proposal proposalCapture handoff contradicts the open response","status":"passed","title":"fails reopen when saved proposal proposalCapture handoff contradicts the open response","duration":89.86589999999978,"failureMessages":[],"meta":{}},{"ancestorTitles":["App"],"fullName":"App fails reopen when saved proposal is missing authoritative proposalCapture","status":"passed","title":"fails reopen when saved proposal is missing authoritative proposalCapture","duration":45.226700000000164,"failureMessages":[],"meta":{}},{"ancestorTitles":["App"],"fullName":"App restores formed candidate state for the active draft before replay review","status":"passed","title":"restores formed candidate state for the active draft before replay review","duration":82.5564000000004,"failureMessages":[],"meta":{}},{"ancestorTitles":["App"],"fullName":"App restores the selected construction rule for the active draft and marks mismatched construction stale","status":"passed","title":"restores the selected construction rule for the active draft and marks mismatched construction stale","duration":73.45769999999993,"failureMessages":[],"meta":{}},{"ancestorTitles":["App"],"fullName":"App restores construction constraint validation for the active draft and blocks replay when validation is blocked","status":"passed","title":"restores construction constraint validation for the active draft and blocks replay when validation is blocked","duration":50.63170000000082,"failureMessages":[],"meta":{}},{"ancestorTitles":["App"],"fullName":"App restores saved proposal review UI without needing live draft replay state","status":"passed","title":"restores saved proposal review UI without needing live draft replay state","duration":49.6255000000001,"failureMessages":[],"meta":{}},{"ancestorTitles":["App"],"fullName":"App restores saved proposal proposalSource display from legacy dual-omission hydration without using draft or replay cache state","status":"passed","title":"restores saved proposal proposalSource display from legacy dual-omission hydration without using draft or replay cache state","duration":60.52570000000014,"failureMessages":[],"meta":{}},{"ancestorTitles":["App"],"fullName":"App reopens an older saved proposal inside the shell in review-only mode","status":"passed","title":"reopens an older saved proposal inside the shell in review-only mode","duration":97.66679999999997,"failureMessages":[],"meta":{}},{"ancestorTitles":["App"],"fullName":"App renders the PM-first saved proposal family inbox from persisted artifacts only","status":"passed","title":"renders the PM-first saved proposal family inbox from persisted artifacts only","duration":79.1849000000002,"failureMessages":[],"meta":{}},{"ancestorTitles":["App"],"fullName":"App uses persisted pm_summary as the saved proposal reopen authority even when the local mirror differs","status":"passed","title":"uses persisted pm_summary as the saved proposal reopen authority even when the local mirror differs","duration":77.32380000000012,"failureMessages":[],"meta":{}},{"ancestorTitles":["App"],"fullName":"App fails reopen clearly when local cached summary conflicts with persisted pm_summary","status":"passed","title":"fails reopen clearly when local cached summary conflicts with persisted pm_summary","duration":59.696100000000115,"failureMessages":[],"meta":{}},{"ancestorTitles":["App"],"fullName":"App fails closed when reopen response handoff kind is unsupported","status":"passed","title":"fails closed when reopen response handoff kind is unsupported","duration":69.52610000000004,"failureMessages":[],"meta":{}},{"ancestorTitles":["App"],"fullName":"App fails closed when stored reopen handoff builder returns unsupported kind","status":"passed","title":"fails closed when stored reopen handoff builder returns unsupported kind","duration":63.599599999999555,"failureMessages":[],"meta":{}},{"ancestorTitles":["App"],"fullName":"App fails closed when reopen response contradicts persisted artifact identity","status":"passed","title":"fails closed when reopen response contradicts persisted artifact identity","duration":79.70949999999993,"failureMessages":[],"meta":{}},{"ancestorTitles":["App"],"fullName":"App promotes a saved proposal into a restored active thesis and clears it","status":"passed","title":"promotes a saved proposal into a restored active thesis and clears it","duration":93.67240000000038,"failureMessages":[],"meta":{}},{"ancestorTitles":["App"],"fullName":"App does not restore an active thesis when the embedded saved proposal artifact is contradictory","status":"passed","title":"does not restore an active thesis when the embedded saved proposal artifact is contradictory","duration":46.014000000000124,"failureMessages":[],"meta":{}},{"ancestorTitles":["App"],"fullName":"App clears stale candidate annotation state when the restored draft has no saved annotation","status":"passed","title":"clears stale candidate annotation state when the restored draft has no saved annotation","duration":19.21050000000014,"failureMessages":[],"meta":{}},{"ancestorTitles":["App"],"fullName":"App does not propagate candidate annotation when switching active nodes","status":"passed","title":"does not propagate candidate annotation when switching active nodes","duration":188.1823000000004,"failureMessages":[],"meta":{}},{"ancestorTitles":["App"],"fullName":"App does not propagate candidate annotation after saving a variant","status":"passed","title":"does not propagate candidate annotation after saving a variant","duration":298.2413000000006,"failureMessages":[],"meta":{}},{"ancestorTitles":["App"],"fullName":"App uses fresh-draft discard flow so annotations do not survive discard","status":"passed","title":"uses fresh-draft discard flow so annotations do not survive discard","duration":194.16379999999936,"failureMessages":[],"meta":{}},{"ancestorTitles":["App"],"fullName":"App resets the local workspace database from the dashboard","status":"passed","title":"resets the local workspace database from the dashboard","duration":37.3800999999994,"failureMessages":[],"meta":{}},{"ancestorTitles":["App"],"fullName":"App keeps exposure and dashboard views usable after importing a portfolio","status":"passed","title":"keeps exposure and dashboard views usable after importing a portfolio","duration":267.2984000000006,"failureMessages":[],"meta":{}},{"ancestorTitles":["App"],"fullName":"App saves a draft as a child variant and shows it in the variant list","status":"passed","title":"saves a draft as a child variant and shows it in the variant list","duration":152.8728999999994,"failureMessages":[],"meta":{}},{"ancestorTitles":["App"],"fullName":"App opens a saved variant by creating a clean working draft from that node","status":"passed","title":"opens a saved variant by creating a clean working draft from that node","duration":126.64360000000124,"failureMessages":[],"meta":{}},{"ancestorTitles":["App"],"fullName":"App switches from a variant back to the imported base and restores imported dashboard history","status":"passed","title":"switches from a variant back to the imported base and restores imported dashboard history","duration":111.20429999999942,"failureMessages":[],"meta":{}},{"ancestorTitles":["App"],"fullName":"App opens an IB2026 imported snapshot node and keeps canonical dashboard values aligned","status":"passed","title":"opens an IB2026 imported snapshot node and keeps canonical dashboard values aligned","duration":221.15710000000036,"failureMessages":[],"meta":{}},{"ancestorTitles":["App"],"fullName":"App restores a child variant under an imported IB2026 snapshot with unavailable dashboard history","status":"passed","title":"restores a child variant under an imported IB2026 snapshot with unavailable dashboard history","duration":75.52670000000035,"failureMessages":[],"meta":{}},{"ancestorTitles":["App"],"fullName":"App shows base and child variant lineage consistently after reload","status":"passed","title":"shows base and child variant lineage consistently after reload","duration":61.940700000001016,"failureMessages":[],"meta":{}},{"ancestorTitles":["App"],"fullName":"App reuses imported diagnostics when selecting the base snapshot in Exposure after reload","status":"passed","title":"reuses imported diagnostics when selecting the base snapshot in Exposure after reload","duration":81.75849999999991,"failureMessages":[],"meta":{}},{"ancestorTitles":["App"],"fullName":"App uses history-aware snapshot diagnostics for saved variants in Exposure","status":"passed","title":"uses history-aware snapshot diagnostics for saved variants in Exposure","duration":69.33159999999953,"failureMessages":[],"meta":{}},{"ancestorTitles":["App"],"fullName":"App uses snapshot-history diagnostics instead of imported replay for a child variant under an imported snapshot","status":"passed","title":"uses snapshot-history diagnostics instead of imported replay for a child variant under an imported snapshot","duration":89.13749999999891,"failureMessages":[],"meta":{}}],"startTime":1777562152462,"endTime":1777562160210.1375,"status":"passed","message":"","name":"C:/projects/investments/portfolio/apps/desktop/src/app/App.test.tsx"},{"assertionResults":[{"ancestorTitles":["MonitoringPanel"],"fullName":"MonitoringPanel deserializes monitor-definition recent discovery metadata with canonical latest-snapshot fields","status":"passed","title":"deserializes monitor-definition recent discovery metadata with canonical latest-snapshot fields","duration":1.8798000000000457,"failureMessages":[],"meta":{}},{"ancestorTitles":["MonitoringPanel"],"fullName":"MonitoringPanel renders top callouts, grouped monitors, and detail drilldown","status":"passed","title":"renders top callouts, grouped monitors, and detail drilldown","duration":111.54900000000009,"failureMessages":[],"meta":{}},{"ancestorTitles":["MonitoringPanel"],"fullName":"MonitoringPanel uses explicit investor economics metadata for withheld monitoring guidance","status":"passed","title":"uses explicit investor economics metadata for withheld monitoring guidance","duration":22.872100000000046,"failureMessages":[],"meta":{}},{"ancestorTitles":["MonitoringPanel"],"fullName":"MonitoringPanel shows explicit waiting state when no replay evidence exists","status":"passed","title":"shows explicit waiting state when no replay evidence exists","duration":1.2650999999998476,"failureMessages":[],"meta":{}},{"ancestorTitles":["MonitoringPanel"],"fullName":"MonitoringPanel handles unavailable diagnostics rows honestly","status":"passed","title":"handles unavailable diagnostics rows honestly","duration":5.11830000000009,"failureMessages":[],"meta":{}},{"ancestorTitles":["MonitoringPanel"],"fullName":"MonitoringPanel resolves the recent definition and hands off the definition-scoped review contract for supported monitoring items","status":"passed","title":"resolves the recent definition and hands off the definition-scoped review contract for supported monitoring items","duration":40.02369999999996,"failureMessages":[],"meta":{}}],"startTime":1777562151950,"endTime":1777562152132.0237,"status":"passed","message":"","name":"C:/projects/investments/portfolio/apps/desktop/src/features/backtest/MonitoringPanel.test.tsx"},{"assertionResults":[{"ancestorTitles":["PortfolioImprovementWorkspaceShell"],"fullName":"PortfolioImprovementWorkspaceShell renders latest observation timeline rows and opens the read-only observation review surface from authoritative ids","status":"passed","title":"renders latest observation timeline rows and opens the read-only observation review surface from authoritative ids","duration":69.91520000000014,"failureMessages":[],"meta":{}},{"ancestorTitles":["PortfolioImprovementWorkspaceShell"],"fullName":"PortfolioImprovementWorkspaceShell renders explicit empty and degraded observation timeline states","status":"passed","title":"renders explicit empty and degraded observation timeline states","duration":39.841899999999896,"failureMessages":[],"meta":{}},{"ancestorTitles":["PortfolioImprovementWorkspaceShell"],"fullName":"PortfolioImprovementWorkspaceShell renders alert history queue rows and opens the read-only history review surface from authoritative ids","status":"passed","title":"renders alert history queue rows and opens the read-only history review surface from authoritative ids","duration":43.94339999999988,"failureMessages":[],"meta":{}},{"ancestorTitles":["PortfolioImprovementWorkspaceShell"],"fullName":"PortfolioImprovementWorkspaceShell renders explicit empty and mismatch alert history timeline states","status":"passed","title":"renders explicit empty and mismatch alert history timeline states","duration":41.340599999999995,"failureMessages":[],"meta":{}},{"ancestorTitles":["PortfolioImprovementWorkspaceShell"],"fullName":"PortfolioImprovementWorkspaceShell renders recovered review queue rows from backend payloads directly and reopens timeline review by authoritative ids","status":"passed","title":"renders recovered review queue rows from backend payloads directly and reopens timeline review by authoritative ids","duration":107.16160000000013,"failureMessages":[],"meta":{}},{"ancestorTitles":["PortfolioImprovementWorkspaceShell"],"fullName":"PortfolioImprovementWorkspaceShell shows an explicit decision summary when no candidate exists yet","status":"passed","title":"shows an explicit decision summary when no candidate exists yet","duration":56.752700000000004,"failureMessages":[],"meta":{}},{"ancestorTitles":["PortfolioImprovementWorkspaceShell"],"fullName":"PortfolioImprovementWorkspaceShell shows partial decision summary state when candidate exists but replay has not run","status":"passed","title":"shows partial decision summary state when candidate exists but replay has not run","duration":45.5157999999999,"failureMessages":[],"meta":{}},{"ancestorTitles":["PortfolioImprovementWorkspaceShell"],"fullName":"PortfolioImprovementWorkspaceShell renders seeded replacement review from canonical open handoff only","status":"passed","title":"renders seeded replacement review from canonical open handoff only","duration":61.16409999999996,"failureMessages":[],"meta":{}},{"ancestorTitles":["PortfolioImprovementWorkspaceShell"],"fullName":"PortfolioImprovementWorkspaceShell renders workspace sections in the approved order","status":"passed","title":"renders workspace sections in the approved order","duration":142.8207,"failureMessages":[],"meta":{}},{"ancestorTitles":["PortfolioImprovementWorkspaceShell"],"fullName":"PortfolioImprovementWorkspaceShell owns the shell-level replay, diagnostics, and proposal framing","status":"passed","title":"owns the shell-level replay, diagnostics, and proposal framing","duration":83.27649999999994,"failureMessages":[],"meta":{}},{"ancestorTitles":["PortfolioImprovementWorkspaceShell"],"fullName":"PortfolioImprovementWorkspaceShell updates readiness guidance when replay and saved proposal state exist","status":"passed","title":"updates readiness guidance when replay and saved proposal state exist","duration":169.15149999999994,"failureMessages":[],"meta":{}},{"ancestorTitles":["PortfolioImprovementWorkspaceShell"],"fullName":"PortfolioImprovementWorkspaceShell shows constructed candidate replay lineage with the actual construction rule","status":"passed","title":"shows constructed candidate replay lineage with the actual construction rule","duration":66.1927999999998,"failureMessages":[],"meta":{}},{"ancestorTitles":["PortfolioImprovementWorkspaceShell"],"fullName":"PortfolioImprovementWorkspaceShell renders explicit candidate formation state between candidate idea and replay","status":"passed","title":"renders explicit candidate formation state between candidate idea and replay","duration":282.5063,"failureMessages":[],"meta":{}},{"ancestorTitles":["PortfolioImprovementWorkspaceShell"],"fullName":"PortfolioImprovementWorkspaceShell shows explicit candidate formation rejection state","status":"passed","title":"shows explicit candidate formation rejection state","duration":96.50330000000031,"failureMessages":[],"meta":{}},{"ancestorTitles":["PortfolioImprovementWorkspaceShell"],"fullName":"PortfolioImprovementWorkspaceShell summarizes replay and diagnostics state without presenting a recommendation","status":"passed","title":"summarizes replay and diagnostics state without presenting a recommendation","duration":161.5700999999999,"failureMessages":[],"meta":{}},{"ancestorTitles":["PortfolioImprovementWorkspaceShell"],"fullName":"PortfolioImprovementWorkspaceShell gates shell summary wording when replay investor-economics are withheld","status":"passed","title":"gates shell summary wording when replay investor-economics are withheld","duration":34.84810000000016,"failureMessages":[],"meta":{}},{"ancestorTitles":["PortfolioImprovementWorkspaceShell"],"fullName":"PortfolioImprovementWorkspaceShell summarizes recorded proposal state when an artifact exists","status":"passed","title":"summarizes recorded proposal state when an artifact exists","duration":120.55299999999988,"failureMessages":[],"meta":{}},{"ancestorTitles":["PortfolioImprovementWorkspaceShell"],"fullName":"PortfolioImprovementWorkspaceShell shows newest-first saved proposal index and reopens an older artifact for review only","status":"passed","title":"shows newest-first saved proposal index and reopens an older artifact for review only","duration":1146.2362999999996,"failureMessages":[],"meta":{}},{"ancestorTitles":["PortfolioImprovementWorkspaceShell"],"fullName":"PortfolioImprovementWorkspaceShell uses authoritative openedSavedProposalArtifactId as the sole reopen authority","status":"passed","title":"uses authoritative openedSavedProposalArtifactId as the sole reopen authority","duration":813.0347999999994,"failureMessages":[],"meta":{}},{"ancestorTitles":["PortfolioImprovementWorkspaceShell"],"fullName":"PortfolioImprovementWorkspaceShell fails closed when shell reopen action receives a proposal missing authoritative reviewSnapshotArtifactId","status":"passed","title":"fails closed when shell reopen action receives a proposal missing authoritative reviewSnapshotArtifactId","duration":777.4450999999999,"failureMessages":[],"meta":{}},{"ancestorTitles":["PortfolioImprovementWorkspaceShell"],"fullName":"PortfolioImprovementWorkspaceShell fails closed when shell reopen state receives a proposal missing authoritative proposalCapture","status":"passed","title":"fails closed when shell reopen state receives a proposal missing authoritative proposalCapture","duration":12.6253999999999,"failureMessages":[],"meta":{}},{"ancestorTitles":["PortfolioImprovementWorkspaceShell"],"fullName":"PortfolioImprovementWorkspaceShell keeps persisted construction artifact reopen deterministic when unrelated saved proposal state lacks authoritative proposalCapture","status":"passed","title":"keeps persisted construction artifact reopen deterministic when unrelated saved proposal state lacks authoritative proposalCapture","duration":10.432999999999993,"failureMessages":[],"meta":{}},{"ancestorTitles":["PortfolioImprovementWorkspaceShell"],"fullName":"PortfolioImprovementWorkspaceShell keeps persisted optimizer handoff reopen deterministic when unrelated saved proposal state lacks authoritative proposalCapture","status":"passed","title":"keeps persisted optimizer handoff reopen deterministic when unrelated saved proposal state lacks authoritative proposalCapture","duration":9.924400000000787,"failureMessages":[],"meta":{}},{"ancestorTitles":["PortfolioImprovementWorkspaceShell"],"fullName":"PortfolioImprovementWorkspaceShell opens a read-only saved proposal comparison for exactly two selected artifacts","status":"passed","title":"opens a read-only saved proposal comparison for exactly two selected artifacts","duration":228.20759999999973,"failureMessages":[],"meta":{}},{"ancestorTitles":["PortfolioImprovementWorkspaceShell"],"fullName":"PortfolioImprovementWorkspaceShell keeps saved proposal comparison on provenance and replay metadata instead of investor-performance rows","status":"passed","title":"keeps saved proposal comparison on provenance and replay metadata instead of investor-performance rows","duration":140.74219999999968,"failureMessages":[],"meta":{}},{"ancestorTitles":["PortfolioImprovementWorkspaceShell"],"fullName":"PortfolioImprovementWorkspaceShell shows comparison ineligible state when fewer than two saved proposals exist","status":"passed","title":"shows comparison ineligible state when fewer than two saved proposals exist","duration":39.28569999999945,"failureMessages":[],"meta":{}},{"ancestorTitles":["PortfolioImprovementWorkspaceShell"],"fullName":"PortfolioImprovementWorkspaceShell swaps sides and opens a full proposal from comparison mode","status":"passed","title":"swaps sides and opens a full proposal from comparison mode","duration":95.4347000000007,"failureMessages":[],"meta":{}},{"ancestorTitles":["PortfolioImprovementWorkspaceShell"],"fullName":"PortfolioImprovementWorkspaceShell renders family review rejection when family review artifact payload is malformed","status":"passed","title":"renders family review rejection when family review artifact payload is malformed","duration":103.21050000000014,"failureMessages":[],"meta":{}},{"ancestorTitles":["PortfolioImprovementWorkspaceShell"],"fullName":"PortfolioImprovementWorkspaceShell renders family inbox newest-first and opens PM review from the authoritative latest row","status":"passed","title":"renders family inbox newest-first and opens PM review from the authoritative latest row","duration":55.87049999999999,"failureMessages":[],"meta":{}},{"ancestorTitles":["PortfolioImprovementWorkspaceShell"],"fullName":"PortfolioImprovementWorkspaceShell refuses family inbox rows that are not indexed by saved proposals","status":"passed","title":"refuses family inbox rows that are not indexed by saved proposals","duration":137.0713999999998,"failureMessages":[],"meta":{}},{"ancestorTitles":["PortfolioImprovementWorkspaceShell"],"fullName":"PortfolioImprovementWorkspaceShell keeps candidate idea actions inside the shell and promotes to replacement intent","status":"passed","title":"keeps candidate idea actions inside the shell and promotes to replacement intent","duration":2545.1040000000003,"failureMessages":[],"meta":{}},{"ancestorTitles":["PortfolioImprovementWorkspaceShell"],"fullName":"PortfolioImprovementWorkspaceShell marks construction stale when the selected rule differs from the saved artifact rule","status":"passed","title":"marks construction stale when the selected rule differs from the saved artifact rule","duration":342.4879000000001,"failureMessages":[],"meta":{}},{"ancestorTitles":["PortfolioImprovementWorkspaceShell"],"fullName":"PortfolioImprovementWorkspaceShell shows blocked construction constraints before replay can run","status":"passed","title":"shows blocked construction constraints before replay can run","duration":424.89710000000014,"failureMessages":[],"meta":{}},{"ancestorTitles":["PortfolioImprovementWorkspaceShell"],"fullName":"PortfolioImprovementWorkspaceShell gates candidate and proposal sections in persisted construction artifact review mode","status":"passed","title":"gates candidate and proposal sections in persisted construction artifact review mode","duration":11.521500000000742,"failureMessages":[],"meta":{}},{"ancestorTitles":["PortfolioImprovementWorkspaceShell"],"fullName":"PortfolioImprovementWorkspaceShell gates candidate and proposal sections in persisted optimizer handoff review mode","status":"passed","title":"gates candidate and proposal sections in persisted optimizer handoff review mode","duration":10.129000000000815,"failureMessages":[],"meta":{}},{"ancestorTitles":["PortfolioImprovementWorkspaceShell"],"fullName":"PortfolioImprovementWorkspaceShell shows optimizer handoff overview basis from handoffReference","status":"passed","title":"shows optimizer handoff overview basis from handoffReference","duration":7.209499999999025,"failureMessages":[],"meta":{}},{"ancestorTitles":["PortfolioImprovementWorkspaceShell"],"fullName":"PortfolioImprovementWorkspaceShell shortens rejected constraint copy in the decision summary","status":"passed","title":"shortens rejected constraint copy in the decision summary","duration":121.52779999999984,"failureMessages":[],"meta":{}},{"ancestorTitles":["PortfolioImprovementWorkspaceShell"],"fullName":"PortfolioImprovementWorkspaceShell shows active thesis state and marks the promoted proposal row","status":"passed","title":"shows active thesis state and marks the promoted proposal row","duration":21.468700000001263,"failureMessages":[],"meta":{}},{"ancestorTitles":["PortfolioImprovementWorkspaceShell"],"fullName":"PortfolioImprovementWorkspaceShell renders active thesis PM summary and same-family delta from persisted artifact-backed routes only","status":"passed","title":"renders active thesis PM summary and same-family delta from persisted artifact-backed routes only","duration":25.84100000000035,"failureMessages":[],"meta":{}},{"ancestorTitles":["PortfolioImprovementWorkspaceShell"],"fullName":"PortfolioImprovementWorkspaceShell renders the active thesis cross-family PM review queue in the desktop workspace shell","status":"passed","title":"renders the active thesis cross-family PM review queue in the desktop workspace shell","duration":60.222499999999854,"failureMessages":[],"meta":{}},{"ancestorTitles":["PortfolioImprovementWorkspaceShell"],"fullName":"PortfolioImprovementWorkspaceShell shows active thesis cross-family PM review queue loading state before rows arrive","status":"passed","title":"shows active thesis cross-family PM review queue loading state before rows arrive","duration":13.995599999998376,"failureMessages":[],"meta":{}},{"ancestorTitles":["PortfolioImprovementWorkspaceShell"],"fullName":"PortfolioImprovementWorkspaceShell shows active thesis cross-family PM review queue empty state when no distinct families exist","status":"passed","title":"shows active thesis cross-family PM review queue empty state when no distinct families exist","duration":23.47230000000127,"failureMessages":[],"meta":{}},{"ancestorTitles":["PortfolioImprovementWorkspaceShell"],"fullName":"PortfolioImprovementWorkspaceShell shows active thesis cross-family PM review queue error state when the route fails","status":"passed","title":"shows active thesis cross-family PM review queue error state when the route fails","duration":22.832900000001246,"failureMessages":[],"meta":{}},{"ancestorTitles":["PortfolioImprovementWorkspaceShell"],"fullName":"PortfolioImprovementWorkspaceShell fails closed when active thesis cross-family queue rows are not indexed by saved proposals","status":"passed","title":"fails closed when active thesis cross-family queue rows are not indexed by saved proposals","duration":21.79860000000008,"failureMessages":[],"meta":{}},{"ancestorTitles":["PortfolioImprovementWorkspaceShell"],"fullName":"PortfolioImprovementWorkspaceShell fails closed when active thesis same-family sibling selection is ambiguous","status":"passed","title":"fails closed when active thesis same-family sibling selection is ambiguous","duration":24.55319999999847,"failureMessages":[],"meta":{}},{"ancestorTitles":["PortfolioImprovementWorkspaceShell"],"fullName":"PortfolioImprovementWorkspaceShell promotes and clears the active thesis from saved proposal actions","status":"passed","title":"promotes and clears the active thesis from saved proposal actions","duration":17.157799999999042,"failureMessages":[],"meta":{}}],"startTime":1777562152420,"endTime":1777562161308.1577,"status":"passed","message":"","name":"C:/projects/investments/portfolio/apps/desktop/src/features/backtest/PortfolioImprovementWorkspaceShell.test.tsx"},{"assertionResults":[{"ancestorTitles":["ConstructionArtifactReplayResponse turnover diagnostics contract"],"fullName":"ConstructionArtifactReplayResponse turnover diagnostics contract accepts backend-shipped turnover_diagnostics_v1.symbol_contributions","status":"passed","title":"accepts backend-shipped turnover_diagnostics_v1.symbol_contributions","duration":1.5516000000000076,"failureMessages":[],"meta":{}},{"ancestorTitles":["MonitorDefinitionAlertReviewTimelineResponse contract"],"fullName":"MonitorDefinitionAlertReviewTimelineResponse contract keeps observation, history, and benchmark or portfolio fields distinct without methodology prose drift","status":"passed","title":"keeps observation, history, and benchmark or portfolio fields distinct without methodology prose drift","duration":0.5575999999999794,"failureMessages":[],"meta":{}},{"ancestorTitles":["MonitorDefinitionRecoveredAlertReviewQueueResponse contract"],"fullName":"MonitorDefinitionRecoveredAlertReviewQueueResponse contract keeps recovered discovery semantics explicit and reopenable by authoritative timeline ids only","status":"passed","title":"keeps recovered discovery semantics explicit and reopenable by authoritative timeline ids only","duration":0.35789999999997235,"failureMessages":[],"meta":{}},{"ancestorTitles":["MonitorDefinitionAlertEpisodeHistoryResponse contract"],"fullName":"MonitorDefinitionAlertEpisodeHistoryResponse contract keeps ordering, windowing, lifecycle labels, and drill-in handoffs explicit","status":"passed","title":"keeps ordering, windowing, lifecycle labels, and drill-in handoffs explicit","duration":0.27369999999996253,"failureMessages":[],"meta":{}}],"startTime":1777562151771,"endTime":1777562151774.2737,"status":"passed","message":"","name":"C:/projects/investments/portfolio/apps/desktop/src/features/portfolio/types.test.ts"}]}