{"numTotalTestSuites":2,"numPassedTestSuites":0,"numFailedTestSuites":2,"numPendingTestSuites":0,"numTotalTests":115,"numPassedTests":100,"numFailedTests":15,"numPendingTests":0,"numTodoTests":0,"snapshot":{"added":0,"failure":false,"filesAdded":0,"filesRemoved":0,"filesRemovedList":[],"filesUnmatched":0,"filesUpdated":0,"matched":0,"total":0,"unchecked":0,"uncheckedKeysByFile":[],"unmatched":0,"updated":0,"didUpdate":false},"startTime":1777982711478,"success":false,"testResults":[{"assertionResults":[{"ancestorTitles":["App"],"fullName":"App loads the authoritative timeline from monitoring handoff and opens persisted observation review by timeline ids only","status":"passed","title":"loads the authoritative timeline from monitoring handoff and opens persisted observation review by timeline ids only","duration":512.4528,"failureMessages":[],"meta":{}},{"ancestorTitles":["App"],"fullName":"App fails closed when persisted observation open payload mismatches the selected timeline row","status":"passed","title":"fails closed when persisted observation open payload mismatches the selected timeline row","duration":166.93899999999985,"failureMessages":[],"meta":{}},{"ancestorTitles":["App"],"fullName":"App loads the authoritative timeline from monitoring handoff and opens persisted history review by timeline ids only","status":"passed","title":"loads the authoritative timeline from monitoring handoff and opens persisted history review by timeline ids only","duration":168.64570000000003,"failureMessages":[],"meta":{}},{"ancestorTitles":["App"],"fullName":"App fails closed when persisted history open payload mismatches the selected timeline row","status":"passed","title":"fails closed when persisted history open payload mismatches the selected timeline row","duration":155.683,"failureMessages":[],"meta":{}},{"ancestorTitles":["App"],"fullName":"App loads the shipped alert review timeline payload directly and reopens both review surfaces by authoritative ids only","status":"passed","title":"loads the shipped alert review timeline payload directly and reopens both review surfaces by authoritative ids only","duration":1.6376000000000204,"failureMessages":[],"meta":{}},{"ancestorTitles":["App"],"fullName":"App fails closed on unsupported alert episode contract state in timeline payloads","status":"passed","title":"fails closed on unsupported alert episode contract state in timeline payloads","duration":1.320799999999963,"failureMessages":[],"meta":{}},{"ancestorTitles":["App"],"fullName":"App loads the shipped recovered queue payload directly and reopens the authoritative timeline by persisted ids only","status":"passed","title":"loads the shipped recovered queue payload directly and reopens the authoritative timeline by persisted ids only","duration":0.9056000000000495,"failureMessages":[],"meta":{}},{"ancestorTitles":["App"],"fullName":"App fails closed on unsupported alert episode contract state in recovered queue payloads","status":"passed","title":"fails closed on unsupported alert episode contract state in recovered queue payloads","duration":0.49499999999989086,"failureMessages":[],"meta":{}},{"ancestorTitles":["App"],"fullName":"App accepts the shipped alert episode history payload directly for definition-scoped drill-in discovery","status":"passed","title":"accepts the shipped alert episode history payload directly for definition-scoped drill-in discovery","duration":0.5210999999999331,"failureMessages":[],"meta":{}},{"ancestorTitles":["App"],"fullName":"App accepts the shipped active alert episode inbox payload directly for discovery-only open episode rows","status":"passed","title":"accepts the shipped active alert episode inbox payload directly for discovery-only open episode rows","duration":0.41129999999975553,"failureMessages":[],"meta":{}},{"ancestorTitles":["App"],"fullName":"App fails closed on unsupported active alert episode inbox contract state","status":"passed","title":"fails closed on unsupported active alert episode inbox contract state","duration":0.25070000000005166,"failureMessages":[],"meta":{}},{"ancestorTitles":["App"],"fullName":"App fails closed on unsupported alert episode history contract state","status":"passed","title":"fails closed on unsupported alert episode history contract state","duration":0.2197000000001026,"failureMessages":[],"meta":{}},{"ancestorTitles":["App"],"fullName":"App renders the recovered queue from backend payloads and reopens the definition-scoped timeline by authoritative ids","status":"passed","title":"renders the recovered queue from backend payloads and reopens the definition-scoped timeline by authoritative ids","duration":72.04140000000007,"failureMessages":[],"meta":{}},{"ancestorTitles":["App"],"fullName":"App restores cached definition-scoped review state from the authoritative timeline payload","status":"passed","title":"restores cached definition-scoped review state from the authoritative timeline payload","duration":35.197000000000116,"failureMessages":[],"meta":{}},{"ancestorTitles":["App"],"fullName":"App fails closed when definition-scoped alert review restore cannot build the exposure factor model","status":"passed","title":"fails closed when definition-scoped alert review restore cannot build the exposure factor model","duration":10.348500000000058,"failureMessages":[],"meta":{}},{"ancestorTitles":["App"],"fullName":"App fails closed when definition-scoped alert review restore receives invalid imported diagnostics inputs","status":"passed","title":"fails closed when definition-scoped alert review restore receives invalid imported diagnostics inputs","duration":16.670000000000073,"failureMessages":[],"meta":{}},{"ancestorTitles":["App"],"fullName":"App fails closed when definition-scoped alert review restore receives invalid imported dashboard history inputs","status":"passed","title":"fails closed when definition-scoped alert review restore receives invalid imported dashboard history inputs","duration":10.070099999999911,"failureMessages":[],"meta":{}},{"ancestorTitles":["App"],"fullName":"App preserves generic analytics fallback behavior outside definition-scoped alert review restore","status":"passed","title":"preserves generic analytics fallback behavior outside definition-scoped alert review restore","duration":28.54820000000018,"failureMessages":[],"meta":{}},{"ancestorTitles":["App"],"fullName":"App fails closed when the monitoring handoff reaches workspace without a monitor definition id","status":"passed","title":"fails closed when the monitoring handoff reaches workspace without a monitor definition id","duration":56.964500000000044,"failureMessages":[],"meta":{}},{"ancestorTitles":["App"],"fullName":"App adds a new imported snapshot node from Dashboard Add Statement","status":"passed","title":"adds a new imported snapshot node from Dashboard Add Statement","duration":16.782000000000153,"failureMessages":[],"meta":{}},{"ancestorTitles":["App"],"fullName":"App restores appended snapshot from persisted state","status":"failed","title":"restores appended snapshot from persisted state","duration":1100.583,"failureMessages":["Error: Unable to find role=\"button\" and name `/draft\\/tool layer/i`\n\nIgnored nodes: comments, script, style\n\u001b[36m<body>\u001b[39m\n  \u001b[36m<div />\u001b[39m\n  \u001b[36m<div>\u001b[39m\n    \u001b[36m<main\u001b[39m\n      \u001b[33mclass\u001b[39m=\u001b[32m\"shell\"\u001b[39m\n    \u001b[36m>\u001b[39m\n      \u001b[36m<header\u001b[39m\n        \u001b[33mclass\u001b[39m=\u001b[32m\"topbar\"\u001b[39m\n      \u001b[36m>\u001b[39m\n        \u001b[36m<div>\u001b[39m\n          \u001b[36m<p\u001b[39m\n            \u001b[33mclass\u001b[39m=\u001b[32m\"eyebrow\"\u001b[39m\n          \u001b[36m>\u001b[39m\n            \u001b[0mPortfolio Workstation\u001b[0m\n          \u001b[36m</p>\u001b[39m\n          \u001b[36m<p\u001b[39m\n            \u001b[33mclass\u001b[39m=\u001b[32m\"helper workflow-status-text\"\u001b[39m\n          \u001b[36m>\u001b[39m\n            \u001b[0mPortfolio Loaded\u001b[0m\n          \u001b[36m</p>\u001b[39m\n        \u001b[36m</div>\u001b[39m\n        \u001b[36m<nav\u001b[39m\n          \u001b[33maria-label\u001b[39m=\u001b[32m\"Main workspace tabs\"\u001b[39m\n          \u001b[33mclass\u001b[39m=\u001b[32m\"tab-bar header-tab-bar\"\u001b[39m\n        \u001b[36m>\u001b[39m\n          \u001b[36m<div\u001b[39m\n            \u001b[33mclass\u001b[39m=\u001b[32m\"tab-bar-group tab-bar-group-primary\"\u001b[39m\n          \u001b[36m>\u001b[39m\n            \u001b[36m<button\u001b[39m\n              \u001b[33mclass\u001b[39m=\u001b[32m\"tab-button\"\u001b[39m\n            \u001b[36m>\u001b[39m\n              \u001b[0mDashboard\u001b[0m\n            \u001b[36m</button>\u001b[39m\n            \u001b[36m<button\u001b[39m\n              \u001b[33mclass\u001b[39m=\u001b[32m\"tab-button\"\u001b[39m\n            \u001b[36m>\u001b[39m\n              \u001b[0mExposure\u001b[0m\n            \u001b[36m</button>\u001b[39m\n            \u001b[36m<button\u001b[39m\n              \u001b[33mclass\u001b[39m=\u001b[32m\"tab-button\"\u001b[39m\n            \u001b[36m>\u001b[39m\n              \u001b[0mDiagnostics\u001b[0m\n            \u001b[36m</button>\u001b[39m\n            \u001b[36m<button\u001b[39m\n              \u001b[33maria-current\u001b[39m=\u001b[32m\"page\"\u001b[39m\n              \u001b[33mclass\u001b[39m=\u001b[32m\"tab-button active\"\u001b[39m\n            \u001b[36m>\u001b[39m\n              \u001b[0mWorkspace\u001b[0m\n            \u001b[36m</button>\u001b[39m\n          \u001b[36m</div>\u001b[39m\n          \u001b[36m<div\u001b[39m\n            \u001b[33mclass\u001b[39m=\u001b[32m\"tab-bar-group tab-bar-group-secondary\"\u001b[39m\n          \u001b[36m>\u001b[39m\n            \u001b[36m<button\u001b[39m\n              \u001b[33mclass\u001b[39m=\u001b[32m\"tab-button\"\u001b[39m\n            \u001b[36m>\u001b[39m\n              \u001b[0mBacktest\u001b[0m\n            \u001b[36m</button>\u001b[39m\n            \u001b[36m<button\u001b[39m\n              \u001b[33mclass\u001b[39m=\u001b[32m\"tab-button\"\u001b[39m\n            \u001b[36m>\u001b[39m\n              \u001b[0mStrategy Lab\u001b[0m\n            \u001b[36m</button>\u001b[39m\n            \u001b[36m<button\u001b[39m\n              \u001b[33mclass\u001b[39m=\u001b[32m\"tab-button\"\u001b[39m\n            \u001b[36m>\u001b[39m\n              \u001b[0mETF Ranking\u001b[0m\n            \u001b[36m</button>\u001b[39m\n          \u001b[36m</div>\u001b[39m\n        \u001b[36m</nav>\u001b[39m\n        \u001b[36m<div\u001b[39m\n          \u001b[33mclass\u001b[39m=\u001b[32m\"topbar-meta\"\u001b[39m\n        \u001b[36m>\u001b[39m\n          \u001b[36m<span\u001b[39m\n            \u001b[33mclass\u001b[39m=\u001b[32m\"status-dot\"\u001b[39m\n          \u001b[36m/>\u001b[39m\n          \u001b[36m<span>\u001b[39m\n            \u001b[0mLocal Quant Engine\u001b[0m\n          \u001b[36m</span>\u001b[39m\n        \u001b[36m</div>\u001b[39m\n      \u001b[36m</header>\u001b[39m\n      \u001b[36m<input\u001b[39m\n        \u001b[33maccept\u001b[39m=\u001b[32m\"application/pdf,.pdf\"\u001b[39m\n        \u001b[33mhidden\u001b[39m=\u001b[32m\"\"\u001b[39m\n        \u001b[33mmultiple\u001b[39m=\u001b[32m\"\"\u001b[39m\n        \u001b[33mtype\u001b[39m=\u001b[32m\"file\"\u001b[39m\n      \u001b[36m/>\u001b[39m\n      \u001b[36m<section\u001b[39m\n        \u001b[33mclass\u001b[39m=\u001b[32m\"grid grid-single\"\u001b[39m\n      \u001b[36m>\u001b[39m\n        \u001b[36m<article\u001b[39m\n          \u001b[33mclass\u001b[39m=\u001b[32m\"panel\"\u001b[39m\n        \u001b[36m>\u001b[39m\n          \u001b[36m<section\u001b[39m\n            \u001b[33mclass\u001b[39m=\u001b[32m\"workspace-section\"\u001b[39m\n          \u001b[36m>\u001b[39m\n            \u001b[36m<h2>\u001b[39m\n              \u001b[0mPortfolio Research Workspace\u001b[0m\n            \u001b[36m</h2>\u001b[39m\n            \u001b[36m<section\u001b[39m\n              \u001b[33mclass\u001b[39m=\u001b[32m\"dashboard-bottom-grid\"\u001b[39m\n              \u001b[33mdata-testid\u001b[39m=\u001b[32m\"workspace-section-overview\"\u001b[39m\n            \u001b[36m>\u001b[39m\n              \u001b[36m<div\u001b[39m\n                \u001b[33mclass\u001b[39m=\u001b[32m\"section-header-inline sector-list-header\"\u001b[39m\n              \u001b[36m>\u001b[39m\n                \u001b[36m<div>\u001b[39m\n                  \u001b[36m<p\u001b[39m\n                    \u001b[33mclass\u001b[39m=\u001b[32m\"panel-label\"\u001b[39m\n                  \u001b[36m>\u001b[39m\n                    \u001b[0mOverview\u001b[0m\n                  \u001b[36m</p>\u001b[39m\n                \u001b[36m</div>\u001b[39m\n              \u001b[36m</div>\u001b[39m\n              \u001b[36m<div\u001b[39m\n                \u001b[33mclass\u001b[39m=\u001b[32m\"dashboard-summary compact-summary-grid\"\u001b[39m\n              \u001b[36m>\u001b[39m\n                \u001b[36m<div\u001b[39m\n                  \u001b[33mclass\u001b[39m=\u001b[32m\"summary-card\"\u001b[39m\n                \u001b[36m>\u001b[39m\n                  \u001b[36m<p\u001b[39m\n                    \u001b[33mclass\u001b[39m=\u001b[32m\"stat-label\"\u001b[39m\n                  \u001b[36m>\u001b[39m\n                    \u001b[0mPortfolio Value\u001b[0m\n                  \u001b[36m</p>\u001b[39m\n                  \u001b[36m<p\u001b[39m\n                    \u001b[33mclass\u001b[39m=\u001b[32m\"summary-value\"\u001b[39m\n                  \u001b[36m>\u001b[39m\n                    \u001b[0m$59545.82\u001b[0m\n                  \u001b[36m</p>\u001b[39m\n                \u001b[36m</div>\u001b[39m\n                \u001b[36m<div\u001b[39m\n                  \u001b[33mclass\u001b[39m=\u001b[32m\"summary-card\"\u001b[39m\n                \u001b[36m>\u001b[39m\n                  \u001b[36m<p\u001b[39m\n                    \u001b[33mclass\u001b[39m=\u001b[32m\"stat-label\"\u001b[39m\n                  \u001b[36m>\u001b[39m\n                    \u001b[0mPositions\u001b[0m\n                  \u001b[36m</p>\u001b[39m\n                  \u001b[36m<p\u001b[39m\n                    \u001b[33mclass\u001b[39m=\u001b[32m\"summary-value\"\u001b[39m\n                  \u001b[36m>\u001b[39m\n                    \u001b[0m21\u001b[0m\n                  \u001b[36m</p>\u001b[39m\n                \u001b[36m</div>\u001b[39m\n                \u001b[36m<div\u001b[39m\n                  \u001b[33mclass\u001b[39m=\u001b[32m\"summary-card\"\u001b[39m\n                \u001b[36m>\u001b[39m\n                  \u001b[36m<p\u001b[39m\n                    \u001b[33mclass\u001b[39m=\u001b[32m\"stat-label\"\u001b[39m\n                  \u001b[36m>\u001b[39m\n                    \u001b[0mBenchmark\u001b[0m\n                  \u001b[36m</p>\u001b[39m\n                  \u001b[36m<p\u001b[39m\n                    \u001b[33mclass\u001b[39m=\u001b[32m\"summary-value\"\u001b[39m\n                  \u001b[36m>\u001b[39m\n                    \u001b[0mSPY\u001b[0m\n                  \u001b[36m</p>\u001b[39m\n                \u001b[36m</div>\u001b[39m\n                \u001b[36m<div\u001b[39m\n                  \u001b[33mclass\u001b[39m=\u001b[32m\"summary-card\"\u001b[39m\n                \u001b[36m>\u001b[39m\n                  \u001b[36m<p\u001b[39m\n                    \u001b[33mclass\u001b[39m=\u001b[32m\"stat-label\"\u001b[39m\n                  \u001b[36m>\u001b[39m\n                    \u001b[0mReview Basis\u001b[0m\n                  \u001b[36m</p>\u001b[39m\n                  \u001b[36m<p\u001b[39m\n                    \u001b[33mclass\u001b[39m=\u001b[32m\"summary-value\"\u001b[39m\n                  \u001b[36m>\u001b[39m\n                    \u001b[0minteractive_brokers\u001b[0m\n                  \u001b[36m</p>\u001b[39m\n                  \u001b[36m<p\u001b[39m\n                    \u001b[33mclass\u001b[39m=\u001b[32m\"helper\"\u001b[39m\n                  \u001b[36m>\u001b[39m\n                    \u001b[0mJanuary 1, 2026 - April 24, 2026\u001b[0m\n                  \u001b[36m</p>\u001b[39m\n                \u001b[36m</div>\u001b[39m\n              \u001b[36m</div>\u001b[39m\n              \u001b[36m<section\u001b[39m\n                \u001b[33mclass\u001b[39m=\u001b[32m\"dashboard-bottom-grid\"\u001b[39m\n              \u001b[36m>\u001b[39m\n                \u001b[36m<div\u001b[39m\n                  \u001b[33mclass\u001b[39m=\u001b[32m\"section-header-inline sector-list-header\"\u001b[39m\n                \u001b[36m>\u001b[39m\n                  \u001b[36m<div>\u001b[39m\n                    \u001b[36m<p\u001b[39m\n                      \u001b[33mclass\u001b[39m=\u001b[32m\"panel-label\"\u001b[39m\n                    \u001b[36m>\u001b[39m\n                      \u001b[0mMonitoring\u001b[0m\n                    \u001b[36m</p>\u001b[39m\n                  \u001b[36m</di...\n    at Proxy.waitForWrapper (C:\\projects\\investments\\portfolio\\apps\\desktop\\node_modules\\@testing-library\\dom\\dist\\wait-for.js:163:27)\n    at expandDraftToolLayer (C:\\projects\\investments\\portfolio\\apps\\desktop\\src\\app\\App.test.tsx:138:9)\n    at C:\\projects\\investments\\portfolio\\apps\\desktop\\src\\app\\App.test.tsx:3266:11\n    at file:///C:/projects/investments/portfolio/apps/desktop/node_modules/@vitest/runner/dist/index.js:533:5\n    at runTest (file:///C:/projects/investments/portfolio/apps/desktop/node_modules/@vitest/runner/dist/index.js:1056:11)\n    at runSuite (file:///C:/projects/investments/portfolio/apps/desktop/node_modules/@vitest/runner/dist/index.js:1205:15)\n    at runSuite (file:///C:/projects/investments/portfolio/apps/desktop/node_modules/@vitest/runner/dist/index.js:1205:15)\n    at runFiles (file:///C:/projects/investments/portfolio/apps/desktop/node_modules/@vitest/runner/dist/index.js:1262:5)\n    at startTests (file:///C:/projects/investments/portfolio/apps/desktop/node_modules/@vitest/runner/dist/index.js:1271:3)\n    at file:///C:/projects/investments/portfolio/apps/desktop/node_modules/vitest/dist/chunks/runBaseTests.3qpJUEJM.js:126:11"],"meta":{}},{"ancestorTitles":["App"],"fullName":"App uses the Tauri picker path and preserves PDF multipart metadata","status":"passed","title":"uses the Tauri picker path and preserves PDF multipart metadata","duration":25.342399999999998,"failureMessages":[],"meta":{}},{"ancestorTitles":["App"],"fullName":"App fails closed when the Tauri file bridge reads an empty PDF","status":"passed","title":"fails closed when the Tauri file bridge reads an empty PDF","duration":45.759000000000015,"failureMessages":[],"meta":{}},{"ancestorTitles":["App"],"fullName":"App maps Tauri analyze-upload network failures to a Tauri import error","status":"passed","title":"maps Tauri analyze-upload network failures to a Tauri import error","duration":32.06370000000015,"failureMessages":[],"meta":{}},{"ancestorTitles":["App"],"fullName":"App times out Tauri analyze-upload requests with a Tauri import error","status":"passed","title":"times out Tauri analyze-upload requests with a Tauri import error","duration":30.901600000000144,"failureMessages":[],"meta":{}},{"ancestorTitles":["App"],"fullName":"App routes the ETF Ranking compatibility tab into the workspace-owned session and keeps Workspace active","status":"passed","title":"routes the ETF Ranking compatibility tab into the workspace-owned session and keeps Workspace active","duration":47.69750000000022,"failureMessages":[],"meta":{}},{"ancestorTitles":["App"],"fullName":"App shows a no-workspace message for compatibility research entrypoints without firing tool requests","status":"passed","title":"shows a no-workspace message for compatibility research entrypoints without firing tool requests","duration":18.441800000000057,"failureMessages":[],"meta":{}},{"ancestorTitles":["App"],"fullName":"App keeps Strategy Lab reachable from the Workspace research tools","status":"passed","title":"keeps Strategy Lab reachable from the Workspace research tools","duration":52.72960000000012,"failureMessages":[],"meta":{}},{"ancestorTitles":["App"],"fullName":"App shows trend and risk overlays above diagnostics on the diagnostics tab","status":"passed","title":"shows trend and risk overlays above diagnostics on the diagnostics tab","duration":53.51100000000042,"failureMessages":[],"meta":{}},{"ancestorTitles":["App"],"fullName":"App refreshes dashboard allocation and cards after adding a statement snapshot","status":"failed","title":"refreshes dashboard allocation and cards after adding a statement snapshot","duration":1062.6635999999999,"failureMessages":["Error: Unable to find role=\"button\" and name `/support layer/i`\n\nIgnored nodes: comments, script, style\n\u001b[36m<body>\u001b[39m\n  \u001b[36m<div>\u001b[39m\n    \u001b[36m<main\u001b[39m\n      \u001b[33mclass\u001b[39m=\u001b[32m\"shell\"\u001b[39m\n    \u001b[36m>\u001b[39m\n      \u001b[36m<header\u001b[39m\n        \u001b[33mclass\u001b[39m=\u001b[32m\"topbar\"\u001b[39m\n      \u001b[36m>\u001b[39m\n        \u001b[36m<div>\u001b[39m\n          \u001b[36m<p\u001b[39m\n            \u001b[33mclass\u001b[39m=\u001b[32m\"eyebrow\"\u001b[39m\n          \u001b[36m>\u001b[39m\n            \u001b[0mPortfolio Workstation\u001b[0m\n          \u001b[36m</p>\u001b[39m\n          \u001b[36m<p\u001b[39m\n            \u001b[33mclass\u001b[39m=\u001b[32m\"helper workflow-status-text\"\u001b[39m\n          \u001b[36m>\u001b[39m\n            \u001b[0mPortfolio Loaded\u001b[0m\n          \u001b[36m</p>\u001b[39m\n        \u001b[36m</div>\u001b[39m\n        \u001b[36m<nav\u001b[39m\n          \u001b[33maria-label\u001b[39m=\u001b[32m\"Main workspace tabs\"\u001b[39m\n          \u001b[33mclass\u001b[39m=\u001b[32m\"tab-bar header-tab-bar\"\u001b[39m\n        \u001b[36m>\u001b[39m\n          \u001b[36m<div\u001b[39m\n            \u001b[33mclass\u001b[39m=\u001b[32m\"tab-bar-group tab-bar-group-primary\"\u001b[39m\n          \u001b[36m>\u001b[39m\n            \u001b[36m<button\u001b[39m\n              \u001b[33mclass\u001b[39m=\u001b[32m\"tab-button\"\u001b[39m\n            \u001b[36m>\u001b[39m\n              \u001b[0mDashboard\u001b[0m\n            \u001b[36m</button>\u001b[39m\n            \u001b[36m<button\u001b[39m\n              \u001b[33mclass\u001b[39m=\u001b[32m\"tab-button\"\u001b[39m\n            \u001b[36m>\u001b[39m\n              \u001b[0mExposure\u001b[0m\n            \u001b[36m</button>\u001b[39m\n            \u001b[36m<button\u001b[39m\n              \u001b[33mclass\u001b[39m=\u001b[32m\"tab-button\"\u001b[39m\n            \u001b[36m>\u001b[39m\n              \u001b[0mDiagnostics\u001b[0m\n            \u001b[36m</button>\u001b[39m\n            \u001b[36m<button\u001b[39m\n              \u001b[33maria-current\u001b[39m=\u001b[32m\"page\"\u001b[39m\n              \u001b[33mclass\u001b[39m=\u001b[32m\"tab-button active\"\u001b[39m\n            \u001b[36m>\u001b[39m\n              \u001b[0mWorkspace\u001b[0m\n            \u001b[36m</button>\u001b[39m\n          \u001b[36m</div>\u001b[39m\n          \u001b[36m<div\u001b[39m\n            \u001b[33mclass\u001b[39m=\u001b[32m\"tab-bar-group tab-bar-group-secondary\"\u001b[39m\n          \u001b[36m>\u001b[39m\n            \u001b[36m<button\u001b[39m\n              \u001b[33mclass\u001b[39m=\u001b[32m\"tab-button\"\u001b[39m\n            \u001b[36m>\u001b[39m\n              \u001b[0mBacktest\u001b[0m\n            \u001b[36m</button>\u001b[39m\n            \u001b[36m<button\u001b[39m\n              \u001b[33mclass\u001b[39m=\u001b[32m\"tab-button\"\u001b[39m\n            \u001b[36m>\u001b[39m\n              \u001b[0mStrategy Lab\u001b[0m\n            \u001b[36m</button>\u001b[39m\n            \u001b[36m<button\u001b[39m\n              \u001b[33mclass\u001b[39m=\u001b[32m\"tab-button\"\u001b[39m\n            \u001b[36m>\u001b[39m\n              \u001b[0mETF Ranking\u001b[0m\n            \u001b[36m</button>\u001b[39m\n          \u001b[36m</div>\u001b[39m\n        \u001b[36m</nav>\u001b[39m\n        \u001b[36m<div\u001b[39m\n          \u001b[33mclass\u001b[39m=\u001b[32m\"topbar-meta\"\u001b[39m\n        \u001b[36m>\u001b[39m\n          \u001b[36m<span\u001b[39m\n            \u001b[33mclass\u001b[39m=\u001b[32m\"status-dot\"\u001b[39m\n          \u001b[36m/>\u001b[39m\n          \u001b[36m<span>\u001b[39m\n            \u001b[0mLocal Quant Engine\u001b[0m\n          \u001b[36m</span>\u001b[39m\n        \u001b[36m</div>\u001b[39m\n      \u001b[36m</header>\u001b[39m\n      \u001b[36m<input\u001b[39m\n        \u001b[33maccept\u001b[39m=\u001b[32m\"application/pdf,.pdf\"\u001b[39m\n        \u001b[33mhidden\u001b[39m=\u001b[32m\"\"\u001b[39m\n        \u001b[33mmultiple\u001b[39m=\u001b[32m\"\"\u001b[39m\n        \u001b[33mtype\u001b[39m=\u001b[32m\"file\"\u001b[39m\n      \u001b[36m/>\u001b[39m\n      \u001b[36m<section\u001b[39m\n        \u001b[33mclass\u001b[39m=\u001b[32m\"grid grid-single\"\u001b[39m\n      \u001b[36m>\u001b[39m\n        \u001b[36m<article\u001b[39m\n          \u001b[33mclass\u001b[39m=\u001b[32m\"panel\"\u001b[39m\n        \u001b[36m>\u001b[39m\n          \u001b[36m<section\u001b[39m\n            \u001b[33mclass\u001b[39m=\u001b[32m\"workspace-section\"\u001b[39m\n          \u001b[36m>\u001b[39m\n            \u001b[36m<h2>\u001b[39m\n              \u001b[0mPortfolio Research Workspace\u001b[0m\n            \u001b[36m</h2>\u001b[39m\n            \u001b[36m<section\u001b[39m\n              \u001b[33mclass\u001b[39m=\u001b[32m\"dashboard-bottom-grid\"\u001b[39m\n              \u001b[33mdata-testid\u001b[39m=\u001b[32m\"workspace-section-overview\"\u001b[39m\n            \u001b[36m>\u001b[39m\n              \u001b[36m<div\u001b[39m\n                \u001b[33mclass\u001b[39m=\u001b[32m\"section-header-inline sector-list-header\"\u001b[39m\n              \u001b[36m>\u001b[39m\n                \u001b[36m<div>\u001b[39m\n                  \u001b[36m<p\u001b[39m\n                    \u001b[33mclass\u001b[39m=\u001b[32m\"panel-label\"\u001b[39m\n                  \u001b[36m>\u001b[39m\n                    \u001b[0mOverview\u001b[0m\n                  \u001b[36m</p>\u001b[39m\n                \u001b[36m</div>\u001b[39m\n              \u001b[36m</div>\u001b[39m\n              \u001b[36m<div\u001b[39m\n                \u001b[33mclass\u001b[39m=\u001b[32m\"dashboard-summary compact-summary-grid\"\u001b[39m\n              \u001b[36m>\u001b[39m\n                \u001b[36m<div\u001b[39m\n                  \u001b[33mclass\u001b[39m=\u001b[32m\"summary-card\"\u001b[39m\n                \u001b[36m>\u001b[39m\n                  \u001b[36m<p\u001b[39m\n                    \u001b[33mclass\u001b[39m=\u001b[32m\"stat-label\"\u001b[39m\n                  \u001b[36m>\u001b[39m\n                    \u001b[0mPortfolio Value\u001b[0m\n                  \u001b[36m</p>\u001b[39m\n                  \u001b[36m<p\u001b[39m\n                    \u001b[33mclass\u001b[39m=\u001b[32m\"summary-value\"\u001b[39m\n                  \u001b[36m>\u001b[39m\n                    \u001b[0m$15000.00\u001b[0m\n                  \u001b[36m</p>\u001b[39m\n                \u001b[36m</div>\u001b[39m\n                \u001b[36m<div\u001b[39m\n                  \u001b[33mclass\u001b[39m=\u001b[32m\"summary-card\"\u001b[39m\n                \u001b[36m>\u001b[39m\n                  \u001b[36m<p\u001b[39m\n                    \u001b[33mclass\u001b[39m=\u001b[32m\"stat-label\"\u001b[39m\n                  \u001b[36m>\u001b[39m\n                    \u001b[0mPositions\u001b[0m\n                  \u001b[36m</p>\u001b[39m\n                  \u001b[36m<p\u001b[39m\n                    \u001b[33mclass\u001b[39m=\u001b[32m\"summary-value\"\u001b[39m\n                  \u001b[36m>\u001b[39m\n                    \u001b[0m2\u001b[0m\n                  \u001b[36m</p>\u001b[39m\n                \u001b[36m</div>\u001b[39m\n                \u001b[36m<div\u001b[39m\n                  \u001b[33mclass\u001b[39m=\u001b[32m\"summary-card\"\u001b[39m\n                \u001b[36m>\u001b[39m\n                  \u001b[36m<p\u001b[39m\n                    \u001b[33mclass\u001b[39m=\u001b[32m\"stat-label\"\u001b[39m\n                  \u001b[36m>\u001b[39m\n                    \u001b[0mBenchmark\u001b[0m\n                  \u001b[36m</p>\u001b[39m\n                  \u001b[36m<p\u001b[39m\n                    \u001b[33mclass\u001b[39m=\u001b[32m\"summary-value\"\u001b[39m\n                  \u001b[36m>\u001b[39m\n                    \u001b[0mSPY\u001b[0m\n                  \u001b[36m</p>\u001b[39m\n                \u001b[36m</div>\u001b[39m\n                \u001b[36m<div\u001b[39m\n                  \u001b[33mclass\u001b[39m=\u001b[32m\"summary-card\"\u001b[39m\n                \u001b[36m>\u001b[39m\n                  \u001b[36m<p\u001b[39m\n                    \u001b[33mclass\u001b[39m=\u001b[32m\"stat-label\"\u001b[39m\n                  \u001b[36m>\u001b[39m\n                    \u001b[0mReview Basis\u001b[0m\n                  \u001b[36m</p>\u001b[39m\n                  \u001b[36m<p\u001b[39m\n                    \u001b[33mclass\u001b[39m=\u001b[32m\"summary-value\"\u001b[39m\n                  \u001b[36m>\u001b[39m\n                    \u001b[0minteractive_brokers\u001b[0m\n                  \u001b[36m</p>\u001b[39m\n                  \u001b[36m<p\u001b[39m\n                    \u001b[33mclass\u001b[39m=\u001b[32m\"helper\"\u001b[39m\n                  \u001b[36m>\u001b[39m\n                    \u001b[0m2026-01-01 - 2026-04-08\u001b[0m\n                  \u001b[36m</p>\u001b[39m\n                \u001b[36m</div>\u001b[39m\n              \u001b[36m</div>\u001b[39m\n              \u001b[36m<section\u001b[39m\n                \u001b[33mclass\u001b[39m=\u001b[32m\"dashboard-bottom-grid\"\u001b[39m\n              \u001b[36m>\u001b[39m\n                \u001b[36m<div\u001b[39m\n                  \u001b[33mclass\u001b[39m=\u001b[32m\"section-header-inline sector-list-header\"\u001b[39m\n                \u001b[36m>\u001b[39m\n                  \u001b[36m<div>\u001b[39m\n                    \u001b[36m<p\u001b[39m\n                      \u001b[33mclass\u001b[39m=\u001b[32m\"panel-label\"\u001b[39m\n                    \u001b[36m>\u001b[39m\n                      \u001b[0mMonitoring\u001b[0m\n                    \u001b[36m</p>\u001b[39m\n                  \u001b[36m</div>\u001b[39m\n                \u001b[36m<...\n    at Proxy.waitForWrapper (C:\\projects\\investments\\portfolio\\apps\\desktop\\node_modules\\@testing-library\\dom\\dist\\wait-for.js:163:27)\n    at expandSupportLayer (C:\\projects\\investments\\portfolio\\apps\\desktop\\src\\app\\App.test.tsx:127:9)\n    at C:\\projects\\investments\\portfolio\\apps\\desktop\\src\\app\\App.test.tsx:3644:11\n    at file:///C:/projects/investments/portfolio/apps/desktop/node_modules/@vitest/runner/dist/index.js:533:5\n    at runTest (file:///C:/projects/investments/portfolio/apps/desktop/node_modules/@vitest/runner/dist/index.js:1056:11)\n    at runSuite (file:///C:/projects/investments/portfolio/apps/desktop/node_modules/@vitest/runner/dist/index.js:1205:15)\n    at runSuite (file:///C:/projects/investments/portfolio/apps/desktop/node_modules/@vitest/runner/dist/index.js:1205:15)\n    at runFiles (file:///C:/projects/investments/portfolio/apps/desktop/node_modules/@vitest/runner/dist/index.js:1262:5)\n    at startTests (file:///C:/projects/investments/portfolio/apps/desktop/node_modules/@vitest/runner/dist/index.js:1271:3)\n    at file:///C:/projects/investments/portfolio/apps/desktop/node_modules/vitest/dist/chunks/runBaseTests.3qpJUEJM.js:126:11"],"meta":{}},{"ancestorTitles":["App"],"fullName":"App restores imported startup draft to Dashboard first and preserves Workspace navigation","status":"passed","title":"restores imported startup draft to Dashboard first and preserves Workspace navigation","duration":29.4359000000004,"failureMessages":[],"meta":{}},{"ancestorTitles":["App"],"fullName":"App opens persisted construction artifact review from query param on startup","status":"passed","title":"opens persisted construction artifact review from query param on startup","duration":19.187300000000505,"failureMessages":[],"meta":{}},{"ancestorTitles":["App"],"fullName":"App stops persisted construction artifact open when preview handoff kind is unsupported","status":"passed","title":"stops persisted construction artifact open when preview handoff kind is unsupported","duration":8.649099999999635,"failureMessages":[],"meta":{}},{"ancestorTitles":["App"],"fullName":"App stops persisted construction artifact open when preview handoff artifact mismatches query artifact","status":"passed","title":"stops persisted construction artifact open when preview handoff artifact mismatches query artifact","duration":16.90849999999955,"failureMessages":[],"meta":{}},{"ancestorTitles":["App"],"fullName":"App stops persisted construction artifact open when preflight validation fails","status":"passed","title":"stops persisted construction artifact open when preflight validation fails","duration":30.75420000000031,"failureMessages":[],"meta":{}},{"ancestorTitles":["App"],"fullName":"App stops persisted construction artifact open when preview fails after preflight succeeds","status":"passed","title":"stops persisted construction artifact open when preview fails after preflight succeeds","duration":21.121100000000297,"failureMessages":[],"meta":{}},{"ancestorTitles":["App"],"fullName":"App stops persisted construction artifact open when preview handoff is missing","status":"passed","title":"stops persisted construction artifact open when preview handoff is missing","duration":10.145300000000134,"failureMessages":[],"meta":{}},{"ancestorTitles":["App"],"fullName":"App restores persisted construction artifact review state on startup","status":"passed","title":"restores persisted construction artifact review state on startup","duration":22.69929999999931,"failureMessages":[],"meta":{}},{"ancestorTitles":["App"],"fullName":"App opens persisted optimizer handoff review from query param on startup","status":"passed","title":"opens persisted optimizer handoff review from query param on startup","duration":31.454600000000028,"failureMessages":[],"meta":{}},{"ancestorTitles":["App"],"fullName":"App stops persisted optimizer handoff open when validation replay handoff is missing","status":"passed","title":"stops persisted optimizer handoff open when validation replay handoff is missing","duration":11.544800000000578,"failureMessages":[],"meta":{}},{"ancestorTitles":["App"],"fullName":"App stops persisted optimizer handoff open when validation replay handoff reference mismatches query reference","status":"passed","title":"stops persisted optimizer handoff open when validation replay handoff reference mismatches query reference","duration":12.69589999999971,"failureMessages":[],"meta":{}},{"ancestorTitles":["App"],"fullName":"App stops persisted optimizer handoff open when validation is blocked","status":"passed","title":"stops persisted optimizer handoff open when validation is blocked","duration":15.405999999999949,"failureMessages":[],"meta":{}},{"ancestorTitles":["App"],"fullName":"App stops persisted optimizer handoff open when validation handoff mismatches query reference","status":"passed","title":"stops persisted optimizer handoff open when validation handoff mismatches query reference","duration":15.701200000000426,"failureMessages":[],"meta":{}},{"ancestorTitles":["App"],"fullName":"App stops persisted optimizer handoff open when validation artifact mismatches query reference","status":"passed","title":"stops persisted optimizer handoff open when validation artifact mismatches query reference","duration":11.645000000000437,"failureMessages":[],"meta":{}},{"ancestorTitles":["App"],"fullName":"App allows persisted optimizer handoff open when validation omits artifact id","status":"passed","title":"allows persisted optimizer handoff open when validation omits artifact id","duration":17.074099999999817,"failureMessages":[],"meta":{}},{"ancestorTitles":["App"],"fullName":"App stops persisted optimizer handoff open when replay artifact mismatches query reference","status":"passed","title":"stops persisted optimizer handoff open when replay artifact mismatches query reference","duration":18.36700000000019,"failureMessages":[],"meta":{}},{"ancestorTitles":["App"],"fullName":"App stops persisted optimizer handoff open when replay omits the canonical objective block","status":"passed","title":"stops persisted optimizer handoff open when replay omits the canonical objective block","duration":11.548999999999978,"failureMessages":[],"meta":{}},{"ancestorTitles":["App"],"fullName":"App restores persisted optimizer handoff review state on startup","status":"passed","title":"restores persisted optimizer handoff review state on startup","duration":23.814399999999296,"failureMessages":[],"meta":{}},{"ancestorTitles":["App"],"fullName":"App fails closed when restored persisted optimizer workspace is missing its authoritative persisted review row","status":"passed","title":"fails closed when restored persisted optimizer workspace is missing its authoritative persisted review row","duration":9.806899999999587,"failureMessages":[],"meta":{}},{"ancestorTitles":["App"],"fullName":"App fails closed when restored persisted optimizer workspace source conflicts with handoffReference identity","status":"passed","title":"fails closed when restored persisted optimizer workspace source conflicts with handoffReference identity","duration":16.836299999999937,"failureMessages":[],"meta":{}},{"ancestorTitles":["App"],"fullName":"App fails closed when restored persisted optimizer workspace has a malformed cached reviewBasis envelope","status":"passed","title":"fails closed when restored persisted optimizer workspace has a malformed cached reviewBasis envelope","duration":15.774099999999635,"failureMessages":[],"meta":{}},{"ancestorTitles":["App"],"fullName":"App restores persisted optimizer handoff review state when cached reviewBasis is missing as a documented legacy case","status":"passed","title":"restores persisted optimizer handoff review state when cached reviewBasis is missing as a documented legacy case","duration":20.84349999999995,"failureMessages":[],"meta":{}},{"ancestorTitles":["App"],"fullName":"App normalizes legacy cached artifact review workspaces during restore","status":"passed","title":"normalizes legacy cached artifact review workspaces during restore","duration":12.165100000000166,"failureMessages":[],"meta":{}},{"ancestorTitles":["App"],"fullName":"App restores IB2026 dashboard values consistently from persisted imported state","status":"passed","title":"restores IB2026 dashboard values consistently from persisted imported state","duration":77.50919999999951,"failureMessages":[],"meta":{}},{"ancestorTitles":["App"],"fullName":"App restores FF2026 dashboard values consistently from persisted imported state","status":"passed","title":"restores FF2026 dashboard values consistently from persisted imported state","duration":62.572799999999916,"failureMessages":[],"meta":{}},{"ancestorTitles":["App"],"fullName":"App clears restored import state and persisted session","status":"passed","title":"clears restored import state and persisted session","duration":62.58560000000034,"failureMessages":[],"meta":{}},{"ancestorTitles":["App"],"fullName":"App passes imported bootstrap data into the backtest workspace","status":"passed","title":"passes imported bootstrap data into the backtest workspace","duration":41.280799999999545,"failureMessages":[],"meta":{}},{"ancestorTitles":["App"],"fullName":"App opens Workspace from Monitoring with a dismissible handoff banner","status":"passed","title":"opens Workspace from Monitoring with a dismissible handoff banner","duration":98.84140000000025,"failureMessages":[],"meta":{}},{"ancestorTitles":["App"],"fullName":"App keeps generic strategy backtests reachable from the Workspace research tools","status":"passed","title":"keeps generic strategy backtests reachable from the Workspace research tools","duration":44.22560000000067,"failureMessages":[],"meta":{}},{"ancestorTitles":["App"],"fullName":"App preserves workspace-owned backtest state when re-entering through the compatibility tab","status":"passed","title":"preserves workspace-owned backtest state when re-entering through the compatibility tab","duration":79.23579999999947,"failureMessages":[],"meta":{}},{"ancestorTitles":["App"],"fullName":"App preserves workspace-owned ETF ranking state when re-entering through the compatibility tab","status":"passed","title":"preserves workspace-owned ETF ranking state when re-entering through the compatibility tab","duration":85.03360000000066,"failureMessages":[],"meta":{}},{"ancestorTitles":["App"],"fullName":"App seeds an ETF ranking candidate into draft review without mutating the portfolio snapshot","status":"passed","title":"seeds an ETF ranking candidate into draft review without mutating the portfolio snapshot","duration":130.89390000000003,"failureMessages":[],"meta":{}},{"ancestorTitles":["App"],"fullName":"App restores a persisted ETF ranking candidate annotation for the active draft","status":"passed","title":"restores a persisted ETF ranking candidate annotation for the active draft","duration":40.958300000000236,"failureMessages":[],"meta":{}},{"ancestorTitles":["App"],"fullName":"App fails closed when restored seeded ranking cache is missing canonical open handoff","status":"passed","title":"fails closed when restored seeded ranking cache is missing canonical open handoff","duration":12.347099999999955,"failureMessages":[],"meta":{}},{"ancestorTitles":["App"],"fullName":"App fails closed when startup restore targets appended imported node draft but persisted draft is missing","status":"passed","title":"fails closed when startup restore targets appended imported node draft but persisted draft is missing","duration":12.198900000000322,"failureMessages":[],"meta":{}},{"ancestorTitles":["App"],"fullName":"App fails closed when authoritative nodes omit the restored active node even if a startup draft points back to it","status":"passed","title":"fails closed when authoritative nodes omit the restored active node even if a startup draft points back to it","duration":15.972600000000057,"failureMessages":[],"meta":{}},{"ancestorTitles":["App"],"fullName":"App fails closed when startup restore selected snapshot targets appended imported node omitted from authoritative workspace nodes","status":"passed","title":"fails closed when startup restore selected snapshot targets appended imported node omitted from authoritative workspace nodes","duration":15.436799999999494,"failureMessages":[],"meta":{}},{"ancestorTitles":["App"],"fullName":"App fails closed when startup restore cannot read authoritative appended imported workspace nodes","status":"passed","title":"fails closed when startup restore cannot read authoritative appended imported workspace nodes","duration":15.365899999999783,"failureMessages":[],"meta":{}},{"ancestorTitles":["App"],"fullName":"App restores appended imported startup draft when persisted draft matches restored appended node","status":"passed","title":"restores appended imported startup draft when persisted draft matches restored appended node","duration":80.33389999999963,"failureMessages":[],"meta":{}},{"ancestorTitles":["App"],"fullName":"App fails closed when startup restore targets appended imported node draft but persisted draft id mismatches active draft id","status":"passed","title":"fails closed when startup restore targets appended imported node draft but persisted draft id mismatches active draft id","duration":13.462000000000444,"failureMessages":[],"meta":{}},{"ancestorTitles":["App"],"fullName":"App fails closed when startup restore targets appended imported node draft but persisted draft base node does not resolve to restored appended node","status":"passed","title":"fails closed when startup restore targets appended imported node draft but persisted draft base node does not resolve to restored appended node","duration":14.826500000000124,"failureMessages":[],"meta":{}},{"ancestorTitles":["App"],"fullName":"App fails closed when startup restore targets appended imported node draft and authoritative nodes omit the mismatched draft base node","status":"passed","title":"fails closed when startup restore targets appended imported node draft and authoritative nodes omit the mismatched draft base node","duration":10.299300000000585,"failureMessages":[],"meta":{}},{"ancestorTitles":["App"],"fullName":"App fails closed when proposal artifact restore throws during workspace reopen","status":"passed","title":"fails closed when proposal artifact restore throws during workspace reopen","duration":22.303100000000086,"failureMessages":[],"meta":{}},{"ancestorTitles":["App"],"fullName":"App fails closed when restored proposal artifacts deserialize but violate contract during workspace reopen","status":"passed","title":"fails closed when restored proposal artifacts deserialize but violate contract during workspace reopen","duration":11.495200000000295,"failureMessages":[],"meta":{}},{"ancestorTitles":["App"],"fullName":"App keeps replacement contract fixtures aligned for supported, unsupported, and fail-closed states","status":"passed","title":"keeps replacement contract fixtures aligned for supported, unsupported, and fail-closed states","duration":1.1818999999995867,"failureMessages":[],"meta":{}},{"ancestorTitles":["App"],"fullName":"App promotes a seed into a persisted replacement intent and restores it for the same draft","status":"passed","title":"promotes a seed into a persisted replacement intent and restores it for the same draft","duration":99.10540000000037,"failureMessages":[],"meta":{}},{"ancestorTitles":["App"],"fullName":"App opens the workspace from the replacement intent hypothetical replay action","status":"passed","title":"opens the workspace from the replacement intent hypothetical replay action","duration":79.45609999999942,"failureMessages":[],"meta":{}},{"ancestorTitles":["App"],"fullName":"App falls back to current seed and replay behavior when ranking artifact persistence is unavailable","status":"passed","title":"falls back to current seed and replay behavior when ranking artifact persistence is unavailable","duration":127.60749999999916,"failureMessages":[],"meta":{}},{"ancestorTitles":["App"],"fullName":"App persists and restores a hypothetical replay for the same draft intent","status":"passed","title":"persists and restores a hypothetical replay for the same draft intent","duration":286.08040000000074,"failureMessages":[],"meta":{}},{"ancestorTitles":["App"],"fullName":"App saves a reviewed hypothetical replay as a versioned proposal artifact","status":"passed","title":"saves a reviewed hypothetical replay as a versioned proposal artifact","duration":234.76239999999962,"failureMessages":[],"meta":{}},{"ancestorTitles":["App"],"fullName":"App fails before persisting a contradictory saved proposal artifact","status":"passed","title":"fails before persisting a contradictory saved proposal artifact","duration":181.9975000000004,"failureMessages":[],"meta":{}},{"ancestorTitles":["App"],"fullName":"App fails reopen when saved proposal proposalCapture handoff contradicts the open response","status":"passed","title":"fails reopen when saved proposal proposalCapture handoff contradicts the open response","duration":109.79190000000017,"failureMessages":[],"meta":{}},{"ancestorTitles":["App"],"fullName":"App fails reopen when saved proposal is missing authoritative proposalCapture","status":"passed","title":"fails reopen when saved proposal is missing authoritative proposalCapture","duration":39.2450000000008,"failureMessages":[],"meta":{}},{"ancestorTitles":["App"],"fullName":"App restores formed candidate state for the active draft before replay review","status":"passed","title":"restores formed candidate state for the active draft before replay review","duration":67.13270000000011,"failureMessages":[],"meta":{}},{"ancestorTitles":["App"],"fullName":"App restores the selected construction rule for the active draft and marks mismatched construction stale","status":"passed","title":"restores the selected construction rule for the active draft and marks mismatched construction stale","duration":58.64390000000003,"failureMessages":[],"meta":{}},{"ancestorTitles":["App"],"fullName":"App restores construction constraint validation for the active draft and blocks replay when validation is blocked","status":"passed","title":"restores construction constraint validation for the active draft and blocks replay when validation is blocked","duration":63.28600000000006,"failureMessages":[],"meta":{}},{"ancestorTitles":["App"],"fullName":"App restores saved proposal review UI without needing live draft replay state","status":"passed","title":"restores saved proposal review UI without needing live draft replay state","duration":65.86320000000069,"failureMessages":[],"meta":{}},{"ancestorTitles":["App"],"fullName":"App restores saved proposal proposalSource display from legacy dual-omission hydration without using draft or replay cache state","status":"passed","title":"restores saved proposal proposalSource display from legacy dual-omission hydration without using draft or replay cache state","duration":75.61819999999989,"failureMessages":[],"meta":{}},{"ancestorTitles":["App"],"fullName":"App reopens an older saved proposal inside the shell in review-only mode","status":"passed","title":"reopens an older saved proposal inside the shell in review-only mode","duration":97.1185000000005,"failureMessages":[],"meta":{}},{"ancestorTitles":["App"],"fullName":"App renders the PM-first saved proposal family inbox from persisted artifacts only","status":"passed","title":"renders the PM-first saved proposal family inbox from persisted artifacts only","duration":67.25749999999971,"failureMessages":[],"meta":{}},{"ancestorTitles":["App"],"fullName":"App uses persisted pm_summary as the saved proposal reopen authority even when the local mirror differs","status":"passed","title":"uses persisted pm_summary as the saved proposal reopen authority even when the local mirror differs","duration":84.34779999999955,"failureMessages":[],"meta":{}},{"ancestorTitles":["App"],"fullName":"App fails reopen clearly when local cached summary conflicts with persisted pm_summary","status":"passed","title":"fails reopen clearly when local cached summary conflicts with persisted pm_summary","duration":72.95339999999851,"failureMessages":[],"meta":{}},{"ancestorTitles":["App"],"fullName":"App fails closed when reopen response handoff kind is unsupported","status":"passed","title":"fails closed when reopen response handoff kind is unsupported","duration":134.00700000000143,"failureMessages":[],"meta":{}},{"ancestorTitles":["App"],"fullName":"App fails closed when stored reopen handoff builder returns unsupported kind","status":"passed","title":"fails closed when stored reopen handoff builder returns unsupported kind","duration":108.98129999999946,"failureMessages":[],"meta":{}},{"ancestorTitles":["App"],"fullName":"App fails closed when reopen response contradicts persisted artifact identity","status":"passed","title":"fails closed when reopen response contradicts persisted artifact identity","duration":89.14320000000043,"failureMessages":[],"meta":{}},{"ancestorTitles":["App"],"fullName":"App promotes a saved proposal into a restored active thesis and clears it","status":"passed","title":"promotes a saved proposal into a restored active thesis and clears it","duration":99.63949999999932,"failureMessages":[],"meta":{}},{"ancestorTitles":["App"],"fullName":"App does not restore an active thesis when the embedded saved proposal artifact is contradictory","status":"passed","title":"does not restore an active thesis when the embedded saved proposal artifact is contradictory","duration":47.4338000000007,"failureMessages":[],"meta":{}},{"ancestorTitles":["App"],"fullName":"App clears stale candidate annotation state when the restored draft has no saved annotation","status":"passed","title":"clears stale candidate annotation state when the restored draft has no saved annotation","duration":29.384699999998702,"failureMessages":[],"meta":{}},{"ancestorTitles":["App"],"fullName":"App does not propagate candidate annotation when switching active nodes","status":"failed","title":"does not propagate candidate annotation when switching active nodes","duration":1034.6782000000003,"failureMessages":["Error: Unable to find an element with the text: Saved Variants. This could be because the text is broken up by multiple elements. In this case, you can provide a function for your text matcher to make your matcher more flexible.\n\nIgnored nodes: comments, script, style\n\u001b[36m<body>\u001b[39m\n  \u001b[36m<span\u001b[39m\n    \u001b[33maria-hidden\u001b[39m=\u001b[32m\"true\"\u001b[39m\n    \u001b[33mid\u001b[39m=\u001b[32m\"recharts_measurement_span\"\u001b[39m\n    \u001b[33mstyle\u001b[39m=\u001b[32m\"position: absolute; top: -20000px; left: 0px; padding: 0px; margin: 0px; white-space: pre; letter-spacing: undefined;\"\u001b[39m\n  \u001b[36m>\u001b[39m\n    \u001b[0m \u001b[0m\n  \u001b[36m</span>\u001b[39m\n  \u001b[36m<div>\u001b[39m\n    \u001b[36m<main\u001b[39m\n      \u001b[33mclass\u001b[39m=\u001b[32m\"shell\"\u001b[39m\n    \u001b[36m>\u001b[39m\n      \u001b[36m<header\u001b[39m\n        \u001b[33mclass\u001b[39m=\u001b[32m\"topbar\"\u001b[39m\n      \u001b[36m>\u001b[39m\n        \u001b[36m<div>\u001b[39m\n          \u001b[36m<p\u001b[39m\n            \u001b[33mclass\u001b[39m=\u001b[32m\"eyebrow\"\u001b[39m\n          \u001b[36m>\u001b[39m\n            \u001b[0mPortfolio Workstation\u001b[0m\n          \u001b[36m</p>\u001b[39m\n          \u001b[36m<p\u001b[39m\n            \u001b[33mclass\u001b[39m=\u001b[32m\"helper workflow-status-text\"\u001b[39m\n          \u001b[36m>\u001b[39m\n            \u001b[0mPortfolio Loaded\u001b[0m\n          \u001b[36m</p>\u001b[39m\n        \u001b[36m</div>\u001b[39m\n        \u001b[36m<nav\u001b[39m\n          \u001b[33maria-label\u001b[39m=\u001b[32m\"Main workspace tabs\"\u001b[39m\n          \u001b[33mclass\u001b[39m=\u001b[32m\"tab-bar header-tab-bar\"\u001b[39m\n        \u001b[36m>\u001b[39m\n          \u001b[36m<div\u001b[39m\n            \u001b[33mclass\u001b[39m=\u001b[32m\"tab-bar-group tab-bar-group-primary\"\u001b[39m\n          \u001b[36m>\u001b[39m\n            \u001b[36m<button\u001b[39m\n              \u001b[33mclass\u001b[39m=\u001b[32m\"tab-button\"\u001b[39m\n            \u001b[36m>\u001b[39m\n              \u001b[0mDashboard\u001b[0m\n            \u001b[36m</button>\u001b[39m\n            \u001b[36m<button\u001b[39m\n              \u001b[33mclass\u001b[39m=\u001b[32m\"tab-button\"\u001b[39m\n            \u001b[36m>\u001b[39m\n              \u001b[0mExposure\u001b[0m\n            \u001b[36m</button>\u001b[39m\n            \u001b[36m<button\u001b[39m\n              \u001b[33mclass\u001b[39m=\u001b[32m\"tab-button\"\u001b[39m\n            \u001b[36m>\u001b[39m\n              \u001b[0mDiagnostics\u001b[0m\n            \u001b[36m</button>\u001b[39m\n            \u001b[36m<button\u001b[39m\n              \u001b[33maria-current\u001b[39m=\u001b[32m\"page\"\u001b[39m\n              \u001b[33mclass\u001b[39m=\u001b[32m\"tab-button active\"\u001b[39m\n            \u001b[36m>\u001b[39m\n              \u001b[0mWorkspace\u001b[0m\n            \u001b[36m</button>\u001b[39m\n          \u001b[36m</div>\u001b[39m\n          \u001b[36m<div\u001b[39m\n            \u001b[33mclass\u001b[39m=\u001b[32m\"tab-bar-group tab-bar-group-secondary\"\u001b[39m\n          \u001b[36m>\u001b[39m\n            \u001b[36m<button\u001b[39m\n              \u001b[33mclass\u001b[39m=\u001b[32m\"tab-button\"\u001b[39m\n            \u001b[36m>\u001b[39m\n              \u001b[0mBacktest\u001b[0m\n            \u001b[36m</button>\u001b[39m\n            \u001b[36m<button\u001b[39m\n              \u001b[33mclass\u001b[39m=\u001b[32m\"tab-button\"\u001b[39m\n            \u001b[36m>\u001b[39m\n              \u001b[0mStrategy Lab\u001b[0m\n            \u001b[36m</button>\u001b[39m\n            \u001b[36m<button\u001b[39m\n              \u001b[33mclass\u001b[39m=\u001b[32m\"tab-button\"\u001b[39m\n            \u001b[36m>\u001b[39m\n              \u001b[0mETF Ranking\u001b[0m\n            \u001b[36m</button>\u001b[39m\n          \u001b[36m</div>\u001b[39m\n        \u001b[36m</nav>\u001b[39m\n        \u001b[36m<div\u001b[39m\n          \u001b[33mclass\u001b[39m=\u001b[32m\"topbar-meta\"\u001b[39m\n        \u001b[36m>\u001b[39m\n          \u001b[36m<span\u001b[39m\n            \u001b[33mclass\u001b[39m=\u001b[32m\"status-dot\"\u001b[39m\n          \u001b[36m/>\u001b[39m\n          \u001b[36m<span>\u001b[39m\n            \u001b[0mLocal Quant Engine\u001b[0m\n          \u001b[36m</span>\u001b[39m\n        \u001b[36m</div>\u001b[39m\n      \u001b[36m</header>\u001b[39m\n      \u001b[36m<input\u001b[39m\n        \u001b[33maccept\u001b[39m=\u001b[32m\"application/pdf,.pdf\"\u001b[39m\n        \u001b[33mhidden\u001b[39m=\u001b[32m\"\"\u001b[39m\n        \u001b[33mmultiple\u001b[39m=\u001b[32m\"\"\u001b[39m\n        \u001b[33mtype\u001b[39m=\u001b[32m\"file\"\u001b[39m\n      \u001b[36m/>\u001b[39m\n      \u001b[36m<section\u001b[39m\n        \u001b[33mclass\u001b[39m=\u001b[32m\"grid grid-single\"\u001b[39m\n      \u001b[36m>\u001b[39m\n        \u001b[36m<article\u001b[39m\n          \u001b[33mclass\u001b[39m=\u001b[32m\"panel\"\u001b[39m\n        \u001b[36m>\u001b[39m\n          \u001b[36m<section\u001b[39m\n            \u001b[33mclass\u001b[39m=\u001b[32m\"workspace-section\"\u001b[39m\n          \u001b[36m>\u001b[39m\n            \u001b[36m<h2>\u001b[39m\n              \u001b[0mPortfolio Research Workspace\u001b[0m\n            \u001b[36m</h2>\u001b[39m\n            \u001b[36m<section\u001b[39m\n              \u001b[33mclass\u001b[39m=\u001b[32m\"dashboard-bottom-grid\"\u001b[39m\n              \u001b[33mdata-testid\u001b[39m=\u001b[32m\"workspace-section-overview\"\u001b[39m\n            \u001b[36m>\u001b[39m\n              \u001b[36m<div\u001b[39m\n                \u001b[33mclass\u001b[39m=\u001b[32m\"section-header-inline sector-list-header\"\u001b[39m\n              \u001b[36m>\u001b[39m\n                \u001b[36m<div>\u001b[39m\n                  \u001b[36m<p\u001b[39m\n                    \u001b[33mclass\u001b[39m=\u001b[32m\"panel-label\"\u001b[39m\n                  \u001b[36m>\u001b[39m\n                    \u001b[0mOverview\u001b[0m\n                  \u001b[36m</p>\u001b[39m\n                \u001b[36m</div>\u001b[39m\n              \u001b[36m</div>\u001b[39m\n              \u001b[36m<div\u001b[39m\n                \u001b[33mclass\u001b[39m=\u001b[32m\"dashboard-summary compact-summary-grid\"\u001b[39m\n              \u001b[36m>\u001b[39m\n                \u001b[36m<div\u001b[39m\n                  \u001b[33mclass\u001b[39m=\u001b[32m\"summary-card\"\u001b[39m\n                \u001b[36m>\u001b[39m\n                  \u001b[36m<p\u001b[39m\n                    \u001b[33mclass\u001b[39m=\u001b[32m\"stat-label\"\u001b[39m\n                  \u001b[36m>\u001b[39m\n                    \u001b[0mPortfolio Value\u001b[0m\n                  \u001b[36m</p>\u001b[39m\n                  \u001b[36m<p\u001b[39m\n                    \u001b[33mclass\u001b[39m=\u001b[32m\"summary-value\"\u001b[39m\n                  \u001b[36m>\u001b[39m\n                    \u001b[0m$50000.00\u001b[0m\n                  \u001b[36m</p>\u001b[39m\n                \u001b[36m</div>\u001b[39m\n                \u001b[36m<div\u001b[39m\n                  \u001b[33mclass\u001b[39m=\u001b[32m\"summary-card\"\u001b[39m\n                \u001b[36m>\u001b[39m\n                  \u001b[36m<p\u001b[39m\n                    \u001b[33mclass\u001b[39m=\u001b[32m\"stat-label\"\u001b[39m\n                  \u001b[36m>\u001b[39m\n                    \u001b[0mPositions\u001b[0m\n                  \u001b[36m</p>\u001b[39m\n                  \u001b[36m<p\u001b[39m\n                    \u001b[33mclass\u001b[39m=\u001b[32m\"summary-value\"\u001b[39m\n                  \u001b[36m>\u001b[39m\n                    \u001b[0m1\u001b[0m\n                  \u001b[36m</p>\u001b[39m\n                \u001b[36m</div>\u001b[39m\n                \u001b[36m<div\u001b[39m\n                  \u001b[33mclass\u001b[39m=\u001b[32m\"summary-card\"\u001b[39m\n                \u001b[36m>\u001b[39m\n                  \u001b[36m<p\u001b[39m\n                    \u001b[33mclass\u001b[39m=\u001b[32m\"stat-label\"\u001b[39m\n                  \u001b[36m>\u001b[39m\n                    \u001b[0mBenchmark\u001b[0m\n                  \u001b[36m</p>\u001b[39m\n                  \u001b[36m<p\u001b[39m\n                    \u001b[33mclass\u001b[39m=\u001b[32m\"summary-value\"\u001b[39m\n                  \u001b[36m>\u001b[39m\n                    \u001b[0mSPY\u001b[0m\n                  \u001b[36m</p>\u001b[39m\n                \u001b[36m</div>\u001b[39m\n                \u001b[36m<div\u001b[39m\n                  \u001b[33mclass\u001b[39m=\u001b[32m\"summary-card\"\u001b[39m\n                \u001b[36m>\u001b[39m\n                  \u001b[36m<p\u001b[39m\n                    \u001b[33mclass\u001b[39m=\u001b[32m\"stat-label\"\u001b[39m\n                  \u001b[36m>\u001b[39m\n                    \u001b[0mReview Basis\u001b[0m\n                  \u001b[36m</p>\u001b[39m\n                  \u001b[36m<p\u001b[39m\n                    \u001b[33mclass\u001b[39m=\u001b[32m\"summary-value\"\u001b[39m\n                  \u001b[36m>\u001b[39m\n                    \u001b[0minteractive_brokers\u001b[0m\n                  \u001b[36m</p>\u001b[39m\n                  \u001b[36m<p\u001b[39m\n                    \u001b[33mclass\u001b[39m=\u001b[32m\"helper\"\u001b[39m\n                  \u001b[36m>\u001b[39m\n                    \u001b[0m2025-01-01 - 2025-12-31\u001b[0m\n                  \u001b[36m</p>\u001b[39m\n                \u001b[36m</div>\u001b[39m\n              \u001b[36m</div>\u001b[39m\n              \u001b[36m<section\u001b[39m\n                \u001b[33mclass\u001b[39m=\u001b[32m\"dashboard-bottom-grid\"\u001b[39m\n              \u001b[36m>\u001b[39m\n                \u001b[36m<div\u001b[39m\n                  \u001b[33mclass\u001b[39m=\u001b[32m\"section-header-inline sector-list-header\"\u001b[39m\n        ...\n    at Proxy.waitForWrapper (C:\\projects\\investments\\portfolio\\apps\\desktop\\node_modules\\@testing-library\\dom\\dist\\wait-for.js:163:27)\n    at C:\\projects\\investments\\portfolio\\apps\\desktop\\src\\app\\App.test.tsx:6534:11\n    at file:///C:/projects/investments/portfolio/apps/desktop/node_modules/@vitest/runner/dist/index.js:533:5\n    at runTest (file:///C:/projects/investments/portfolio/apps/desktop/node_modules/@vitest/runner/dist/index.js:1056:11)\n    at runSuite (file:///C:/projects/investments/portfolio/apps/desktop/node_modules/@vitest/runner/dist/index.js:1205:15)\n    at runSuite (file:///C:/projects/investments/portfolio/apps/desktop/node_modules/@vitest/runner/dist/index.js:1205:15)\n    at runFiles (file:///C:/projects/investments/portfolio/apps/desktop/node_modules/@vitest/runner/dist/index.js:1262:5)\n    at startTests (file:///C:/projects/investments/portfolio/apps/desktop/node_modules/@vitest/runner/dist/index.js:1271:3)\n    at file:///C:/projects/investments/portfolio/apps/desktop/node_modules/vitest/dist/chunks/runBaseTests.3qpJUEJM.js:126:11\n    at withEnv (file:///C:/projects/investments/portfolio/apps/desktop/node_modules/vitest/dist/chunks/runBaseTests.3qpJUEJM.js:90:5)"],"meta":{}},{"ancestorTitles":["App"],"fullName":"App does not propagate candidate annotation after saving a variant","status":"failed","title":"does not propagate candidate annotation after saving a variant","duration":1102.8901999999998,"failureMessages":["Error: Unable to find an element with the text: Saved Variants. This could be because the text is broken up by multiple elements. In this case, you can provide a function for your text matcher to make your matcher more flexible.\n\nIgnored nodes: comments, script, style\n\u001b[36m<body>\u001b[39m\n  \u001b[36m<span\u001b[39m\n    \u001b[33maria-hidden\u001b[39m=\u001b[32m\"true\"\u001b[39m\n    \u001b[33mid\u001b[39m=\u001b[32m\"recharts_measurement_span\"\u001b[39m\n    \u001b[33mstyle\u001b[39m=\u001b[32m\"position: absolute; top: -20000px; left: 0px; padding: 0px; margin: 0px; white-space: pre; letter-spacing: undefined;\"\u001b[39m\n  \u001b[36m>\u001b[39m\n    \u001b[0m \u001b[0m\n  \u001b[36m</span>\u001b[39m\n  \u001b[36m<div>\u001b[39m\n    \u001b[36m<main\u001b[39m\n      \u001b[33mclass\u001b[39m=\u001b[32m\"shell\"\u001b[39m\n    \u001b[36m>\u001b[39m\n      \u001b[36m<header\u001b[39m\n        \u001b[33mclass\u001b[39m=\u001b[32m\"topbar\"\u001b[39m\n      \u001b[36m>\u001b[39m\n        \u001b[36m<div>\u001b[39m\n          \u001b[36m<p\u001b[39m\n            \u001b[33mclass\u001b[39m=\u001b[32m\"eyebrow\"\u001b[39m\n          \u001b[36m>\u001b[39m\n            \u001b[0mPortfolio Workstation\u001b[0m\n          \u001b[36m</p>\u001b[39m\n          \u001b[36m<p\u001b[39m\n            \u001b[33mclass\u001b[39m=\u001b[32m\"helper workflow-status-text\"\u001b[39m\n          \u001b[36m>\u001b[39m\n            \u001b[0mPortfolio Loaded\u001b[0m\n          \u001b[36m</p>\u001b[39m\n        \u001b[36m</div>\u001b[39m\n        \u001b[36m<nav\u001b[39m\n          \u001b[33maria-label\u001b[39m=\u001b[32m\"Main workspace tabs\"\u001b[39m\n          \u001b[33mclass\u001b[39m=\u001b[32m\"tab-bar header-tab-bar\"\u001b[39m\n        \u001b[36m>\u001b[39m\n          \u001b[36m<div\u001b[39m\n            \u001b[33mclass\u001b[39m=\u001b[32m\"tab-bar-group tab-bar-group-primary\"\u001b[39m\n          \u001b[36m>\u001b[39m\n            \u001b[36m<button\u001b[39m\n              \u001b[33mclass\u001b[39m=\u001b[32m\"tab-button\"\u001b[39m\n            \u001b[36m>\u001b[39m\n              \u001b[0mDashboard\u001b[0m\n            \u001b[36m</button>\u001b[39m\n            \u001b[36m<button\u001b[39m\n              \u001b[33mclass\u001b[39m=\u001b[32m\"tab-button\"\u001b[39m\n            \u001b[36m>\u001b[39m\n              \u001b[0mExposure\u001b[0m\n            \u001b[36m</button>\u001b[39m\n            \u001b[36m<button\u001b[39m\n              \u001b[33mclass\u001b[39m=\u001b[32m\"tab-button\"\u001b[39m\n            \u001b[36m>\u001b[39m\n              \u001b[0mDiagnostics\u001b[0m\n            \u001b[36m</button>\u001b[39m\n            \u001b[36m<button\u001b[39m\n              \u001b[33maria-current\u001b[39m=\u001b[32m\"page\"\u001b[39m\n              \u001b[33mclass\u001b[39m=\u001b[32m\"tab-button active\"\u001b[39m\n            \u001b[36m>\u001b[39m\n              \u001b[0mWorkspace\u001b[0m\n            \u001b[36m</button>\u001b[39m\n          \u001b[36m</div>\u001b[39m\n          \u001b[36m<div\u001b[39m\n            \u001b[33mclass\u001b[39m=\u001b[32m\"tab-bar-group tab-bar-group-secondary\"\u001b[39m\n          \u001b[36m>\u001b[39m\n            \u001b[36m<button\u001b[39m\n              \u001b[33mclass\u001b[39m=\u001b[32m\"tab-button\"\u001b[39m\n            \u001b[36m>\u001b[39m\n              \u001b[0mBacktest\u001b[0m\n            \u001b[36m</button>\u001b[39m\n            \u001b[36m<button\u001b[39m\n              \u001b[33mclass\u001b[39m=\u001b[32m\"tab-button\"\u001b[39m\n            \u001b[36m>\u001b[39m\n              \u001b[0mStrategy Lab\u001b[0m\n            \u001b[36m</button>\u001b[39m\n            \u001b[36m<button\u001b[39m\n              \u001b[33mclass\u001b[39m=\u001b[32m\"tab-button\"\u001b[39m\n            \u001b[36m>\u001b[39m\n              \u001b[0mETF Ranking\u001b[0m\n            \u001b[36m</button>\u001b[39m\n          \u001b[36m</div>\u001b[39m\n        \u001b[36m</nav>\u001b[39m\n        \u001b[36m<div\u001b[39m\n          \u001b[33mclass\u001b[39m=\u001b[32m\"topbar-meta\"\u001b[39m\n        \u001b[36m>\u001b[39m\n          \u001b[36m<span\u001b[39m\n            \u001b[33mclass\u001b[39m=\u001b[32m\"status-dot\"\u001b[39m\n          \u001b[36m/>\u001b[39m\n          \u001b[36m<span>\u001b[39m\n            \u001b[0mLocal Quant Engine\u001b[0m\n          \u001b[36m</span>\u001b[39m\n        \u001b[36m</div>\u001b[39m\n      \u001b[36m</header>\u001b[39m\n      \u001b[36m<input\u001b[39m\n        \u001b[33maccept\u001b[39m=\u001b[32m\"application/pdf,.pdf\"\u001b[39m\n        \u001b[33mhidden\u001b[39m=\u001b[32m\"\"\u001b[39m\n        \u001b[33mmultiple\u001b[39m=\u001b[32m\"\"\u001b[39m\n        \u001b[33mtype\u001b[39m=\u001b[32m\"file\"\u001b[39m\n      \u001b[36m/>\u001b[39m\n      \u001b[36m<section\u001b[39m\n        \u001b[33mclass\u001b[39m=\u001b[32m\"grid grid-single\"\u001b[39m\n      \u001b[36m>\u001b[39m\n        \u001b[36m<article\u001b[39m\n          \u001b[33mclass\u001b[39m=\u001b[32m\"panel\"\u001b[39m\n        \u001b[36m>\u001b[39m\n          \u001b[36m<section\u001b[39m\n            \u001b[33mclass\u001b[39m=\u001b[32m\"workspace-section\"\u001b[39m\n          \u001b[36m>\u001b[39m\n            \u001b[36m<h2>\u001b[39m\n              \u001b[0mPortfolio Research Workspace\u001b[0m\n            \u001b[36m</h2>\u001b[39m\n            \u001b[36m<section\u001b[39m\n              \u001b[33mclass\u001b[39m=\u001b[32m\"dashboard-bottom-grid\"\u001b[39m\n              \u001b[33mdata-testid\u001b[39m=\u001b[32m\"workspace-section-overview\"\u001b[39m\n            \u001b[36m>\u001b[39m\n              \u001b[36m<div\u001b[39m\n                \u001b[33mclass\u001b[39m=\u001b[32m\"section-header-inline sector-list-header\"\u001b[39m\n              \u001b[36m>\u001b[39m\n                \u001b[36m<div>\u001b[39m\n                  \u001b[36m<p\u001b[39m\n                    \u001b[33mclass\u001b[39m=\u001b[32m\"panel-label\"\u001b[39m\n                  \u001b[36m>\u001b[39m\n                    \u001b[0mOverview\u001b[0m\n                  \u001b[36m</p>\u001b[39m\n                \u001b[36m</div>\u001b[39m\n              \u001b[36m</div>\u001b[39m\n              \u001b[36m<div\u001b[39m\n                \u001b[33mclass\u001b[39m=\u001b[32m\"dashboard-summary compact-summary-grid\"\u001b[39m\n              \u001b[36m>\u001b[39m\n                \u001b[36m<div\u001b[39m\n                  \u001b[33mclass\u001b[39m=\u001b[32m\"summary-card\"\u001b[39m\n                \u001b[36m>\u001b[39m\n                  \u001b[36m<p\u001b[39m\n                    \u001b[33mclass\u001b[39m=\u001b[32m\"stat-label\"\u001b[39m\n                  \u001b[36m>\u001b[39m\n                    \u001b[0mPortfolio Value\u001b[0m\n                  \u001b[36m</p>\u001b[39m\n                  \u001b[36m<p\u001b[39m\n                    \u001b[33mclass\u001b[39m=\u001b[32m\"summary-value\"\u001b[39m\n                  \u001b[36m>\u001b[39m\n                    \u001b[0m$50000.00\u001b[0m\n                  \u001b[36m</p>\u001b[39m\n                \u001b[36m</div>\u001b[39m\n                \u001b[36m<div\u001b[39m\n                  \u001b[33mclass\u001b[39m=\u001b[32m\"summary-card\"\u001b[39m\n                \u001b[36m>\u001b[39m\n                  \u001b[36m<p\u001b[39m\n                    \u001b[33mclass\u001b[39m=\u001b[32m\"stat-label\"\u001b[39m\n                  \u001b[36m>\u001b[39m\n                    \u001b[0mPositions\u001b[0m\n                  \u001b[36m</p>\u001b[39m\n                  \u001b[36m<p\u001b[39m\n                    \u001b[33mclass\u001b[39m=\u001b[32m\"summary-value\"\u001b[39m\n                  \u001b[36m>\u001b[39m\n                    \u001b[0m1\u001b[0m\n                  \u001b[36m</p>\u001b[39m\n                \u001b[36m</div>\u001b[39m\n                \u001b[36m<div\u001b[39m\n                  \u001b[33mclass\u001b[39m=\u001b[32m\"summary-card\"\u001b[39m\n                \u001b[36m>\u001b[39m\n                  \u001b[36m<p\u001b[39m\n                    \u001b[33mclass\u001b[39m=\u001b[32m\"stat-label\"\u001b[39m\n                  \u001b[36m>\u001b[39m\n                    \u001b[0mBenchmark\u001b[0m\n                  \u001b[36m</p>\u001b[39m\n                  \u001b[36m<p\u001b[39m\n                    \u001b[33mclass\u001b[39m=\u001b[32m\"summary-value\"\u001b[39m\n                  \u001b[36m>\u001b[39m\n                    \u001b[0mSPY\u001b[0m\n                  \u001b[36m</p>\u001b[39m\n                \u001b[36m</div>\u001b[39m\n                \u001b[36m<div\u001b[39m\n                  \u001b[33mclass\u001b[39m=\u001b[32m\"summary-card\"\u001b[39m\n                \u001b[36m>\u001b[39m\n                  \u001b[36m<p\u001b[39m\n                    \u001b[33mclass\u001b[39m=\u001b[32m\"stat-label\"\u001b[39m\n                  \u001b[36m>\u001b[39m\n                    \u001b[0mReview Basis\u001b[0m\n                  \u001b[36m</p>\u001b[39m\n                  \u001b[36m<p\u001b[39m\n                    \u001b[33mclass\u001b[39m=\u001b[32m\"summary-value\"\u001b[39m\n                  \u001b[36m>\u001b[39m\n                    \u001b[0minteractive_brokers\u001b[0m\n                  \u001b[36m</p>\u001b[39m\n                  \u001b[36m<p\u001b[39m\n                    \u001b[33mclass\u001b[39m=\u001b[32m\"helper\"\u001b[39m\n                  \u001b[36m>\u001b[39m\n                    \u001b[0m2025-01-01 - 2025-12-31\u001b[0m\n                  \u001b[36m</p>\u001b[39m\n                \u001b[36m</div>\u001b[39m\n              \u001b[36m</div>\u001b[39m\n              \u001b[36m<section\u001b[39m\n                \u001b[33mclass\u001b[39m=\u001b[32m\"dashboard-bottom-grid\"\u001b[39m\n              \u001b[36m>\u001b[39m\n                \u001b[36m<div\u001b[39m\n                  \u001b[33mclass\u001b[39m=\u001b[32m\"section-header-inline sector-list-header\"\u001b[39m\n        ...\n    at Proxy.waitForWrapper (C:\\projects\\investments\\portfolio\\apps\\desktop\\node_modules\\@testing-library\\dom\\dist\\wait-for.js:163:27)\n    at C:\\projects\\investments\\portfolio\\apps\\desktop\\src\\app\\App.test.tsx:6607:11\n    at file:///C:/projects/investments/portfolio/apps/desktop/node_modules/@vitest/runner/dist/index.js:533:5\n    at runTest (file:///C:/projects/investments/portfolio/apps/desktop/node_modules/@vitest/runner/dist/index.js:1056:11)\n    at runSuite (file:///C:/projects/investments/portfolio/apps/desktop/node_modules/@vitest/runner/dist/index.js:1205:15)\n    at runSuite (file:///C:/projects/investments/portfolio/apps/desktop/node_modules/@vitest/runner/dist/index.js:1205:15)\n    at runFiles (file:///C:/projects/investments/portfolio/apps/desktop/node_modules/@vitest/runner/dist/index.js:1262:5)\n    at startTests (file:///C:/projects/investments/portfolio/apps/desktop/node_modules/@vitest/runner/dist/index.js:1271:3)\n    at file:///C:/projects/investments/portfolio/apps/desktop/node_modules/vitest/dist/chunks/runBaseTests.3qpJUEJM.js:126:11\n    at withEnv (file:///C:/projects/investments/portfolio/apps/desktop/node_modules/vitest/dist/chunks/runBaseTests.3qpJUEJM.js:90:5)"],"meta":{}},{"ancestorTitles":["App"],"fullName":"App uses fresh-draft discard flow so annotations do not survive discard","status":"failed","title":"uses fresh-draft discard flow so annotations do not survive discard","duration":1033.207699999999,"failureMessages":["Error: Unable to find role=\"button\" and name `/draft\\/tool layer/i`\n\nIgnored nodes: comments, script, style\n\u001b[36m<body>\u001b[39m\n  \u001b[36m<span\u001b[39m\n    \u001b[33maria-hidden\u001b[39m=\u001b[32m\"true\"\u001b[39m\n    \u001b[33mid\u001b[39m=\u001b[32m\"recharts_measurement_span\"\u001b[39m\n    \u001b[33mstyle\u001b[39m=\u001b[32m\"position: absolute; top: -20000px; left: 0px; padding: 0px; margin: 0px; white-space: pre; letter-spacing: undefined;\"\u001b[39m\n  \u001b[36m>\u001b[39m\n    \u001b[0m \u001b[0m\n  \u001b[36m</span>\u001b[39m\n  \u001b[36m<div>\u001b[39m\n    \u001b[36m<main\u001b[39m\n      \u001b[33mclass\u001b[39m=\u001b[32m\"shell\"\u001b[39m\n    \u001b[36m>\u001b[39m\n      \u001b[36m<header\u001b[39m\n        \u001b[33mclass\u001b[39m=\u001b[32m\"topbar\"\u001b[39m\n      \u001b[36m>\u001b[39m\n        \u001b[36m<div>\u001b[39m\n          \u001b[36m<p\u001b[39m\n            \u001b[33mclass\u001b[39m=\u001b[32m\"eyebrow\"\u001b[39m\n          \u001b[36m>\u001b[39m\n            \u001b[0mPortfolio Workstation\u001b[0m\n          \u001b[36m</p>\u001b[39m\n          \u001b[36m<p\u001b[39m\n            \u001b[33mclass\u001b[39m=\u001b[32m\"helper workflow-status-text\"\u001b[39m\n          \u001b[36m>\u001b[39m\n            \u001b[0mPortfolio Loaded\u001b[0m\n          \u001b[36m</p>\u001b[39m\n        \u001b[36m</div>\u001b[39m\n        \u001b[36m<nav\u001b[39m\n          \u001b[33maria-label\u001b[39m=\u001b[32m\"Main workspace tabs\"\u001b[39m\n          \u001b[33mclass\u001b[39m=\u001b[32m\"tab-bar header-tab-bar\"\u001b[39m\n        \u001b[36m>\u001b[39m\n          \u001b[36m<div\u001b[39m\n            \u001b[33mclass\u001b[39m=\u001b[32m\"tab-bar-group tab-bar-group-primary\"\u001b[39m\n          \u001b[36m>\u001b[39m\n            \u001b[36m<button\u001b[39m\n              \u001b[33mclass\u001b[39m=\u001b[32m\"tab-button\"\u001b[39m\n            \u001b[36m>\u001b[39m\n              \u001b[0mDashboard\u001b[0m\n            \u001b[36m</button>\u001b[39m\n            \u001b[36m<button\u001b[39m\n              \u001b[33mclass\u001b[39m=\u001b[32m\"tab-button\"\u001b[39m\n            \u001b[36m>\u001b[39m\n              \u001b[0mExposure\u001b[0m\n            \u001b[36m</button>\u001b[39m\n            \u001b[36m<button\u001b[39m\n              \u001b[33mclass\u001b[39m=\u001b[32m\"tab-button\"\u001b[39m\n            \u001b[36m>\u001b[39m\n              \u001b[0mDiagnostics\u001b[0m\n            \u001b[36m</button>\u001b[39m\n            \u001b[36m<button\u001b[39m\n              \u001b[33maria-current\u001b[39m=\u001b[32m\"page\"\u001b[39m\n              \u001b[33mclass\u001b[39m=\u001b[32m\"tab-button active\"\u001b[39m\n            \u001b[36m>\u001b[39m\n              \u001b[0mWorkspace\u001b[0m\n            \u001b[36m</button>\u001b[39m\n          \u001b[36m</div>\u001b[39m\n          \u001b[36m<div\u001b[39m\n            \u001b[33mclass\u001b[39m=\u001b[32m\"tab-bar-group tab-bar-group-secondary\"\u001b[39m\n          \u001b[36m>\u001b[39m\n            \u001b[36m<button\u001b[39m\n              \u001b[33mclass\u001b[39m=\u001b[32m\"tab-button\"\u001b[39m\n            \u001b[36m>\u001b[39m\n              \u001b[0mBacktest\u001b[0m\n            \u001b[36m</button>\u001b[39m\n            \u001b[36m<button\u001b[39m\n              \u001b[33mclass\u001b[39m=\u001b[32m\"tab-button\"\u001b[39m\n            \u001b[36m>\u001b[39m\n              \u001b[0mStrategy Lab\u001b[0m\n            \u001b[36m</button>\u001b[39m\n            \u001b[36m<button\u001b[39m\n              \u001b[33mclass\u001b[39m=\u001b[32m\"tab-button\"\u001b[39m\n            \u001b[36m>\u001b[39m\n              \u001b[0mETF Ranking\u001b[0m\n            \u001b[36m</button>\u001b[39m\n          \u001b[36m</div>\u001b[39m\n        \u001b[36m</nav>\u001b[39m\n        \u001b[36m<div\u001b[39m\n          \u001b[33mclass\u001b[39m=\u001b[32m\"topbar-meta\"\u001b[39m\n        \u001b[36m>\u001b[39m\n          \u001b[36m<span\u001b[39m\n            \u001b[33mclass\u001b[39m=\u001b[32m\"status-dot\"\u001b[39m\n          \u001b[36m/>\u001b[39m\n          \u001b[36m<span>\u001b[39m\n            \u001b[0mLocal Quant Engine\u001b[0m\n          \u001b[36m</span>\u001b[39m\n        \u001b[36m</div>\u001b[39m\n      \u001b[36m</header>\u001b[39m\n      \u001b[36m<input\u001b[39m\n        \u001b[33maccept\u001b[39m=\u001b[32m\"application/pdf,.pdf\"\u001b[39m\n        \u001b[33mhidden\u001b[39m=\u001b[32m\"\"\u001b[39m\n        \
[...]
1b[0mWorkspace\u001b[0m\n            \u001b[36m</button>\u001b[39m\n          \u001b[36m</div>\u001b[39m\n          \u001b[36m<div\u001b[39m\n            \u001b[33mclass\u001b[39m=\u001b[32m\"tab-bar-group tab-bar-group-secondary\"\u001b[39m\n          \u001b[36m>\u001b[39m\n            \u001b[36m<button\u001b[39m\n              \u001b[33mclass\u001b[39m=\u001b[32m\"tab-button\"\u001b[39m\n            \u001b[36m>\u001b[39m\n              \u001b[0mBacktest\u001b[0m\n            \u001b[36m</button>\u001b[39m\n            \u001b[36m<button\u001b[39m\n              \u001b[33mclass\u001b[39m=\u001b[32m\"tab-button\"\u001b[39m\n            \u001b[36m>\u001b[39m\n              \u001b[0mStrategy Lab\u001b[0m\n            \u001b[36m</button>\u001b[39m\n            \u001b[36m<button\u001b[39m\n              \u001b[33mclass\u001b[39m=\u001b[32m\"tab-button\"\u001b[39m\n            \u001b[36m>\u001b[39m\n              \u001b[0mETF Ranking\u001b[0m\n            \u001b[36m</button>\u001b[39m\n          \u001b[36m</div>\u001b[39m\n        \u001b[36m</nav>\u001b[39m\n        \u001b[36m<div\u001b[39m\n          \u001b[33mclass\u001b[39m=\u001b[32m\"topbar-meta\"\u001b[39m\n        \u001b[36m>\u001b[39m\n          \u001b[36m<span\u001b[39m\n            \u001b[33mclass\u001b[39m=\u001b[32m\"status-dot\"\u001b[39m\n          \u001b[36m/>\u001b[39m\n          \u001b[36m<span>\u001b[39m\n            \u001b[0mLocal Quant Engine\u001b[0m\n          \u001b[36m</span>\u001b[39m\n        \u001b[36m</div>\u001b[39m\n      \u001b[36m</header>\u001b[39m\n      \u001b[36m<input\u001b[39m\n        \u001b[33maccept\u001b[39m=\u001b[32m\"application/pdf,.pdf\"\u001b[39m\n        \u001b[33mhidden\u001b[39m=\u001b[32m\"\"\u001b[39m\n        \u001b[33mmultiple\u001b[39m=\u001b[32m\"\"\u001b[39m\n        \u001b[33mtype\u001b[39m=\u001b[32m\"file\"\u001b[39m\n      \u001b[36m/>\u001b[39m\n      \u001b[36m<section\u001b[39m\n        \u001b[33mclass\u001b[39m=\u001b[32m\"grid grid-single\"\u001b[39m\n      \u001b[36m>\u001b[39m\n        \u001b[36m<article\u001b[39m\n          \u001b[33mclass\u001b[39m=\u001b[32m\"panel\"\u001b[39m\n        \u001b[36m>\u001b[39m\n          \u001b[36m<section\u001b[39m\n            \u001b[33mclass\u001b[39m=\u001b[32m\"workspace-section\"\u001b[39m\n          \u001b[36m>\u001b[39m\n            \u001b[36m<h2>\u001b[39m\n              \u001b[0mPortfolio Research Workspace\u001b[0m\n            \u001b[36m</h2>\u001b[39m\n            \u001b[36m<section\u001b[39m\n              \u001b[33mclass\u001b[39m=\u001b[32m\"dashboard-bottom-grid\"\u001b[39m\n              \u001b[33mdata-testid\u001b[39m=\u001b[32m\"workspace-section-overview\"\u001b[39m\n            \u001b[36m>\u001b[39m\n              \u001b[36m<div\u001b[39m\n                \u001b[33mclass\u001b[39m=\u001b[32m\"section-header-inline sector-list-header\"\u001b[39m\n              \u001b[36m>\u001b[39m\n                \u001b[36m<div>\u001b[39m\n                  \u001b[36m<p\u001b[39m\n                    \u001b[33mclass\u001b[39m=\u001b[32m\"panel-label\"\u001b[39m\n                  \u001b[36m>\u001b[39m\n                    \u001b[0mOverview\u001b[0m\n                  \u001b[36m</p>\u001b[39m\n                \u001b[36m</div>\u001b[39m\n              \u001b[36m</div>\u001b[39m\n              \u001b[36m<div\u001b[39m\n                \u001b[33mclass\u001b[39m=\u001b[32m\"dashboard-summary compact-summary-grid\"\u001b[39m\n              \u001b[36m>\u001b[39m\n                \u001b[36m<div\u001b[39m\n                  \u001b[33mclass\u001b[39m=\u001b[32m\"summary-card\"\u001b[39m\n                \u001b[36m>\u001b[39m\n                  \u001b[36m<p\u001b[39m\n                    \u001b[33mclass\u001b[39m=\u001b[32m\"stat-label\"\u001b[39m\n                  \u001b[36m>\u001b[39m\n                    \u001b[0mPortfolio Value\u001b[0m\n                  \u001b[36m</p>\u001b[39m\n                  \u001b[36m<p\u001b[39m\n                    \u001b[33mclass\u001b[39m=\u001b[32m\"summary-value\"\u001b[39m\n                  \u001b[36m>\u001b[39m\n                    \u001b[0m$50000.00\u001b[0m\n                  \u001b[36m</p>\u001b[39m\n                \u001b[36m</div>\u001b[39m\n                \u001b[36m<div\u001b[39m\n                  \u001b[33mclass\u001b[39m=\u001b[32m\"summary-card\"\u001b[39m\n                \u001b[36m>\u001b[39m\n                  \u001b[36m<p\u001b[39m\n                    \u001b[33mclass\u001b[39m=\u001b[32m\"stat-label\"\u001b[39m\n                  \u001b[36m>\u001b[39m\n                    \u001b[0mPositions\u001b[0m\n                  \u001b[36m</p>\u001b[39m\n                  \u001b[36m<p\u001b[39m\n                    \u001b[33mclass\u001b[39m=\u001b[32m\"summary-value\"\u001b[39m\n                  \u001b[36m>\u001b[39m\n                    \u001b[0m1\u001b[0m\n                  \u001b[36m</p>\u001b[39m\n                \u001b[36m</div>\u001b[39m\n                \u001b[36m<div\u001b[39m\n                  \u001b[33mclass\u001b[39m=\u001b[32m\"summary-card\"\u001b[39m\n                \u001b[36m>\u001b[39m\n                  \u001b[36m<p\u001b[39m\n                    \u001b[33mclass\u001b[39m=\u001b[32m\"stat-label\"\u001b[39m\n                  \u001b[36m>\u001b[39m\n                    \u001b[0mBenchmark\u001b[0m\n                  \u001b[36m</p>\u001b[39m\n                  \u001b[36m<p\u001b[39m\n                    \u001b[33mclass\u001b[39m=\u001b[32m\"summary-value\"\u001b[39m\n                  \u001b[36m>\u001b[39m\n                    \u001b[0mSPY\u001b[0m\n                  \u001b[36m</p>\u001b[39m\n                \u001b[36m</div>\u001b[39m\n                \u001b[36m<div\u001b[39m\n                  \u001b[33mclass\u001b[39m=\u001b[32m\"summary-card\"\u001b[39m\n                \u001b[36m>\u001b[39m\n                  \u001b[36m<p\u001b[39m\n                    \u001b[33mclass\u001b[39m=\u001b[32m\"stat-label\"\u001b[39m\n                  \u001b[36m>\u001b[39m\n                    \u001b[0mReview Basis\u001b[0m\n                  \u001b[36m</p>\u001b[39m\n                  \u001b[36m<p\u001b[39m\n                    \u001b[33mclass\u001b[39m=\u001b[32m\"summary-value\"\u001b[39m\n                  \u001b[36m>\u001b[39m\n                    \u001b[0minteractive_brokers\u001b[0m\n                  \u001b[36m</p>\u001b[39m\n                  \u001b[36m<p\u001b[39m\n                    \u001b[33mclass\u001b[39m=\u001b[32m\"helper\"\u001b[39m\n                  \u001b[36m>\u001b[39m\n                    \u001b[0m2025-01-01 - 2025-12-31\u001b[0m\n                  \u001b[36m</p>\u001b[39m\n                \u001b[36m</div>\u001b[39m\n              \u001b[36m</div>\u001b[39m\n              \u001b[36m<section\u001b[39m\n                \u001b[33mclass\u001b[39m=\u001b[32m\"dashboard-bottom-grid\"\u001b[39m\n              \u001b[36m>\u001b[39m\n                \u001b[36m<div\u001b[39m\n                  \u001b[33mclass\u001b[39m=\u001b[32m\"section-header-inline sector-list-header\"\u001b[39m\n                \u001b[36m>\u001b[39m\n     ...\n    at Proxy.waitForWrapper (C:\\projects\\investments\\portfolio\\apps\\desktop\\node_modules\\@testing-library\\dom\\dist\\wait-for.js:163:27)\n    at C:\\projects\\investments\\portfolio\\apps\\desktop\\src\\app\\App.test.tsx:7480:11\n    at file:///C:/projects/investments/portfolio/apps/desktop/node_modules/@vitest/runner/dist/index.js:533:5\n    at runTest (file:///C:/projects/investments/portfolio/apps/desktop/node_modules/@vitest/runner/dist/index.js:1056:11)\n    at runSuite (file:///C:/projects/investments/portfolio/apps/desktop/node_modules/@vitest/runner/dist/index.js:1205:15)\n    at runSuite (file:///C:/projects/investments/portfolio/apps/desktop/node_modules/@vitest/runner/dist/index.js:1205:15)\n    at runFiles (file:///C:/projects/investments/portfolio/apps/desktop/node_modules/@vitest/runner/dist/index.js:1262:5)\n    at startTests (file:///C:/projects/investments/portfolio/apps/desktop/node_modules/@vitest/runner/dist/index.js:1271:3)\n    at file:///C:/projects/investments/portfolio/apps/desktop/node_modules/vitest/dist/chunks/runBaseTests.3qpJUEJM.js:126:11\n    at withEnv (file:///C:/projects/investments/portfolio/apps/desktop/node_modules/vitest/dist/chunks/runBaseTests.3qpJUEJM.js:90:5)"],"meta":{}},{"ancestorTitles":["App"],"fullName":"App uses snapshot-history diagnostics instead of imported replay for a child variant under an imported snapshot","status":"failed","title":"uses snapshot-history diagnostics instead of imported replay for a child variant under an imported snapshot","duration":1043.1751999999979,"failureMessages":["Error: Unable to find an element with the text: Saved Variants. This could be because the text is broken up by multiple elements. In this case, you can provide a function for your text matcher to make your matcher more flexible.\n\nIgnored nodes: comments, script, style\n\u001b[36m<body>\u001b[39m\n  \u001b[36m<span\u001b[39m\n    \u001b[33maria-hidden\u001b[39m=\u001b[32m\"true\"\u001b[39m\n    \u001b[33mid\u001b[39m=\u001b[32m\"recharts_measurement_span\"\u001b[39m\n    \u001b[33mstyle\u001b[39m=\u001b[32m\"position: absolute; top: -20000px; left: 0px; padding: 0px; margin: 0px; white-space: pre;\"\u001b[39m\n  \u001b[36m>\u001b[39m\n    \u001b[0m-8%\u001b[0m\n  \u001b[36m</span>\u001b[39m\n  \u001b[36m<div>\u001b[39m\n    \u001b[36m<main\u001b[39m\n      \u001b[33mclass\u001b[39m=\u001b[32m\"shell\"\u001b[39m\n    \u001b[36m>\u001b[39m\n      \u001b[36m<header\u001b[39m\n        \u001b[33mclass\u001b[39m=\u001b[32m\"topbar\"\u001b[39m\n      \u001b[36m>\u001b[39m\n        \u001b[36m<div>\u001b[39m\n          \u001b[36m<p\u001b[39m\n            \u001b[33mclass\u001b[39m=\u001b[32m\"eyebrow\"\u001b[39m\n          \u001b[36m>\u001b[39m\n            \u001b[0mPortfolio Workstation\u001b[0m\n          \u001b[36m</p>\u001b[39m\n          \u001b[36m<p\u001b[39m\n            \u001b[33mclass\u001b[39m=\u001b[32m\"helper workflow-status-text\"\u001b[39m\n          \u001b[36m>\u001b[39m\n            \u001b[0mPortfolio Loaded\u001b[0m\n          \u001b[36m</p>\u001b[39m\n        \u001b[36m</div>\u001b[39m\n        \u001b[36m<nav\u001b[39m\n          \u001b[33maria-label\u001b[39m=\u001b[32m\"Main workspace tabs\"\u001b[39m\n          \u001b[33mclass\u001b[39m=\u001b[32m\"tab-bar header-tab-bar\"\u001b[39m\n        \u001b[36m>\u001b[39m\n          \u001b[36m<div\u001b[39m\n            \u001b[33mclass\u001b[39m=\u001b[32m\"tab-bar-group tab-bar-group-primary\"\u001b[39m\n          \u001b[36m>\u001b[39m\n            \u001b[36m<button\u001b[39m\n              \u001b[33mclass\u001b[39m=\u001b[32m\"tab-button\"\u001b[39m\n            \u001b[36m>\u001b[39m\n              \u001b[0mDashboard\u001b[0m\n            \u001b[36m</button>\u001b[39m\n            \u001b[36m<button\u001b[39m\n              \u001b[33mclass\u001b[39m=\u001b[32m\"tab-button\"\u001b[39m\n            \u001b[36m>\u001b[39m\n              \u001b[0mExposure\u001b[0m\n            \u001b[36m</button>\u001b[39m\n            \u001b[36m<button\u001b[39m\n              \u001b[33mclass\u001b[39m=\u001b[32m\"tab-button\"\u001b[39m\n            \u001b[36m>\u001b[39m\n              \u001b[0mDiagnostics\u001b[0m\n            \u001b[36m</button>\u001b[39m\n            \u001b[36m<button\u001b[39m\n              \u001b[33maria-current\u001b[39m=\u001b[32m\"page\"\u001b[39m\n              \u001b[33mclass\u001b[39m=\u001b[32m\"tab-button active\"\u001b[39m\n            \u001b[36m>\u001b[39m\n              \u001b[0mWorkspace\u001b[0m\n            \u001b[36m</button>\u001b[39m\n          \u001b[36m</div>\u001b[39m\n          \u001b[36m<div\u001b[39m\n            \u001b[33mclass\u001b[39m=\u001b[32m\"tab-bar-group tab-bar-group-secondary\"\u001b[39m\n          \u001b[36m>\u001b[39m\n            \u001b[36m<button\u001b[39m\n              \u001b[33mclass\u001b[39m=\u001b[32m\"tab-button\"\u001b[39m\n            \u001b[36m>\u001b[39m\n              \u001b[0mBacktest\u001b[0m\n            \u001b[36m</button>\u001b[39m\n            \u001b[36m<button\u001b[39m\n              \u001b[33mclass\u001b[39m=\u001b[32m\"tab-button\"\u001b[39m\n            \u001b[36m>\u001b[39m\n              \u001b[0mStrategy Lab\u001b[0m\n            \u001b[36m</button>\u001b[39m\n            \u001b[36m<button\u001b[39m\n              \u001b[33mclass\u001b[39m=\u001b[32m\"tab-button\"\u001b[39m\n            \u001b[36m>\u001b[39m\n              \u001b[0mETF Ranking\u001b[0m\n            \u001b[36m</button>\u001b[39m\n          \u001b[36m</div>\u001b[39m\n        \u001b[36m</nav>\u001b[39m\n        \u001b[36m<div\u001b[39m\n          \u001b[33mclass\u001b[39m=\u001b[32m\"topbar-meta\"\u001b[39m\n        \u001b[36m>\u001b[39m\n          \u001b[36m<span\u001b[39m\n            \u001b[33mclass\u001b[39m=\u001b[32m\"status-dot\"\u001b[39m\n          \u001b[36m/>\u001b[39m\n          \u001b[36m<span>\u001b[39m\n            \u001b[0mLocal Quant Engine\u001b[0m\n          \u001b[36m</span>\u001b[39m\n        \u001b[36m</div>\u001b[39m\n      \u001b[36m</header>\u001b[39m\n      \u001b[36m<input\u001b[39m\n        \u001b[33maccept\u001b[39m=\u001b[32m\"application/pdf,.pdf\"\u001b[39m\n        \u001b[33mhidden\u001b[39m=\u001b[32m\"\"\u001b[39m\n        \u001b[33mmultiple\u001b[39m=\u001b[32m\"\"\u001b[39m\n        \u001b[33mtype\u001b[39m=\u001b[32m\"file\"\u001b[39m\n      \u001b[36m/>\u001b[39m\n      \u001b[36m<section\u001b[39m\n        \u001b[33mclass\u001b[39m=\u001b[32m\"grid grid-single\"\u001b[39m\n      \u001b[36m>\u001b[39m\n        \u001b[36m<article\u001b[39m\n          \u001b[33mclass\u001b[39m=\u001b[32m\"panel\"\u001b[39m\n        \u001b[36m>\u001b[39m\n          \u001b[36m<section\u001b[39m\n            \u001b[33mclass\u001b[39m=\u001b[32m\"workspace-section\"\u001b[39m\n          \u001b[36m>\u001b[39m\n            \u001b[36m<h2>\u001b[39m\n              \u001b[0mPortfolio Research Workspace\u001b[0m\n            \u001b[36m</h2>\u001b[39m\n            \u001b[36m<section\u001b[39m\n              \u001b[33mclass\u001b[39m=\u001b[32m\"dashboard-bottom-grid\"\u001b[39m\n              \u001b[33mdata-testid\u001b[39m=\u001b[32m\"workspace-section-overview\"\u001b[39m\n            \u001b[36m>\u001b[39m\n              \u001b[36m<div\u001b[39m\n                \u001b[33mclass\u001b[39m=\u001b[32m\"section-header-inline sector-list-header\"\u001b[39m\n              \u001b[36m>\u001b[39m\n                \u001b[36m<div>\u001b[39m\n                  \u001b[36m<p\u001b[39m\n                    \u001b[33mclass\u001b[39m=\u001b[32m\"panel-label\"\u001b[39m\n                  \u001b[36m>\u001b[39m\n                    \u001b[0mOverview\u001b[0m\n                  \u001b[36m</p>\u001b[39m\n                \u001b[36m</div>\u001b[39m\n              \u001b[36m</div>\u001b[39m\n              \u001b[36m<div\u001b[39m\n                \u001b[33mclass\u001b[39m=\u001b[32m\"dashboard-summary compact-summary-grid\"\u001b[39m\n              \u001b[36m>\u001b[39m\n                \u001b[36m<div\u001b[39m\n                  \u001b[33mclass\u001b[39m=\u001b[32m\"summary-card\"\u001b[39m\n                \u001b[36m>\u001b[39m\n                  \u001b[36m<p\u001b[39m\n                    \u001b[33mclass\u001b[39m=\u001b[32m\"stat-label\"\u001b[39m\n                  \u001b[36m>\u001b[39m\n                    \u001b[0mPortfolio Value\u001b[0m\n                  \u001b[36m</p>\u001b[39m\n                  \u001b[36m<p\u001b[39m\n                    \u001b[33mclass\u001b[39m=\u001b[32m\"summary-value\"\u001b[39m\n                  \u001b[36m>\u001b[39m\n                    \u001b[0m$59545.82\u001b[0m\n                  \u001b[36m</p>\u001b[39m\n                \u001b[36m</div>\u001b[39m\n                \u001b[36m<div\u001b[39m\n                  \u001b[33mclass\u001b[39m=\u001b[32m\"summary-card\"\u001b[39m\n                \u001b[36m>\u001b[39m\n                  \u001b[36m<p\u001b[39m\n                    \u001b[33mclass\u001b[39m=\u001b[32m\"stat-label\"\u001b[39m\n                  \u001b[36m>\u001b[39m\n                    \u001b[0mPositions\u001b[0m\n                  \u001b[36m</p>\u001b[39m\n                  \u001b[36m<p\u001b[39m\n                    \u001b[33mclass\u001b[39m=\u001b[32m\"summary-value\"\u001b[39m\n                  \u001b[36m>\u001b[39m\n                    \u001b[0m21\u001b[0m\n                  \u001b[36m</p>\u001b[39m\n                \u001b[36m</div>\u001b[39m\n                \u001b[36m<div\u001b[39m\n                  \u001b[33mclass\u001b[39m=\u001b[32m\"summary-card\"\u001b[39m\n                \u001b[36m>\u001b[39m\n                  \u001b[36m<p\u001b[39m\n                    \u001b[33mclass\u001b[39m=\u001b[32m\"stat-label\"\u001b[39m\n                  \u001b[36m>\u001b[39m\n                    \u001b[0mBenchmark\u001b[0m\n                  \u001b[36m</p>\u001b[39m\n                  \u001b[36m<p\u001b[39m\n                    \u001b[33mclass\u001b[39m=\u001b[32m\"summary-value\"\u001b[39m\n                  \u001b[36m>\u001b[39m\n                    \u001b[0mSPY\u001b[0m\n                  \u001b[36m</p>\u001b[39m\n                \u001b[36m</div>\u001b[39m\n                \u001b[36m<div\u001b[39m\n                  \u001b[33mclass\u001b[39m=\u001b[32m\"summary-card\"\u001b[39m\n                \u001b[36m>\u001b[39m\n                  \u001b[36m<p\u001b[39m\n                    \u001b[33mclass\u001b[39m=\u001b[32m\"stat-label\"\u001b[39m\n                  \u001b[36m>\u001b[39m\n                    \u001b[0mReview Basis\u001b[0m\n                  \u001b[36m</p>\u001b[39m\n                  \u001b[36m<p\u001b[39m\n                    \u001b[33mclass\u001b[39m=\u001b[32m\"summary-value\"\u001b[39m\n                  \u001b[36m>\u001b[39m\n                    \u001b[0minteractive_brokers\u001b[0m\n                  \u001b[36m</p>\u001b[39m\n                  \u001b[36m<p\u001b[39m\n                    \u001b[33mclass\u001b[39m=\u001b[32m\"helper\"\u001b[39m\n                  \u001b[36m>\u001b[39m\n                    \u001b[0mJanuary 1, 2026 - April 24, 2026\u001b[0m\n                  \u001b[36m</p>\u001b[39m\n                \u001b[36m</div>\u001b[39m\n              \u001b[36m</div>\u001b[39m\n              \u001b[36m<section\u001b[39m\n                \u001b[33mclass\u001b[39m=\u001b[32m\"dashboard-bottom-grid\"\u001b[39m\n              \u001b[36m>\u001b[39m\n                \u001b[36m<div\u001b[39m\n                  \u001b[33mclass\u001b[39m=\u001b[32m\"section-header-inline sector-list-header\"\u001b[39m\n                \u001b[36m>\u001b...\n    at Proxy.waitForWrapper (C:\\projects\\investments\\portfolio\\apps\\desktop\\node_modules\\@testing-library\\dom\\dist\\wait-for.js:163:27)\n    at C:\\projects\\investments\\portfolio\\apps\\desktop\\src\\app\\App.test.tsx:7600:11\n    at file:///C:/projects/investments/portfolio/apps/desktop/node_modules/@vitest/runner/dist/index.js:533:5\n    at runTest (file:///C:/projects/investments/portfolio/apps/desktop/node_modules/@vitest/runner/dist/index.js:1056:11)\n    at runSuite (file:///C:/projects/investments/portfolio/apps/desktop/node_modules/@vitest/runner/dist/index.js:1205:15)\n    at runSuite (file:///C:/projects/investments/portfolio/apps/desktop/node_modules/@vitest/runner/dist/index.js:1205:15)\n    at runFiles (file:///C:/projects/investments/portfolio/apps/desktop/node_modules/@vitest/runner/dist/index.js:1262:5)\n    at startTests (file:///C:/projects/investments/portfolio/apps/desktop/node_modules/@vitest/runner/dist/index.js:1271:3)\n    at file:///C:/projects/investments/portfolio/apps/desktop/node_modules/vitest/dist/chunks/runBaseTests.3qpJUEJM.js:126:11\n    at withEnv (file:///C:/projects/investments/portfolio/apps/desktop/node_modules/vitest/dist/chunks/runBaseTests.3qpJUEJM.js:90:5)"],"meta":{}}],"startTime":1777982712962,"endTime":1777982733701.1753,"status":"failed","message":"","name":"C:/projects/investments/portfolio/apps/desktop/src/app/App.test.tsx"}]}